[ 2014-08-14T10:10:01+08:00 ] 127.0.0.1 /visaadmin.php
INFO: [ app_begin ] --START--
INFO: ReadHtmlCache Behavior ::run [ RunTime:0.003875s ]
INFO: [ app_begin ] --END-- [ RunTime:0.024705s ]
SQL: SHOW COLUMNS FROM `visa_question` [ RunTime:0.209441s ]
SQL: SELECT * FROM `visa_question`  [ RunTime:0.086542s ]
INFO: [ view_parse ] --START--
INFO: ParseTemplate Behavior ::run [ RunTime:0.280747s ]
INFO: [ view_parse ] --END-- [ RunTime:0.280944s ]
INFO: [ view_filter ] --START--
INFO: ContentReplace Behavior ::run [ RunTime:0.001062s ]
INFO: TokenBuild Behavior ::run [ RunTime:0.001255s ]
INFO: WriteHtmlCache Behavior ::run [ RunTime:0.000768s ]
INFO: ShowRuntime Behavior ::run [ RunTime:0.001380s ]
INFO: [ view_filter ] --END-- [ RunTime:0.004785s ]
INFO: [ view_end ] --START--
INFO: ShowPageTrace Behavior ::run [ RunTime:0.001319s ]
INFO: [ view_end ] --END-- [ RunTime:0.001468s ]

[ 2014-08-14T10:10:04+08:00 ] 127.0.0.1 /visaadmin.php/Question/read
INFO: [ route_check ] --START--
INFO: CheckRoute Behavior ::run [ RunTime:0.030215s ]
INFO: [ route_check ] --END-- [ RunTime:0.030396s ]
INFO: [ app_begin ] --START--
INFO: ReadHtmlCache Behavior ::run [ RunTime:0.001103s ]
INFO: [ app_begin ] --END-- [ RunTime:0.001223s ]
SQL: SHOW COLUMNS FROM `visa_question` [ RunTime:0.011886s ]
SQL: SELECT * FROM `visa_question` LIMIT 0,20   [ RunTime:0.001862s ]
SQL: SELECT COUNT(*) AS tp_count FROM `visa_question` LIMIT 1   [ RunTime:0.021412s ]

[ 2014-08-14T10:10:51+08:00 ] 127.0.0.1 /visaadmin.php
INFO: [ app_begin ] --START--
INFO: ReadHtmlCache Behavior ::run [ RunTime:0.000776s ]
INFO: [ app_begin ] --END-- [ RunTime:0.000934s ]
SQL: SHOW COLUMNS FROM `visa_question` [ RunTime:0.017595s ]
SQL: SELECT * FROM `visa_question`  [ RunTime:0.010908s ]
INFO: [ view_parse ] --START--
INFO: ParseTemplate Behavior ::run [ RunTime:0.039306s ]
INFO: [ view_parse ] --END-- [ RunTime:0.039486s ]
INFO: [ view_filter ] --START--
INFO: ContentReplace Behavior ::run [ RunTime:0.000811s ]
INFO: TokenBuild Behavior ::run [ RunTime:0.000762s ]
INFO: WriteHtmlCache Behavior ::run [ RunTime:0.000550s ]
INFO: ShowRuntime Behavior ::run [ RunTime:0.000845s ]
INFO: [ view_filter ] --END-- [ RunTime:0.003343s ]
INFO: [ view_end ] --START--
INFO: ShowPageTrace Behavior ::run [ RunTime:0.000943s ]
INFO: [ view_end ] --END-- [ RunTime:0.001172s ]

[ 2014-08-14T10:10:52+08:00 ] 127.0.0.1 /visaadmin.php/Question/read
INFO: [ route_check ] --START--
INFO: CheckRoute Behavior ::run [ RunTime:0.000792s ]
INFO: [ route_check ] --END-- [ RunTime:0.000928s ]
INFO: [ app_begin ] --START--
INFO: ReadHtmlCache Behavior ::run [ RunTime:0.000602s ]
INFO: [ app_begin ] --END-- [ RunTime:0.000695s ]
SQL: SHOW COLUMNS FROM `visa_question` [ RunTime:0.002577s ]
SQL: SELECT * FROM `visa_question` LIMIT 0,20   [ RunTime:0.000624s ]
SQL: SELECT COUNT(*) AS tp_count FROM `visa_question` LIMIT 1   [ RunTime:0.000287s ]

