[ 2014-08-15T09:34:17+08:00 ] 192.168.1.88 /
INFO: [ app_begin ] --START--
INFO: ReadHtmlCache Behavior ::run [ RunTime:0.056365s ]
INFO: [ app_begin ] --END-- [ RunTime:0.056541s ]
SQL: SHOW COLUMNS FROM `visa_question` [ RunTime:0.204083s ]
SQL: SELECT * FROM `visa_question`  [ RunTime:0.036439s ]
INFO: [ view_parse ] --START--
INFO: ParseTemplate Behavior ::run [ RunTime:0.109221s ]
INFO: [ view_parse ] --END-- [ RunTime:0.109398s ]
INFO: [ view_filter ] --START--
INFO: ContentReplace Behavior ::run [ RunTime:0.010145s ]
INFO: TokenBuild Behavior ::run [ RunTime:0.002139s ]
INFO: WriteHtmlCache Behavior ::run [ RunTime:0.001199s ]
INFO: ShowRuntime Behavior ::run [ RunTime:0.001878s ]
INFO: [ view_filter ] --END-- [ RunTime:0.015812s ]
INFO: [ view_end ] --START--
INFO: ShowPageTrace Behavior ::run [ RunTime:0.001490s ]
INFO: [ view_end ] --END-- [ RunTime:0.001621s ]

[ 2014-08-15T09:34:24+08:00 ] 192.168.1.88 /
INFO: [ app_begin ] --START--
INFO: ReadHtmlCache Behavior ::run [ RunTime:0.001431s ]
INFO: [ app_begin ] --END-- [ RunTime:0.001615s ]
SQL: SHOW COLUMNS FROM `visa_question` [ RunTime:0.002650s ]
SQL: SELECT * FROM `visa_question`  [ RunTime:0.002965s ]
INFO: [ view_parse ] --START--
INFO: ParseTemplate Behavior ::run [ RunTime:0.013233s ]
INFO: [ view_parse ] --END-- [ RunTime:0.013467s ]
INFO: [ view_filter ] --START--
INFO: ContentReplace Behavior ::run [ RunTime:0.002124s ]
INFO: TokenBuild Behavior ::run [ RunTime:0.001102s ]
INFO: WriteHtmlCache Behavior ::run [ RunTime:0.001222s ]
INFO: ShowRuntime Behavior ::run [ RunTime:0.001373s ]
INFO: [ view_filter ] --END-- [ RunTime:0.006249s ]
INFO: [ view_end ] --START--
INFO: ShowPageTrace Behavior ::run [ RunTime:0.000983s ]
INFO: [ view_end ] --END-- [ RunTime:0.001101s ]

