[ 2014-08-17T00:39:45+08:00 ] 127.0.0.1 /index.php/Service/ask
INFO: [ route_check ] --START--
INFO: CheckRoute Behavior ::run [ RunTime:0.007857s ]
INFO: [ route_check ] --END-- [ RunTime:0.008158s ]
INFO: [ app_begin ] --START--
INFO: ReadHtmlCache Behavior ::run [ RunTime:0.001188s ]
INFO: [ app_begin ] --END-- [ RunTime:0.001448s ]
INFO: [ view_parse ] --START--
INFO: ParseTemplate Behavior ::run [ RunTime:0.096898s ]
INFO: [ view_parse ] --END-- [ RunTime:0.097197s ]
INFO: [ view_filter ] --START--
INFO: ContentReplace Behavior ::run [ RunTime:0.002384s ]
INFO: TokenBuild Behavior ::run [ RunTime:0.001540s ]
INFO: WriteHtmlCache Behavior ::run [ RunTime:0.000887s ]
INFO: ShowRuntime Behavior ::run [ RunTime:0.002244s ]
INFO: [ view_filter ] --END-- [ RunTime:0.007895s ]
INFO: [ view_end ] --START--
INFO: ShowPageTrace Behavior ::run [ RunTime:0.001954s ]
INFO: [ view_end ] --END-- [ RunTime:0.002281s ]

[ 2014-08-17T01:18:21+08:00 ] 127.0.0.1 /index.php/Service/insert
INFO: [ route_check ] --START--
INFO: CheckRoute Behavior ::run [ RunTime:0.001731s ]
INFO: [ route_check ] --END-- [ RunTime:0.002021s ]
INFO: [ app_begin ] --START--
INFO: ReadHtmlCache Behavior ::run [ RunTime:0.001217s ]
INFO: [ app_begin ] --END-- [ RunTime:0.001490s ]
SQL: SHOW COLUMNS FROM `visa_userinfo` [ RunTime:0.013812s ]
SQL: INSERT INTO `visa_userinfo` (`username`,`enname`,`username2`,`username3`,`gender`,`maritalstatus`,`birthday`,`birthcountry`,`birthprovince`,`birthcity`,`country`,`othercountry1`,`othercountrypassport1`,`othercountry2`,`othercountrypassport2`,`cardno`,`ussafeno`,`taxno`,`homecountry`,`homeprovince`,`homecity`,`homestreet`,`zipcode`,`phone1`,`phone2`,`phone3`,`email`,`passportno`,`passportbookno`,`passporttype`,`portcountry`,`portprovince`,`portcity`,`portstartdate`,`portenddate`,`portlostno1`,`portlostcountry1`,`portlostexplain1`,`portlostno2`,`portlostcountry2`,`portlostexplain2`,`tripintent`,`haveplan`,`arrdate`,`arrcity`,`departdate`,`departcity`,`planarrdate`,`planstopday`,`stoplocation`,`stopstate`,`stopcity`,`stopstreet`,`stopzipcode`,`payingperson`,`otherpersonname`,`otherpersonphone`,`otherpersonemail`,`otherpersonrelations`,`haveotherpersontravl`,`groupname`,`everus`,`everarridate1`,`everdays1`,`everarridate2`,`everdays2`,`everarridate3`,`everdays3`,`everarridate4`,`everdays4`,`everarridate5`,`everdays5`,`haveusdriver`,`driverno`,`driverstate`,`samevisatype`,`lastvisadate`,`visano`,`countryeqcountry`,`tenprinted`,`lostusvisa`,`lostyear`,`lostexplain`,`revokevisa`,`revokeexplain`,`refusedvisa`,`refusedexplain`,`immigration`,`immigrationexpain`,`contactusername`,`contactstate`,`contactcity`,`contactstreet`,`contactzipcode`,`contactphone`,`contactemail`,`fathername`,`fatherbirth`,`fatherinus`,`fatherstatus`,`mothername`,`motherbirth`,`motherinus`,`motherstatus`,`zhixiname1`,`zhixirelation1`,`zhixiname2`,`zhixirelation2`,`zhixiname3`,`zhixirelation3`,`zhixiname4`,`zhixirelation4`,`zhixiname5`,`zhixirelation5`,`nozhixiname1`,`nozhixirelation1`,`nozhixiname2`,`nozhixirelation2`,`nozhixiname3`,`nozhixirelation3`,`nozhixiname4`,`nozhixirelation4`,`nozhixiname5`,`nozhixirelation5`,`spousename`,`spousedate`,`spousecountry`,`spousecity`,`marrystart`,`marryend`,`marrybecause`,`currentwork`,`currentworkname`,`currentcountry`,`currentstate`,`currentcity`,`currentstreet`,`currentzipcode`,`currentphone`,`currentexplain`,`currentincome`,`employname1`,`employcountry1`,`employprovince1`,`employcity1`,`employstreet1`,`employzipcode1`,`employphone1`,`employjobtitle1`,`employsupername1`,`employstartdate1`,`employsenddate1`,`employdesc1`,`employname2`,`employcountry2`,`employprovince2`,`employcity2`,`employstreet2`,`employzipcode2`,`employphone2`,`employjobtitle2`,`employsupername2`,`employstartdate2`,`employsenddate2`,`employdesc2`,`schoolname1`,`schoolprovince1`,`schoolcity1`,`schoolstreet1`,`schoolzipcode1`,`study1`,`schoolstartdate1`,`schoolenddate1`,`schoolname2`,`schoolprovince2`,`schoolcity2`,`schoolstreet2`,`schoolzipcode2`,`study2`,`schoolstartdate2`,`schoolenddate2`,`schoolname3`,`schoolprovince3`,`schoolcity3`,`schoolstreet3`,`schoolzipcode3`,`study3`,`schoolstartdate3`,`schoolenddate3`,`schoolname4`,`schoolprovince4`,`schoolcity4`,`schoolstreet4`,`schoolzipcode4`,`study4`,`schoolstartdate4`,`schoolenddate4`,`tribe`,`language`,`anycountry`,`belongedsocial`,`speciskill`,`military`,`servergroup`,`health`,`arrested`,`partthree1`,`partfour1`,`partfive1`,`partfive2`,`addict`) VALUES ('杨函傧','YANG HANBIN','杨函兵','','1','4','1988-10-03','中国','贵州','锦屏','中国','','','','','522628198808236411','','','中国','贵州','锦屏','国税局宿舍301','556700','18589033620','1451254521','145412563','yangxiaoxiao23@gmail.com','11445412','','1','中国','贵州','锦屏','2014-06-10','2015-08-13','','','','','','','旅游','1','2014-09-10','洛杉矶','2014-09-20','洛杉矶','','','','','','','','0','','','','','','','0','','','','','','','','','','','0','','','','','','','0','0','','','0','','0','','0','','','','','','','','','','','0','0','','','0','0','','','','','','','','','','','','','','','','','','','','','','','','','','','','1','','','','','','','','','','','','','','','','','','','','','','','','','','','','','','','','','','','','','','','','','','','','','','','','','','','','','','','','','','','','','','','','','','0','','','0','0','0','0','0','0','0','0','0','0','0') [ RunTime:0.010430s ]
INFO: [ view_parse ] --START--
INFO: ParseTemplate Behavior ::run [ RunTime:0.015059s ]
INFO: [ view_parse ] --END-- [ RunTime:0.015377s ]
INFO: [ view_filter ] --START--
INFO: ContentReplace Behavior ::run [ RunTime:0.001077s ]
INFO: TokenBuild Behavior ::run [ RunTime:0.001058s ]
INFO: WriteHtmlCache Behavior ::run [ RunTime:0.000754s ]
INFO: ShowRuntime Behavior ::run [ RunTime:0.001231s ]
INFO: [ view_filter ] --END-- [ RunTime:0.004839s ]
INFO: [ view_end ] --START--
INFO: ShowPageTrace Behavior ::run [ RunTime:0.001871s ]
INFO: [ view_end ] --END-- [ RunTime:0.002165s ]

[ 2014-08-17T01:18:22+08:00 ] 127.0.0.1 /index.php/Service/ask
INFO: [ route_check ] --START--
INFO: CheckRoute Behavior ::run [ RunTime:0.001336s ]
INFO: [ route_check ] --END-- [ RunTime:0.001629s ]
INFO: [ app_begin ] --START--
INFO: ReadHtmlCache Behavior ::run [ RunTime:0.001106s ]
INFO: [ app_begin ] --END-- [ RunTime:0.001355s ]
INFO: [ view_parse ] --START--
INFO: ParseTemplate Behavior ::run [ RunTime:0.071817s ]
INFO: [ view_parse ] --END-- [ RunTime:0.072112s ]
INFO: [ view_filter ] --START--
INFO: ContentReplace Behavior ::run [ RunTime:0.002753s ]
INFO: TokenBuild Behavior ::run [ RunTime:0.001351s ]
INFO: WriteHtmlCache Behavior ::run [ RunTime:0.000757s ]
INFO: ShowRuntime Behavior ::run [ RunTime:0.001801s ]
INFO: [ view_filter ] --END-- [ RunTime:0.007520s ]
INFO: [ view_end ] --START--
INFO: ShowPageTrace Behavior ::run [ RunTime:0.001190s ]
INFO: [ view_end ] --END-- [ RunTime:0.001470s ]

[ 2014-08-17T20:09:24+08:00 ] 127.0.0.1 /index.php/Service/ask
INFO: [ route_check ] --START--
INFO: CheckRoute Behavior ::run [ RunTime:0.001844s ]
INFO: [ route_check ] --END-- [ RunTime:0.002173s ]
INFO: [ app_begin ] --START--
INFO: ReadHtmlCache Behavior ::run [ RunTime:0.001376s ]
INFO: [ app_begin ] --END-- [ RunTime:0.001655s ]
INFO: [ view_parse ] --START--
INFO: ParseTemplate Behavior ::run [ RunTime:0.108698s ]
INFO: [ view_parse ] --END-- [ RunTime:0.109050s ]
INFO: [ view_filter ] --START--
INFO: ContentReplace Behavior ::run [ RunTime:0.002450s ]
INFO: TokenBuild Behavior ::run [ RunTime:0.002111s ]
INFO: WriteHtmlCache Behavior ::run [ RunTime:0.000951s ]
INFO: ShowRuntime Behavior ::run [ RunTime:0.002410s ]
INFO: [ view_filter ] --END-- [ RunTime:0.008836s ]
INFO: [ view_end ] --START--
INFO: ShowPageTrace Behavior ::run [ RunTime:0.001408s ]
INFO: [ view_end ] --END-- [ RunTime:0.001671s ]

[ 2014-08-17T20:23:27+08:00 ] 127.0.0.1 /index.php/Service/ask
INFO: [ route_check ] --START--
INFO: CheckRoute Behavior ::run [ RunTime:0.001732s ]
INFO: [ route_check ] --END-- [ RunTime:0.002207s ]
INFO: [ app_begin ] --START--
INFO: ReadHtmlCache Behavior ::run [ RunTime:0.001200s ]
INFO: [ app_begin ] --END-- [ RunTime:0.001467s ]
INFO: [ view_parse ] --START--
INFO: ParseTemplate Behavior ::run [ RunTime:0.068850s ]
INFO: [ view_parse ] --END-- [ RunTime:0.069159s ]
INFO: [ view_filter ] --START--
INFO: ContentReplace Behavior ::run [ RunTime:0.005670s ]
INFO: TokenBuild Behavior ::run [ RunTime:0.004769s ]
INFO: WriteHtmlCache Behavior ::run [ RunTime:0.001550s ]
INFO: ShowRuntime Behavior ::run [ RunTime:0.002218s ]
INFO: [ view_filter ] --END-- [ RunTime:0.015156s ]
INFO: [ view_end ] --START--
INFO: ShowPageTrace Behavior ::run [ RunTime:0.001375s ]
INFO: [ view_end ] --END-- [ RunTime:0.001629s ]

[ 2014-08-17T20:48:18+08:00 ] 127.0.0.1 /index.php/Service/ask
INFO: [ route_check ] --START--
INFO: CheckRoute Behavior ::run [ RunTime:0.001848s ]
INFO: [ route_check ] --END-- [ RunTime:0.002127s ]
INFO: [ app_begin ] --START--
INFO: ReadHtmlCache Behavior ::run [ RunTime:0.001146s ]
INFO: [ app_begin ] --END-- [ RunTime:0.001403s ]
INFO: [ view_parse ] --START--
INFO: ParseTemplate Behavior ::run [ RunTime:0.073464s ]
INFO: [ view_parse ] --END-- [ RunTime:0.073767s ]
INFO: [ view_filter ] --START--
INFO: ContentReplace Behavior ::run [ RunTime:0.003246s ]
INFO: TokenBuild Behavior ::run [ RunTime:0.001859s ]
INFO: WriteHtmlCache Behavior ::run [ RunTime:0.000928s ]
INFO: ShowRuntime Behavior ::run [ RunTime:0.001669s ]
INFO: [ view_filter ] --END-- [ RunTime:0.008513s ]
INFO: [ view_end ] --START--
INFO: ShowPageTrace Behavior ::run [ RunTime:0.001432s ]
INFO: [ view_end ] --END-- [ RunTime:0.001689s ]

[ 2014-08-17T21:14:46+08:00 ] 127.0.0.1 /index.php/Service/ask
INFO: [ route_check ] --START--
INFO: CheckRoute Behavior ::run [ RunTime:0.001759s ]
INFO: [ route_check ] --END-- [ RunTime:0.002053s ]
INFO: [ app_begin ] --START--
INFO: ReadHtmlCache Behavior ::run [ RunTime:0.001213s ]
INFO: [ app_begin ] --END-- [ RunTime:0.001478s ]
INFO: [ view_parse ] --START--
INFO: ParseTemplate Behavior ::run [ RunTime:0.059774s ]
INFO: [ view_parse ] --END-- [ RunTime:0.060078s ]
INFO: [ view_filter ] --START--
INFO: ContentReplace Behavior ::run [ RunTime:0.002448s ]
INFO: TokenBuild Behavior ::run [ RunTime:0.001726s ]
INFO: WriteHtmlCache Behavior ::run [ RunTime:0.000947s ]
INFO: ShowRuntime Behavior ::run [ RunTime:0.002785s ]
INFO: [ view_filter ] --END-- [ RunTime:0.008879s ]
INFO: [ view_end ] --START--
INFO: ShowPageTrace Behavior ::run [ RunTime:0.001803s ]
INFO: [ view_end ] --END-- [ RunTime:0.002071s ]

