[ 2014-08-09T00:00:37+08:00 ] 127.0.0.1 /index.php/Service/ask
INFO: [ route_check ] --START--
INFO: CheckRoute Behavior ::run [ RunTime:0.001696s ]
INFO: [ route_check ] --END-- [ RunTime:0.001972s ]
INFO: [ app_begin ] --START--
INFO: ReadHtmlCache Behavior ::run [ RunTime:0.001255s ]
INFO: [ app_begin ] --END-- [ RunTime:0.001568s ]
INFO: [ view_parse ] --START--
INFO: ParseTemplate Behavior ::run [ RunTime:0.033578s ]
INFO: [ view_parse ] --END-- [ RunTime:0.033862s ]
INFO: [ view_filter ] --START--
INFO: ContentReplace Behavior ::run [ RunTime:0.001396s ]
INFO: TokenBuild Behavior ::run [ RunTime:0.001277s ]
INFO: WriteHtmlCache Behavior ::run [ RunTime:0.000828s ]
INFO: ShowRuntime Behavior ::run [ RunTime:0.001354s ]
INFO: [ view_filter ] --END-- [ RunTime:0.005559s ]
INFO: [ view_end ] --START--
INFO: ShowPageTrace Behavior ::run [ RunTime:0.001507s ]
INFO: [ view_end ] --END-- [ RunTime:0.001753s ]

[ 2014-08-09T00:01:30+08:00 ] 127.0.0.1 /index.php/Service/ask
INFO: [ route_check ] --START--
INFO: CheckRoute Behavior ::run [ RunTime:0.001903s ]
INFO: [ route_check ] --END-- [ RunTime:0.002177s ]
INFO: [ app_begin ] --START--
INFO: ReadHtmlCache Behavior ::run [ RunTime:0.001135s ]
INFO: [ app_begin ] --END-- [ RunTime:0.001421s ]
INFO: [ view_parse ] --START--
INFO: ParseTemplate Behavior ::run [ RunTime:0.032611s ]
INFO: [ view_parse ] --END-- [ RunTime:0.032889s ]
INFO: [ view_filter ] --START--
INFO: ContentReplace Behavior ::run [ RunTime:0.001274s ]
INFO: TokenBuild Behavior ::run [ RunTime:0.001207s ]
INFO: WriteHtmlCache Behavior ::run [ RunTime:0.000845s ]
INFO: ShowRuntime Behavior ::run [ RunTime:0.001350s ]
INFO: [ view_filter ] --END-- [ RunTime:0.005413s ]
INFO: [ view_end ] --START--
INFO: ShowPageTrace Behavior ::run [ RunTime:0.001353s ]
INFO: [ view_end ] --END-- [ RunTime:0.001590s ]

[ 2014-08-09T00:05:39+08:00 ] 127.0.0.1 /index.php/Service/ask
INFO: [ route_check ] --START--
INFO: CheckRoute Behavior ::run [ RunTime:0.003210s ]
INFO: [ route_check ] --END-- [ RunTime:0.003512s ]
INFO: [ app_begin ] --START--
INFO: ReadHtmlCache Behavior ::run [ RunTime:0.001525s ]
INFO: [ app_begin ] --END-- [ RunTime:0.001882s ]
INFO: [ view_parse ] --START--
INFO: ParseTemplate Behavior ::run [ RunTime:0.035056s ]
INFO: [ view_parse ] --END-- [ RunTime:0.035338s ]
INFO: [ view_filter ] --START--
INFO: ContentReplace Behavior ::run [ RunTime:0.001343s ]
INFO: TokenBuild Behavior ::run [ RunTime:0.001227s ]
INFO: WriteHtmlCache Behavior ::run [ RunTime:0.000821s ]
INFO: ShowRuntime Behavior ::run [ RunTime:0.001510s ]
INFO: [ view_filter ] --END-- [ RunTime:0.005780s ]
INFO: [ view_end ] --START--
INFO: ShowPageTrace Behavior ::run [ RunTime:0.001485s ]
INFO: [ view_end ] --END-- [ RunTime:0.001833s ]

[ 2014-08-09T00:06:00+08:00 ] 127.0.0.1 /index.php/Service/ask
INFO: [ route_check ] --START--
INFO: CheckRoute Behavior ::run [ RunTime:0.001672s ]
INFO: [ route_check ] --END-- [ RunTime:0.001998s ]
INFO: [ app_begin ] --START--
INFO: ReadHtmlCache Behavior ::run [ RunTime:0.001685s ]
INFO: [ app_begin ] --END-- [ RunTime:0.001972s ]
INFO: [ view_parse ] --START--
INFO: ParseTemplate Behavior ::run [ RunTime:0.042098s ]
INFO: [ view_parse ] --END-- [ RunTime:0.042382s ]
INFO: [ view_filter ] --START--
INFO: ContentReplace Behavior ::run [ RunTime:0.001772s ]
INFO: TokenBuild Behavior ::run [ RunTime:0.001768s ]
INFO: WriteHtmlCache Behavior ::run [ RunTime:0.000862s ]
INFO: ShowRuntime Behavior ::run [ RunTime:0.001536s ]
INFO: [ view_filter ] --END-- [ RunTime:0.006741s ]
INFO: [ view_end ] --START--
INFO: ShowPageTrace Behavior ::run [ RunTime:0.001698s ]
INFO: [ view_end ] --END-- [ RunTime:0.001947s ]

[ 2014-08-09T00:06:21+08:00 ] 127.0.0.1 /index.php/Service/ask
INFO: [ route_check ] --START--
INFO: CheckRoute Behavior ::run [ RunTime:0.001449s ]
INFO: [ route_check ] --END-- [ RunTime:0.001723s ]
INFO: [ app_begin ] --START--
INFO: ReadHtmlCache Behavior ::run [ RunTime:0.001299s ]
INFO: [ app_begin ] --END-- [ RunTime:0.001687s ]
INFO: [ view_parse ] --START--
INFO: ParseTemplate Behavior ::run [ RunTime:0.035807s ]
INFO: [ view_parse ] --END-- [ RunTime:0.036093s ]
INFO: [ view_filter ] --START--
INFO: ContentReplace Behavior ::run [ RunTime:0.001169s ]
INFO: TokenBuild Behavior ::run [ RunTime:0.002223s ]
INFO: WriteHtmlCache Behavior ::run [ RunTime:0.001006s ]
INFO: ShowRuntime Behavior ::run [ RunTime:0.004226s ]
INFO: [ view_filter ] --END-- [ RunTime:0.009957s ]
INFO: [ view_end ] --START--
INFO: ShowPageTrace Behavior ::run [ RunTime:0.001332s ]
INFO: [ view_end ] --END-- [ RunTime:0.001627s ]

[ 2014-08-09T00:08:16+08:00 ] 127.0.0.1 /index.php/Service/ask
INFO: [ route_check ] --START--
INFO: CheckRoute Behavior ::run [ RunTime:0.001755s ]
INFO: [ route_check ] --END-- [ RunTime:0.002292s ]
INFO: [ app_begin ] --START--
INFO: ReadHtmlCache Behavior ::run [ RunTime:0.001480s ]
INFO: [ app_begin ] --END-- [ RunTime:0.001961s ]
INFO: [ view_parse ] --START--
INFO: ParseTemplate Behavior ::run [ RunTime:0.042028s ]
INFO: [ view_parse ] --END-- [ RunTime:0.042326s ]
INFO: [ view_filter ] --START--
INFO: ContentReplace Behavior ::run [ RunTime:0.002648s ]
INFO: TokenBuild Behavior ::run [ RunTime:0.001298s ]
INFO: WriteHtmlCache Behavior ::run [ RunTime:0.004433s ]
INFO: ShowRuntime Behavior ::run [ RunTime:0.001521s ]
INFO: [ view_filter ] --END-- [ RunTime:0.010636s ]
INFO: [ view_end ] --START--
INFO: ShowPageTrace Behavior ::run [ RunTime:0.001732s ]
INFO: [ view_end ] --END-- [ RunTime:0.001987s ]

[ 2014-08-09T00:09:04+08:00 ] 127.0.0.1 /index.php/Service/ask
INFO: [ route_check ] --START--
INFO: CheckRoute Behavior ::run [ RunTime:0.002268s ]
INFO: [ route_check ] --END-- [ RunTime:0.002585s ]
INFO: [ app_begin ] --START--
INFO: ReadHtmlCache Behavior ::run [ RunTime:0.001339s ]
INFO: [ app_begin ] --END-- [ RunTime:0.001626s ]
INFO: [ view_parse ] --START--
INFO: ParseTemplate Behavior ::run [ RunTime:0.038820s ]
INFO: [ view_parse ] --END-- [ RunTime:0.039128s ]
INFO: [ view_filter ] --START--
INFO: ContentReplace Behavior ::run [ RunTime:0.001429s ]
INFO: TokenBuild Behavior ::run [ RunTime:0.001183s ]
INFO: WriteHtmlCache Behavior ::run [ RunTime:0.000846s ]
INFO: ShowRuntime Behavior ::run [ RunTime:0.001386s ]
INFO: [ view_filter ] --END-- [ RunTime:0.005575s ]
INFO: [ view_end ] --START--
INFO: ShowPageTrace Behavior ::run [ RunTime:0.001489s ]
INFO: [ view_end ] --END-- [ RunTime:0.001729s ]

[ 2014-08-09T00:10:27+08:00 ] 127.0.0.1 /index.php/Service/ask
INFO: [ route_check ] --START--
INFO: CheckRoute Behavior ::run [ RunTime:0.002307s ]
INFO: [ route_check ] --END-- [ RunTime:0.002637s ]
INFO: [ app_begin ] --START--
INFO: ReadHtmlCache Behavior ::run [ RunTime:0.001254s ]
INFO: [ app_begin ] --END-- [ RunTime:0.001505s ]
INFO: [ view_parse ] --START--
INFO: ParseTemplate Behavior ::run [ RunTime:0.030145s ]
INFO: [ view_parse ] --END-- [ RunTime:0.030479s ]
INFO: [ view_filter ] --START--
INFO: ContentReplace Behavior ::run [ RunTime:0.001368s ]
INFO: TokenBuild Behavior ::run [ RunTime:0.001147s ]
INFO: WriteHtmlCache Behavior ::run [ RunTime:0.000875s ]
INFO: ShowRuntime Behavior ::run [ RunTime:0.001415s ]
INFO: [ view_filter ] --END-- [ RunTime:0.005634s ]
INFO: [ view_end ] --START--
INFO: ShowPageTrace Behavior ::run [ RunTime:0.002319s ]
INFO: [ view_end ] --END-- [ RunTime:0.002686s ]

[ 2014-08-09T00:12:57+08:00 ] 127.0.0.1 /index.php/Service/ask
INFO: [ route_check ] --START--
INFO: CheckRoute Behavior ::run [ RunTime:0.002019s ]
INFO: [ route_check ] --END-- [ RunTime:0.002317s ]
INFO: [ app_begin ] --START--
INFO: ReadHtmlCache Behavior ::run [ RunTime:0.001238s ]
INFO: [ app_begin ] --END-- [ RunTime:0.001510s ]
INFO: [ view_parse ] --START--
INFO: ParseTemplate Behavior ::run [ RunTime:0.037725s ]
INFO: [ view_parse ] --END-- [ RunTime:0.043013s ]
INFO: [ view_filter ] --START--
INFO: ContentReplace Behavior ::run [ RunTime:0.002660s ]
INFO: TokenBuild Behavior ::run [ RunTime:0.001348s ]
INFO: WriteHtmlCache Behavior ::run [ RunTime:0.001079s ]
INFO: ShowRuntime Behavior ::run [ RunTime:0.001871s ]
INFO: [ view_filter ] --END-- [ RunTime:0.008057s ]
INFO: [ view_end ] --START--
INFO: ShowPageTrace Behavior ::run [ RunTime:0.001669s ]
INFO: [ view_end ] --END-- [ RunTime:0.001921s ]

[ 2014-08-09T00:22:02+08:00 ] 127.0.0.1 /index.php/Service/ask
INFO: [ route_check ] --START--
INFO: CheckRoute Behavior ::run [ RunTime:0.001910s ]
INFO: [ route_check ] --END-- [ RunTime:0.002192s ]
INFO: [ app_begin ] --START--
INFO: ReadHtmlCache Behavior ::run [ RunTime:0.001304s ]
INFO: [ app_begin ] --END-- [ RunTime:0.001563s ]
INFO: [ view_parse ] --START--
INFO: ParseTemplate Behavior ::run [ RunTime:0.034252s ]
INFO: [ view_parse ] --END-- [ RunTime:0.034541s ]
INFO: [ view_filter ] --START--
INFO: ContentReplace Behavior ::run [ RunTime:0.001396s ]
INFO: TokenBuild Behavior ::run [ RunTime:0.001206s ]
INFO: WriteHtmlCache Behavior ::run [ RunTime:0.000854s ]
INFO: ShowRuntime Behavior ::run [ RunTime:0.001429s ]
INFO: [ view_filter ] --END-- [ RunTime:0.005723s ]
INFO: [ view_end ] --START--
INFO: ShowPageTrace Behavior ::run [ RunTime:0.001407s ]
INFO: [ view_end ] --END-- [ RunTime:0.001720s ]

[ 2014-08-09T00:25:20+08:00 ] 127.0.0.1 /index.php/Service/ask
INFO: [ route_check ] --START--
INFO: CheckRoute Behavior ::run [ RunTime:0.001700s ]
INFO: [ route_check ] --END-- [ RunTime:0.001986s ]
INFO: [ app_begin ] --START--
INFO: ReadHtmlCache Behavior ::run [ RunTime:0.001466s ]
INFO: [ app_begin ] --END-- [ RunTime:0.001723s ]
INFO: [ view_parse ] --START--
INFO: ParseTemplate Behavior ::run [ RunTime:0.032448s ]
INFO: [ view_parse ] --END-- [ RunTime:0.032740s ]
INFO: [ view_filter ] --START--
INFO: ContentReplace Behavior ::run [ RunTime:0.001383s ]
INFO: TokenBuild Behavior ::run [ RunTime:0.002760s ]
INFO: WriteHtmlCache Behavior ::run [ RunTime:0.001601s ]
INFO: ShowRuntime Behavior ::run [ RunTime:0.001987s ]
INFO: [ view_filter ] --END-- [ RunTime:0.008514s ]
INFO: [ view_end ] --START--
INFO: ShowPageTrace Behavior ::run [ RunTime:0.004140s ]
INFO: [ view_end ] --END-- [ RunTime:0.004403s ]

[ 2014-08-09T00:25:34+08:00 ] 127.0.0.1 /index.php/Service/ask
INFO: [ route_check ] --START--
INFO: CheckRoute Behavior ::run [ RunTime:0.001902s ]
INFO: [ route_check ] --END-- [ RunTime:0.002175s ]
INFO: [ app_begin ] --START--
INFO: ReadHtmlCache Behavior ::run [ RunTime:0.001229s ]
INFO: [ app_begin ] --END-- [ RunTime:0.001507s ]
INFO: [ view_parse ] --START--
INFO: ParseTemplate Behavior ::run [ RunTime:0.036949s ]
INFO: [ view_parse ] --END-- [ RunTime:0.037332s ]
INFO: [ view_filter ] --START--
INFO: ContentReplace Behavior ::run [ RunTime:0.001689s ]
INFO: TokenBuild Behavior ::run [ RunTime:0.001457s ]
INFO: WriteHtmlCache Behavior ::run [ RunTime:0.000785s ]
INFO: ShowRuntime Behavior ::run [ RunTime:0.001330s ]
INFO: [ view_filter ] --END-- [ RunTime:0.005984s ]
INFO: [ view_end ] --START--
INFO: ShowPageTrace Behavior ::run [ RunTime:0.001652s ]
INFO: [ view_end ] --END-- [ RunTime:0.002315s ]

[ 2014-08-09T00:26:04+08:00 ] 127.0.0.1 /index.php/Service/ask
INFO: [ route_check ] --START--
INFO: CheckRoute Behavior ::run [ RunTime:0.001421s ]
INFO: [ route_check ] --END-- [ RunTime:0.001693s ]
INFO: [ app_begin ] --START--
INFO: ReadHtmlCache Behavior ::run [ RunTime:0.001104s ]
INFO: [ app_begin ] --END-- [ RunTime:0.001446s ]
INFO: [ view_parse ] --START--
INFO: ParseTemplate Behavior ::run [ RunTime:0.032505s ]
INFO: [ view_parse ] --END-- [ RunTime:0.032926s ]
INFO: [ view_filter ] --START--
INFO: ContentReplace Behavior ::run [ RunTime:0.002445s ]
INFO: TokenBuild Behavior ::run [ RunTime:0.001034s ]
INFO: WriteHtmlCache Behavior ::run [ RunTime:0.000651s ]
INFO: ShowRuntime Behavior ::run [ RunTime:0.001505s ]
INFO: [ view_filter ] --END-- [ RunTime:0.006347s ]
INFO: [ view_end ] --START--
INFO: ShowPageTrace Behavior ::run [ RunTime:0.001203s ]
INFO: [ view_end ] --END-- [ RunTime:0.001448s ]

[ 2014-08-09T00:26:24+08:00 ] 127.0.0.1 /index.php/Service/ask
INFO: [ route_check ] --START--
INFO: CheckRoute Behavior ::run [ RunTime:0.002286s ]
INFO: [ route_check ] --END-- [ RunTime:0.002566s ]
INFO: [ app_begin ] --START--
INFO: ReadHtmlCache Behavior ::run [ RunTime:0.001610s ]
INFO: [ app_begin ] --END-- [ RunTime:0.001894s ]
INFO: [ view_parse ] --START--
INFO: ParseTemplate Behavior ::run [ RunTime:0.049019s ]
INFO: [ view_parse ] --END-- [ RunTime:0.051942s ]
INFO: [ view_filter ] --START--
INFO: ContentReplace Behavior ::run [ RunTime:0.001842s ]
INFO: TokenBuild Behavior ::run [ RunTime:0.001582s ]
INFO: WriteHtmlCache Behavior ::run [ RunTime:0.001026s ]
INFO: ShowRuntime Behavior ::run [ RunTime:0.001558s ]
INFO: [ view_filter ] --END-- [ RunTime:0.007235s ]
INFO: [ view_end ] --START--
INFO: ShowPageTrace Behavior ::run [ RunTime:0.001489s ]
INFO: [ view_end ] --END-- [ RunTime:0.001787s ]

[ 2014-08-09T00:26:54+08:00 ] 127.0.0.1 /index.php/Service/ask
INFO: [ route_check ] --START--
INFO: CheckRoute Behavior ::run [ RunTime:0.002008s ]
INFO: [ route_check ] --END-- [ RunTime:0.002349s ]
INFO: [ app_begin ] --START--
INFO: ReadHtmlCache Behavior ::run [ RunTime:0.001368s ]
INFO: [ app_begin ] --END-- [ RunTime:0.002017s ]
INFO: [ view_parse ] --START--
INFO: ParseTemplate Behavior ::run [ RunTime:0.039414s ]
INFO: [ view_parse ] --END-- [ RunTime:0.039709s ]
INFO: [ view_filter ] --START--
INFO: ContentReplace Behavior ::run [ RunTime:0.003730s ]
INFO: TokenBuild Behavior ::run [ RunTime:0.002130s ]
INFO: WriteHtmlCache Behavior ::run [ RunTime:0.001484s ]
INFO: ShowRuntime Behavior ::run [ RunTime:0.001638s ]
INFO: [ view_filter ] --END-- [ RunTime:0.010009s ]
INFO: [ view_end ] --START--
INFO: ShowPageTrace Behavior ::run [ RunTime:0.002034s ]
INFO: [ view_end ] --END-- [ RunTime:0.002281s ]

[ 2014-08-09T00:29:35+08:00 ] 127.0.0.1 /index.php/Service/ask
INFO: [ route_check ] --START--
INFO: CheckRoute Behavior ::run [ RunTime:0.001715s ]
INFO: [ route_check ] --END-- [ RunTime:0.001986s ]
INFO: [ app_begin ] --START--
INFO: ReadHtmlCache Behavior ::run [ RunTime:0.001492s ]
INFO: [ app_begin ] --END-- [ RunTime:0.001800s ]
INFO: [ view_parse ] --START--
INFO: ParseTemplate Behavior ::run [ RunTime:0.036644s ]
INFO: [ view_parse ] --END-- [ RunTime:0.036940s ]
INFO: [ view_filter ] --START--
INFO: ContentReplace Behavior ::run [ RunTime:0.002500s ]
INFO: TokenBuild Behavior ::run [ RunTime:0.001938s ]
INFO: WriteHtmlCache Behavior ::run [ RunTime:0.001087s ]
INFO: ShowRuntime Behavior ::run [ RunTime:0.001407s ]
INFO: [ view_filter ] --END-- [ RunTime:0.007944s ]
INFO: [ view_end ] --START--
INFO: ShowPageTrace Behavior ::run [ RunTime:0.001474s ]
INFO: [ view_end ] --END-- [ RunTime:0.001764s ]

[ 2014-08-09T00:33:01+08:00 ] 127.0.0.1 /index.php/Service/ask
INFO: [ route_check ] --START--
INFO: CheckRoute Behavior ::run [ RunTime:0.001677s ]
INFO: [ route_check ] --END-- [ RunTime:0.001950s ]
INFO: [ app_begin ] --START--
INFO: ReadHtmlCache Behavior ::run [ RunTime:0.001240s ]
INFO: [ app_begin ] --END-- [ RunTime:0.001504s ]
INFO: [ view_parse ] --START--
INFO: ParseTemplate Behavior ::run [ RunTime:0.084594s ]
INFO: [ view_parse ] --END-- [ RunTime:0.084921s ]
INFO: [ view_filter ] --START--
INFO: ContentReplace Behavior ::run [ RunTime:0.002819s ]
INFO: TokenBuild Behavior ::run [ RunTime:0.001548s ]
INFO: WriteHtmlCache Behavior ::run [ RunTime:0.001541s ]
INFO: ShowRuntime Behavior ::run [ RunTime:0.005850s ]
INFO: [ view_filter ] --END-- [ RunTime:0.014808s ]
INFO: [ view_end ] --START--
INFO: ShowPageTrace Behavior ::run [ RunTime:0.004575s ]
INFO: [ view_end ] --END-- [ RunTime:0.004825s ]

[ 2014-08-09T00:34:00+08:00 ] 127.0.0.1 /index.php/Service/ask
INFO: [ route_check ] --START--
INFO: CheckRoute Behavior ::run [ RunTime:0.001785s ]
INFO: [ route_check ] --END-- [ RunTime:0.002063s ]
INFO: [ app_begin ] --START--
INFO: ReadHtmlCache Behavior ::run [ RunTime:0.001475s ]
INFO: [ app_begin ] --END-- [ RunTime:0.001733s ]
INFO: [ view_parse ] --START--
INFO: ParseTemplate Behavior ::run [ RunTime:0.034445s ]
INFO: [ view_parse ] --END-- [ RunTime:0.034794s ]
INFO: [ view_filter ] --START--
INFO: ContentReplace Behavior ::run [ RunTime:0.002234s ]
INFO: TokenBuild Behavior ::run [ RunTime:0.001267s ]
INFO: WriteHtmlCache Behavior ::run [ RunTime:0.000886s ]
INFO: ShowRuntime Behavior ::run [ RunTime:0.001512s ]
INFO: [ view_filter ] --END-- [ RunTime:0.006725s ]
INFO: [ view_end ] --START--
INFO: ShowPageTrace Behavior ::run [ RunTime:0.001378s ]
INFO: [ view_end ] --END-- [ RunTime:0.001711s ]

[ 2014-08-09T00:34:08+08:00 ] 127.0.0.1 /index.php/Service/ask
INFO: [ route_check ] --START--
INFO: CheckRoute Behavior ::run [ RunTime:0.001747s ]
INFO: [ route_check ] --END-- [ RunTime:0.002106s ]
INFO: [ app_begin ] --START--
INFO: ReadHtmlCache Behavior ::run [ RunTime:0.001244s ]
INFO: [ app_begin ] --END-- [ RunTime:0.001508s ]
INFO: [ view_parse ] --START--
INFO: ParseTemplate Behavior ::run [ RunTime:0.039035s ]
INFO: [ view_parse ] --END-- [ RunTime:0.039325s ]
INFO: [ view_filter ] --START--
INFO: ContentReplace Behavior ::run [ RunTime:0.002165s ]
INFO: TokenBuild Behavior ::run [ RunTime:0.003024s ]
INFO: WriteHtmlCache Behavior ::run [ RunTime:0.001099s ]
INFO: ShowRuntime Behavior ::run [ RunTime:0.001432s ]
INFO: [ view_filter ] --END-- [ RunTime:0.008832s ]
INFO: [ view_end ] --START--
INFO: ShowPageTrace Behavior ::run [ RunTime:0.001750s ]
INFO: [ view_end ] --END-- [ RunTime:0.002028s ]

[ 2014-08-09T00:40:04+08:00 ] 127.0.0.1 /index.php/Service/ask
INFO: [ route_check ] --START--
INFO: CheckRoute Behavior ::run [ RunTime:0.001940s ]
INFO: [ route_check ] --END-- [ RunTime:0.002219s ]
INFO: [ app_begin ] --START--
INFO: ReadHtmlCache Behavior ::run [ RunTime:0.001547s ]
INFO: [ app_begin ] --END-- [ RunTime:0.001814s ]
INFO: [ view_parse ] --START--
INFO: ParseTemplate Behavior ::run [ RunTime:0.039168s ]
INFO: [ view_parse ] --END-- [ RunTime:0.039505s ]
INFO: [ view_filter ] --START--
INFO: ContentReplace Behavior ::run [ RunTime:0.001483s ]
INFO: TokenBuild Behavior ::run [ RunTime:0.001267s ]
INFO: WriteHtmlCache Behavior ::run [ RunTime:0.000838s ]
INFO: ShowRuntime Behavior ::run [ RunTime:0.001874s ]
INFO: [ view_filter ] --END-- [ RunTime:0.006316s ]
INFO: [ view_end ] --START--
INFO: ShowPageTrace Behavior ::run [ RunTime:0.002498s ]
INFO: [ view_end ] --END-- [ RunTime:0.002753s ]

[ 2014-08-09T00:40:47+08:00 ] 127.0.0.1 /index.php/Service/ask
INFO: [ route_check ] --START--
INFO: CheckRoute Behavior ::run [ RunTime:0.002141s ]
INFO: [ route_check ] --END-- [ RunTime:0.002541s ]
INFO: [ app_begin ] --START--
INFO: ReadHtmlCache Behavior ::run [ RunTime:0.001276s ]
INFO: [ app_begin ] --END-- [ RunTime:0.001736s ]
INFO: [ view_parse ] --START--
INFO: ParseTemplate Behavior ::run [ RunTime:0.037221s ]
INFO: [ view_parse ] --END-- [ RunTime:0.037516s ]
INFO: [ view_filter ] --START--
INFO: ContentReplace Behavior ::run [ RunTime:0.001726s ]
INFO: TokenBuild Behavior ::run [ RunTime:0.001580s ]
INFO: WriteHtmlCache Behavior ::run [ RunTime:0.001075s ]
INFO: ShowRuntime Behavior ::run [ RunTime:0.002896s ]
INFO: [ view_filter ] --END-- [ RunTime:0.008045s ]
INFO: [ view_end ] --START--
INFO: ShowPageTrace Behavior ::run [ RunTime:0.001716s ]
INFO: [ view_end ] --END-- [ RunTime:0.001966s ]

[ 2014-08-09T00:43:08+08:00 ] 127.0.0.1 /index.php/Service/ask
INFO: [ route_check ] --START--
INFO: CheckRoute Behavior ::run [ RunTime:0.001687s ]
INFO: [ route_check ] --END-- [ RunTime:0.001966s ]
INFO: [ app_begin ] --START--
INFO: ReadHtmlCache Behavior ::run [ RunTime:0.001327s ]
INFO: [ app_begin ] --END-- [ RunTime:0.001664s ]
INFO: [ view_parse ] --START--
INFO: ParseTemplate Behavior ::run [ RunTime:0.036305s ]
INFO: [ view_parse ] --END-- [ RunTime:0.036687s ]
INFO: [ view_filter ] --START--
INFO: ContentReplace Behavior ::run [ RunTime:0.018401s ]
INFO: TokenBuild Behavior ::run [ RunTime:0.001506s ]
INFO: WriteHtmlCache Behavior ::run [ RunTime:0.000813s ]
INFO: ShowRuntime Behavior ::run [ RunTime:0.001417s ]
INFO: [ view_filter ] --END-- [ RunTime:0.023688s ]
INFO: [ view_end ] --START--
INFO: ShowPageTrace Behavior ::run [ RunTime:0.001385s ]
INFO: [ view_end ] --END-- [ RunTime:0.001992s ]

[ 2014-08-09T02:04:04+08:00 ] 127.0.0.1 /index.php/Service/ask
INFO: [ route_check ] --START--
INFO: CheckRoute Behavior ::run [ RunTime:0.001832s ]
INFO: [ route_check ] --END-- [ RunTime:0.002161s ]
INFO: [ app_begin ] --START--
INFO: ReadHtmlCache Behavior ::run [ RunTime:0.001241s ]
INFO: [ app_begin ] --END-- [ RunTime:0.001498s ]
INFO: [ view_parse ] --START--
INFO: ParseTemplate Behavior ::run [ RunTime:0.042802s ]
INFO: [ view_parse ] --END-- [ RunTime:0.043256s ]
INFO: [ view_filter ] --START--
INFO: ContentReplace Behavior ::run [ RunTime:0.001432s ]
INFO: TokenBuild Behavior ::run [ RunTime:0.001462s ]
INFO: WriteHtmlCache Behavior ::run [ RunTime:0.000921s ]
INFO: ShowRuntime Behavior ::run [ RunTime:0.001469s ]
INFO: [ view_filter ] --END-- [ RunTime:0.006060s ]
INFO: [ view_end ] --START--
INFO: ShowPageTrace Behavior ::run [ RunTime:0.001391s ]
INFO: [ view_end ] --END-- [ RunTime:0.001668s ]

