[ 2014-08-21T12:12:54+08:00 ] 127.0.0.1 /index.php/Service/ask
INFO: [ route_check ] --START--
INFO: CheckRoute Behavior ::run [ RunTime:0.002679s ]
INFO: [ route_check ] --END-- [ RunTime:0.002901s ]
INFO: [ app_begin ] --START--
INFO: ReadHtmlCache Behavior ::run [ RunTime:0.001446s ]
INFO: [ app_begin ] --END-- [ RunTime:0.001653s ]
INFO: [ view_parse ] --START--
INFO: ParseTemplate Behavior ::run [ RunTime:0.067131s ]
INFO: [ view_parse ] --END-- [ RunTime:0.067277s ]
INFO: [ view_filter ] --START--
INFO: ContentReplace Behavior ::run [ RunTime:0.001212s ]
INFO: TokenBuild Behavior ::run [ RunTime:0.000833s ]
INFO: WriteHtmlCache Behavior ::run [ RunTime:0.000548s ]
INFO: ShowRuntime Behavior ::run [ RunTime:0.001021s ]
INFO: [ view_filter ] --END-- [ RunTime:0.003987s ]
INFO: [ view_end ] --START--
INFO: ShowPageTrace Behavior ::run [ RunTime:0.001000s ]
INFO: [ view_end ] --END-- [ RunTime:0.001115s ]

[ 2014-08-21T12:15:54+08:00 ] 127.0.0.1 /index.php/Service/ask
INFO: [ route_check ] --START--
INFO: CheckRoute Behavior ::run [ RunTime:0.001722s ]
INFO: [ route_check ] --END-- [ RunTime:0.001907s ]
INFO: [ app_begin ] --START--
INFO: ReadHtmlCache Behavior ::run [ RunTime:0.001088s ]
INFO: [ app_begin ] --END-- [ RunTime:0.001241s ]
INFO: [ view_parse ] --START--
INFO: ParseTemplate Behavior ::run [ RunTime:0.044780s ]
INFO: [ view_parse ] --END-- [ RunTime:0.044952s ]
INFO: [ view_filter ] --START--
INFO: ContentReplace Behavior ::run [ RunTime:0.001303s ]
INFO: TokenBuild Behavior ::run [ RunTime:0.000783s ]
INFO: WriteHtmlCache Behavior ::run [ RunTime:0.000534s ]
INFO: ShowRuntime Behavior ::run [ RunTime:0.000903s ]
INFO: [ view_filter ] --END-- [ RunTime:0.003853s ]
INFO: [ view_end ] --START--
INFO: ShowPageTrace Behavior ::run [ RunTime:0.000842s ]
INFO: [ view_end ] --END-- [ RunTime:0.000956s ]

[ 2014-08-21T12:16:30+08:00 ] 127.0.0.1 /index.php/Service/ask
INFO: [ route_check ] --START--
INFO: CheckRoute Behavior ::run [ RunTime:0.001313s ]
INFO: [ route_check ] --END-- [ RunTime:0.001451s ]
INFO: [ app_begin ] --START--
INFO: ReadHtmlCache Behavior ::run [ RunTime:0.001010s ]
INFO: [ app_begin ] --END-- [ RunTime:0.001127s ]
INFO: [ view_parse ] --START--
INFO: ParseTemplate Behavior ::run [ RunTime:0.032694s ]
INFO: [ view_parse ] --END-- [ RunTime:0.032838s ]
INFO: [ view_filter ] --START--
INFO: ContentReplace Behavior ::run [ RunTime:0.001474s ]
INFO: TokenBuild Behavior ::run [ RunTime:0.000947s ]
INFO: WriteHtmlCache Behavior ::run [ RunTime:0.000634s ]
INFO: ShowRuntime Behavior ::run [ RunTime:0.001346s ]
INFO: [ view_filter ] --END-- [ RunTime:0.004842s ]
INFO: [ view_end ] --START--
INFO: ShowPageTrace Behavior ::run [ RunTime:0.001332s ]
INFO: [ view_end ] --END-- [ RunTime:0.001500s ]

[ 2014-08-21T12:17:15+08:00 ] 127.0.0.1 /index.php/Service/ask
INFO: [ route_check ] --START--
INFO: CheckRoute Behavior ::run [ RunTime:0.002396s ]
INFO: [ route_check ] --END-- [ RunTime:0.002594s ]
INFO: [ app_begin ] --START--
INFO: ReadHtmlCache Behavior ::run [ RunTime:0.001188s ]
INFO: [ app_begin ] --END-- [ RunTime:0.001332s ]
INFO: [ view_parse ] --START--
INFO: ParseTemplate Behavior ::run [ RunTime:0.032763s ]
INFO: [ view_parse ] --END-- [ RunTime:0.032918s ]
INFO: [ view_filter ] --START--
INFO: ContentReplace Behavior ::run [ RunTime:0.001413s ]
INFO: TokenBuild Behavior ::run [ RunTime:0.001042s ]
INFO: WriteHtmlCache Behavior ::run [ RunTime:0.000558s ]
INFO: ShowRuntime Behavior ::run [ RunTime:0.001023s ]
INFO: [ view_filter ] --END-- [ RunTime:0.004386s ]
INFO: [ view_end ] --START--
INFO: ShowPageTrace Behavior ::run [ RunTime:0.000881s ]
INFO: [ view_end ] --END-- [ RunTime:0.000994s ]

[ 2014-08-21T12:17:47+08:00 ] 127.0.0.1 /index.php/Service/ask
INFO: [ route_check ] --START--
INFO: CheckRoute Behavior ::run [ RunTime:0.001583s ]
INFO: [ route_check ] --END-- [ RunTime:0.001833s ]
INFO: [ app_begin ] --START--
INFO: ReadHtmlCache Behavior ::run [ RunTime:0.016661s ]
INFO: [ app_begin ] --END-- [ RunTime:0.016799s ]
INFO: [ view_parse ] --START--
INFO: ParseTemplate Behavior ::run [ RunTime:0.050439s ]
INFO: [ view_parse ] --END-- [ RunTime:0.050585s ]
INFO: [ view_filter ] --START--
INFO: ContentReplace Behavior ::run [ RunTime:0.001240s ]
INFO: TokenBuild Behavior ::run [ RunTime:0.000832s ]
INFO: WriteHtmlCache Behavior ::run [ RunTime:0.000600s ]
INFO: ShowRuntime Behavior ::run [ RunTime:0.006946s ]
INFO: [ view_filter ] --END-- [ RunTime:0.009959s ]
INFO: [ view_end ] --START--
INFO: ShowPageTrace Behavior ::run [ RunTime:0.001075s ]
INFO: [ view_end ] --END-- [ RunTime:0.001331s ]

[ 2014-08-21T15:10:57+08:00 ] 127.0.0.1 /
INFO: [ app_begin ] --START--
INFO: ReadHtmlCache Behavior ::run [ RunTime:0.031145s ]
INFO: [ app_begin ] --END-- [ RunTime:0.053530s ]
SQL: SHOW COLUMNS FROM `visa_question` [ RunTime:0.295432s ]
SQL: SELECT * FROM `visa_question`  [ RunTime:0.132821s ]
INFO: [ view_parse ] --START--
INFO: ParseTemplate Behavior ::run [ RunTime:0.214839s ]
INFO: [ view_parse ] --END-- [ RunTime:0.215043s ]
INFO: [ view_filter ] --START--
INFO: ContentReplace Behavior ::run [ RunTime:0.009335s ]
INFO: TokenBuild Behavior ::run [ RunTime:0.001370s ]
INFO: WriteHtmlCache Behavior ::run [ RunTime:0.000963s ]
INFO: ShowRuntime Behavior ::run [ RunTime:0.001369s ]
INFO: [ view_filter ] --END-- [ RunTime:0.013409s ]
INFO: [ view_end ] --START--
INFO: ShowPageTrace Behavior ::run [ RunTime:0.001504s ]
INFO: [ view_end ] --END-- [ RunTime:0.001643s ]

[ 2014-08-21T17:28:21+08:00 ] 127.0.0.1 /
INFO: [ app_begin ] --START--
INFO: ReadHtmlCache Behavior ::run [ RunTime:0.001675s ]
INFO: [ app_begin ] --END-- [ RunTime:0.001885s ]
SQL: SHOW COLUMNS FROM `visa_question` [ RunTime:0.047253s ]
SQL: SELECT * FROM `visa_question`  [ RunTime:0.002336s ]
INFO: [ view_parse ] --START--
INFO: ParseTemplate Behavior ::run [ RunTime:0.038502s ]
INFO: [ view_parse ] --END-- [ RunTime:0.038727s ]
INFO: [ view_filter ] --START--
INFO: ContentReplace Behavior ::run [ RunTime:0.000830s ]
INFO: TokenBuild Behavior ::run [ RunTime:0.000729s ]
INFO: WriteHtmlCache Behavior ::run [ RunTime:0.000818s ]
INFO: ShowRuntime Behavior ::run [ RunTime:0.000925s ]
INFO: [ view_filter ] --END-- [ RunTime:0.003718s ]
INFO: [ view_end ] --START--
INFO: ShowPageTrace Behavior ::run [ RunTime:0.000885s ]
INFO: [ view_end ] --END-- [ RunTime:0.001000s ]

[ 2014-08-21T17:30:37+08:00 ] 127.0.0.1 /
INFO: [ app_begin ] --START--
INFO: ReadHtmlCache Behavior ::run [ RunTime:0.010820s ]
INFO: [ app_begin ] --END-- [ RunTime:0.010972s ]
SQL: SHOW COLUMNS FROM `visa_question` [ RunTime:0.042929s ]
SQL: SELECT * FROM `visa_question`  [ RunTime:0.001740s ]
INFO: [ view_parse ] --START--
INFO: ParseTemplate Behavior ::run [ RunTime:0.013184s ]
INFO: [ view_parse ] --END-- [ RunTime:0.013380s ]
INFO: [ view_filter ] --START--
INFO: ContentReplace Behavior ::run [ RunTime:0.012318s ]
INFO: TokenBuild Behavior ::run [ RunTime:0.000706s ]
INFO: WriteHtmlCache Behavior ::run [ RunTime:0.000540s ]
INFO: ShowRuntime Behavior ::run [ RunTime:0.001042s ]
INFO: [ view_filter ] --END-- [ RunTime:0.015024s ]
INFO: [ view_end ] --START--
INFO: ShowPageTrace Behavior ::run [ RunTime:0.001033s ]
INFO: [ view_end ] --END-- [ RunTime:0.001162s ]

[ 2014-08-21T17:31:27+08:00 ] 127.0.0.1 /
INFO: [ app_begin ] --START--
INFO: ReadHtmlCache Behavior ::run [ RunTime:0.000676s ]
INFO: [ app_begin ] --END-- [ RunTime:0.000819s ]
SQL: SHOW COLUMNS FROM `visa_question` [ RunTime:0.387659s ]
SQL: SELECT * FROM `visa_question`  [ RunTime:0.001513s ]
INFO: [ view_parse ] --START--
INFO: ParseTemplate Behavior ::run [ RunTime:0.011099s ]
INFO: [ view_parse ] --END-- [ RunTime:0.011256s ]
INFO: [ view_filter ] --START--
INFO: ContentReplace Behavior ::run [ RunTime:0.000545s ]
INFO: TokenBuild Behavior ::run [ RunTime:0.000596s ]
INFO: WriteHtmlCache Behavior ::run [ RunTime:0.000381s ]
INFO: ShowRuntime Behavior ::run [ RunTime:0.000643s ]
INFO: [ view_filter ] --END-- [ RunTime:0.002491s ]
INFO: [ view_end ] --START--
INFO: ShowPageTrace Behavior ::run [ RunTime:0.000684s ]
INFO: [ view_end ] --END-- [ RunTime:0.000801s ]

[ 2014-08-21T17:31:47+08:00 ] 127.0.0.1 /
INFO: [ app_begin ] --START--
INFO: ReadHtmlCache Behavior ::run [ RunTime:0.001143s ]
INFO: [ app_begin ] --END-- [ RunTime:0.001288s ]
SQL: SHOW COLUMNS FROM `visa_question` [ RunTime:0.002507s ]
SQL: SELECT * FROM `visa_question`  [ RunTime:0.001773s ]
INFO: [ view_parse ] --START--
INFO: ParseTemplate Behavior ::run [ RunTime:0.025259s ]
INFO: [ view_parse ] --END-- [ RunTime:0.025418s ]
INFO: [ view_filter ] --START--
INFO: ContentReplace Behavior ::run [ RunTime:0.000853s ]
INFO: TokenBuild Behavior ::run [ RunTime:0.000909s ]
INFO: WriteHtmlCache Behavior ::run [ RunTime:0.000561s ]
INFO: ShowRuntime Behavior ::run [ RunTime:0.000924s ]
INFO: [ view_filter ] --END-- [ RunTime:0.003647s ]
INFO: [ view_end ] --START--
INFO: ShowPageTrace Behavior ::run [ RunTime:0.000955s ]
INFO: [ view_end ] --END-- [ RunTime:0.001075s ]

[ 2014-08-21T17:32:10+08:00 ] 127.0.0.1 /
INFO: [ app_begin ] --START--
INFO: ReadHtmlCache Behavior ::run [ RunTime:0.013314s ]
INFO: [ app_begin ] --END-- [ RunTime:0.013547s ]
SQL: SHOW COLUMNS FROM `visa_question` [ RunTime:0.002538s ]
SQL: SELECT * FROM `visa_question`  [ RunTime:0.001339s ]
INFO: [ view_parse ] --START--
INFO: ParseTemplate Behavior ::run [ RunTime:0.022312s ]
INFO: [ view_parse ] --END-- [ RunTime:0.022481s ]
INFO: [ view_filter ] --START--
INFO: ContentReplace Behavior ::run [ RunTime:0.000798s ]
INFO: TokenBuild Behavior ::run [ RunTime:0.000720s ]
INFO: WriteHtmlCache Behavior ::run [ RunTime:0.000557s ]
INFO: ShowRuntime Behavior ::run [ RunTime:0.001810s ]
INFO: [ view_filter ] --END-- [ RunTime:0.004230s ]
INFO: [ view_end ] --START--
INFO: ShowPageTrace Behavior ::run [ RunTime:0.000940s ]
INFO: [ view_end ] --END-- [ RunTime:0.001055s ]

[ 2014-08-21T17:32:42+08:00 ] 127.0.0.1 /
INFO: [ app_begin ] --START--
INFO: ReadHtmlCache Behavior ::run [ RunTime:0.001438s ]
INFO: [ app_begin ] --END-- [ RunTime:0.001588s ]
SQL: SHOW COLUMNS FROM `visa_question` [ RunTime:0.002483s ]
SQL: SELECT * FROM `visa_question`  [ RunTime:0.001768s ]
INFO: [ view_parse ] --START--
INFO: ParseTemplate Behavior ::run [ RunTime:0.012588s ]
INFO: [ view_parse ] --END-- [ RunTime:0.012746s ]
INFO: [ view_filter ] --START--
INFO: ContentReplace Behavior ::run [ RunTime:0.000766s ]
INFO: TokenBuild Behavior ::run [ RunTime:0.000715s ]
INFO: WriteHtmlCache Behavior ::run [ RunTime:0.000536s ]
INFO: ShowRuntime Behavior ::run [ RunTime:0.000791s ]
INFO: [ view_filter ] --END-- [ RunTime:0.003135s ]
INFO: [ view_end ] --START--
INFO: ShowPageTrace Behavior ::run [ RunTime:0.000844s ]
INFO: [ view_end ] --END-- [ RunTime:0.000962s ]

