[ 2014-08-11T00:45:38+08:00 ] 127.0.0.1 /index.php/Service/ask
INFO: [ route_check ] --START--
INFO: CheckRoute Behavior ::run [ RunTime:0.009915s ]
INFO: [ route_check ] --END-- [ RunTime:0.010380s ]
INFO: [ app_begin ] --START--
INFO: ReadHtmlCache Behavior ::run [ RunTime:0.003678s ]
INFO: [ app_begin ] --END-- [ RunTime:0.003981s ]
INFO: [ view_parse ] --START--
INFO: ParseTemplate Behavior ::run [ RunTime:0.219020s ]
INFO: [ view_parse ] --END-- [ RunTime:0.219353s ]
INFO: [ view_filter ] --START--
INFO: ContentReplace Behavior ::run [ RunTime:0.003254s ]
INFO: TokenBuild Behavior ::run [ RunTime:0.003641s ]
INFO: WriteHtmlCache Behavior ::run [ RunTime:0.008935s ]
INFO: ShowRuntime Behavior ::run [ RunTime:0.005160s ]
INFO: [ view_filter ] --END-- [ RunTime:0.021714s ]
INFO: [ view_end ] --START--
INFO: ShowPageTrace Behavior ::run [ RunTime:0.006541s ]
INFO: [ view_end ] --END-- [ RunTime:0.006796s ]

[ 2014-08-11T09:24:54+08:00 ] 127.0.0.1 /index.php/Service/ask
INFO: [ route_check ] --START--
INFO: CheckRoute Behavior ::run [ RunTime:0.012169s ]
INFO: [ route_check ] --END-- [ RunTime:0.012361s ]
INFO: [ app_begin ] --START--
INFO: ReadHtmlCache Behavior ::run [ RunTime:0.000935s ]
INFO: [ app_begin ] --END-- [ RunTime:0.001063s ]
INFO: [ view_parse ] --START--
INFO: ParseTemplate Behavior ::run [ RunTime:0.046449s ]
INFO: [ view_parse ] --END-- [ RunTime:0.046600s ]
INFO: [ view_filter ] --START--
INFO: ContentReplace Behavior ::run [ RunTime:0.000933s ]
INFO: TokenBuild Behavior ::run [ RunTime:0.001044s ]
INFO: WriteHtmlCache Behavior ::run [ RunTime:0.000643s ]
INFO: ShowRuntime Behavior ::run [ RunTime:0.003914s ]
INFO: [ view_filter ] --END-- [ RunTime:0.006873s ]
INFO: [ view_end ] --START--
INFO: ShowPageTrace Behavior ::run [ RunTime:0.001856s ]
INFO: [ view_end ] --END-- [ RunTime:0.001998s ]

[ 2014-08-11T09:33:06+08:00 ] 127.0.0.1 /index.php/Service/ask
INFO: [ route_check ] --START--
INFO: CheckRoute Behavior ::run [ RunTime:0.001286s ]
INFO: [ route_check ] --END-- [ RunTime:0.001422s ]
INFO: [ app_begin ] --START--
INFO: ReadHtmlCache Behavior ::run [ RunTime:0.000856s ]
INFO: [ app_begin ] --END-- [ RunTime:0.000975s ]
INFO: [ view_parse ] --START--
INFO: ParseTemplate Behavior ::run [ RunTime:0.020205s ]
INFO: [ view_parse ] --END-- [ RunTime:0.020341s ]
INFO: [ view_filter ] --START--
INFO: ContentReplace Behavior ::run [ RunTime:0.000931s ]
INFO: TokenBuild Behavior ::run [ RunTime:0.001439s ]
INFO: WriteHtmlCache Behavior ::run [ RunTime:0.000682s ]
INFO: ShowRuntime Behavior ::run [ RunTime:0.000863s ]
INFO: [ view_filter ] --END-- [ RunTime:0.004249s ]
INFO: [ view_end ] --START--
INFO: ShowPageTrace Behavior ::run [ RunTime:0.001351s ]
INFO: [ view_end ] --END-- [ RunTime:0.001464s ]

[ 2014-08-11T09:34:02+08:00 ] 127.0.0.1 /index.php/Service/ask
INFO: [ route_check ] --START--
INFO: CheckRoute Behavior ::run [ RunTime:0.001340s ]
INFO: [ route_check ] --END-- [ RunTime:0.001478s ]
INFO: [ app_begin ] --START--
INFO: ReadHtmlCache Behavior ::run [ RunTime:0.000956s ]
INFO: [ app_begin ] --END-- [ RunTime:0.001081s ]
INFO: [ view_parse ] --START--
INFO: ParseTemplate Behavior ::run [ RunTime:0.019834s ]
INFO: [ view_parse ] --END-- [ RunTime:0.020061s ]
INFO: [ view_filter ] --START--
INFO: ContentReplace Behavior ::run [ RunTime:0.000893s ]
INFO: TokenBuild Behavior ::run [ RunTime:0.000774s ]
INFO: WriteHtmlCache Behavior ::run [ RunTime:0.000721s ]
INFO: ShowRuntime Behavior ::run [ RunTime:0.000931s ]
INFO: [ view_filter ] --END-- [ RunTime:0.003664s ]
INFO: [ view_end ] --START--
INFO: ShowPageTrace Behavior ::run [ RunTime:0.000946s ]
INFO: [ view_end ] --END-- [ RunTime:0.001060s ]

[ 2014-08-11T09:34:09+08:00 ] 127.0.0.1 /index.php/Service/ask
INFO: [ route_check ] --START--
INFO: CheckRoute Behavior ::run [ RunTime:0.001455s ]
INFO: [ route_check ] --END-- [ RunTime:0.001614s ]
INFO: [ app_begin ] --START--
INFO: ReadHtmlCache Behavior ::run [ RunTime:0.000847s ]
INFO: [ app_begin ] --END-- [ RunTime:0.000962s ]
INFO: [ view_parse ] --START--
INFO: ParseTemplate Behavior ::run [ RunTime:0.021575s ]
INFO: [ view_parse ] --END-- [ RunTime:0.021715s ]
INFO: [ view_filter ] --START--
INFO: ContentReplace Behavior ::run [ RunTime:0.000975s ]
INFO: TokenBuild Behavior ::run [ RunTime:0.001411s ]
INFO: WriteHtmlCache Behavior ::run [ RunTime:0.000644s ]
INFO: ShowRuntime Behavior ::run [ RunTime:0.000811s ]
INFO: [ view_filter ] --END-- [ RunTime:0.004164s ]
INFO: [ view_end ] --START--
INFO: ShowPageTrace Behavior ::run [ RunTime:0.000926s ]
INFO: [ view_end ] --END-- [ RunTime:0.001033s ]

[ 2014-08-11T09:34:33+08:00 ] 127.0.0.1 /index.php/Service/ask
INFO: [ route_check ] --START--
INFO: CheckRoute Behavior ::run [ RunTime:0.004558s ]
INFO: [ route_check ] --END-- [ RunTime:0.004709s ]
INFO: [ app_begin ] --START--
INFO: ReadHtmlCache Behavior ::run [ RunTime:0.001351s ]
INFO: [ app_begin ] --END-- [ RunTime:0.003855s ]
INFO: [ view_parse ] --START--
INFO: ParseTemplate Behavior ::run [ RunTime:0.034725s ]
INFO: [ view_parse ] --END-- [ RunTime:0.034876s ]
INFO: [ view_filter ] --START--
INFO: ContentReplace Behavior ::run [ RunTime:0.001362s ]
INFO: TokenBuild Behavior ::run [ RunTime:0.000554s ]
INFO: WriteHtmlCache Behavior ::run [ RunTime:0.001971s ]
INFO: ShowRuntime Behavior ::run [ RunTime:0.000882s ]
INFO: [ view_filter ] --END-- [ RunTime:0.006536s ]
INFO: [ view_end ] --START--
INFO: ShowPageTrace Behavior ::run [ RunTime:0.001187s ]
INFO: [ view_end ] --END-- [ RunTime:0.001309s ]

[ 2014-08-11T09:35:25+08:00 ] 127.0.0.1 /index.php/Service/ask
INFO: [ route_check ] --START--
INFO: CheckRoute Behavior ::run [ RunTime:0.000911s ]
INFO: [ route_check ] --END-- [ RunTime:0.001050s ]
INFO: [ app_begin ] --START--
INFO: ReadHtmlCache Behavior ::run [ RunTime:0.000653s ]
INFO: [ app_begin ] --END-- [ RunTime:0.000765s ]
INFO: [ view_parse ] --START--
INFO: ParseTemplate Behavior ::run [ RunTime:0.016941s ]
INFO: [ view_parse ] --END-- [ RunTime:0.017084s ]
INFO: [ view_filter ] --START--
INFO: ContentReplace Behavior ::run [ RunTime:0.000745s ]
INFO: TokenBuild Behavior ::run [ RunTime:0.000563s ]
INFO: WriteHtmlCache Behavior ::run [ RunTime:0.000370s ]
INFO: ShowRuntime Behavior ::run [ RunTime:0.000813s ]
INFO: [ view_filter ] --END-- [ RunTime:0.002819s ]
INFO: [ view_end ] --START--
INFO: ShowPageTrace Behavior ::run [ RunTime:0.000905s ]
INFO: [ view_end ] --END-- [ RunTime:0.001049s ]

[ 2014-08-11T09:37:15+08:00 ] 127.0.0.1 /index.php/Service/ask
INFO: [ route_check ] --START--
INFO: CheckRoute Behavior ::run [ RunTime:0.001361s ]
INFO: [ route_check ] --END-- [ RunTime:0.001496s ]
INFO: [ app_begin ] --START--
INFO: ReadHtmlCache Behavior ::run [ RunTime:0.000816s ]
INFO: [ app_begin ] --END-- [ RunTime:0.000929s ]
INFO: [ view_parse ] --START--
INFO: ParseTemplate Behavior ::run [ RunTime:0.020315s ]
INFO: [ view_parse ] --END-- [ RunTime:0.020450s ]
INFO: [ view_filter ] --START--
INFO: ContentReplace Behavior ::run [ RunTime:0.001004s ]
INFO: TokenBuild Behavior ::run [ RunTime:0.000830s ]
INFO: WriteHtmlCache Behavior ::run [ RunTime:0.000599s ]
INFO: ShowRuntime Behavior ::run [ RunTime:0.000811s ]
INFO: [ view_filter ] --END-- [ RunTime:0.004191s ]
INFO: [ view_end ] --START--
INFO: ShowPageTrace Behavior ::run [ RunTime:0.000929s ]
INFO: [ view_end ] --END-- [ RunTime:0.001056s ]

[ 2014-08-11T09:38:33+08:00 ] 127.0.0.1 /index.php/Service/ask
INFO: [ route_check ] --START--
INFO: CheckRoute Behavior ::run [ RunTime:0.001607s ]
INFO: [ route_check ] --END-- [ RunTime:0.001748s ]
INFO: [ app_begin ] --START--
INFO: ReadHtmlCache Behavior ::run [ RunTime:0.000889s ]
INFO: [ app_begin ] --END-- [ RunTime:0.001004s ]
INFO: [ view_parse ] --START--
INFO: ParseTemplate Behavior ::run [ RunTime:0.018861s ]
INFO: [ view_parse ] --END-- [ RunTime:0.018994s ]
INFO: [ view_filter ] --START--
INFO: ContentReplace Behavior ::run [ RunTime:0.000842s ]
INFO: TokenBuild Behavior ::run [ RunTime:0.000759s ]
INFO: WriteHtmlCache Behavior ::run [ RunTime:0.000567s ]
INFO: ShowRuntime Behavior ::run [ RunTime:0.000810s ]
INFO: [ view_filter ] --END-- [ RunTime:0.003278s ]
INFO: [ view_end ] --START--
INFO: ShowPageTrace Behavior ::run [ RunTime:0.000844s ]
INFO: [ view_end ] --END-- [ RunTime:0.000950s ]

[ 2014-08-11T09:39:06+08:00 ] 127.0.0.1 /index.php/Service/ask
INFO: [ route_check ] --START--
INFO: CheckRoute Behavior ::run [ RunTime:0.001657s ]
INFO: [ route_check ] --END-- [ RunTime:0.001861s ]
INFO: [ app_begin ] --START--
INFO: ReadHtmlCache Behavior ::run [ RunTime:0.000708s ]
INFO: [ app_begin ] --END-- [ RunTime:0.000823s ]
INFO: [ view_parse ] --START--
INFO: ParseTemplate Behavior ::run [ RunTime:0.017384s ]
INFO: [ view_parse ] --END-- [ RunTime:0.017542s ]
INFO: [ view_filter ] --START--
INFO: ContentReplace Behavior ::run [ RunTime:0.001047s ]
INFO: TokenBuild Behavior ::run [ RunTime:0.000597s ]
INFO: WriteHtmlCache Behavior ::run [ RunTime:0.000357s ]
INFO: ShowRuntime Behavior ::run [ RunTime:0.000614s ]
INFO: [ view_filter ] --END-- [ RunTime:0.002931s ]
INFO: [ view_end ] --START--
INFO: ShowPageTrace Behavior ::run [ RunTime:0.000787s ]
INFO: [ view_end ] --END-- [ RunTime:0.000902s ]

[ 2014-08-11T09:39:30+08:00 ] 127.0.0.1 /index.php/Service/ask
INFO: [ route_check ] --START--
INFO: CheckRoute Behavior ::run [ RunTime:0.001279s ]
INFO: [ route_check ] --END-- [ RunTime:0.001409s ]
INFO: [ app_begin ] --START--
INFO: ReadHtmlCache Behavior ::run [ RunTime:0.001028s ]
INFO: [ app_begin ] --END-- [ RunTime:0.001148s ]
INFO: [ view_parse ] --START--
INFO: ParseTemplate Behavior ::run [ RunTime:0.054668s ]
INFO: [ view_parse ] --END-- [ RunTime:0.054811s ]
INFO: [ view_filter ] --START--
INFO: ContentReplace Behavior ::run [ RunTime:0.000903s ]
INFO: TokenBuild Behavior ::run [ RunTime:0.000747s ]
INFO: WriteHtmlCache Behavior ::run [ RunTime:0.000711s ]
INFO: ShowRuntime Behavior ::run [ RunTime:0.000853s ]
INFO: [ view_filter ] --END-- [ RunTime:0.003515s ]
INFO: [ view_end ] --START--
INFO: ShowPageTrace Behavior ::run [ RunTime:0.000855s ]
INFO: [ view_end ] --END-- [ RunTime:0.000962s ]

[ 2014-08-11T09:40:28+08:00 ] 127.0.0.1 /index.php/Service/ask
INFO: [ route_check ] --START--
INFO: CheckRoute Behavior ::run [ RunTime:0.001358s ]
INFO: [ route_check ] --END-- [ RunTime:0.001711s ]
INFO: [ app_begin ] --START--
INFO: ReadHtmlCache Behavior ::run [ RunTime:0.001000s ]
INFO: [ app_begin ] --END-- [ RunTime:0.001122s ]
INFO: [ view_parse ] --START--
INFO: ParseTemplate Behavior ::run [ RunTime:0.020410s ]
INFO: [ view_parse ] --END-- [ RunTime:0.020560s ]
INFO: [ view_filter ] --START--
INFO: ContentReplace Behavior ::run [ RunTime:0.000999s ]
INFO: TokenBuild Behavior ::run [ RunTime:0.000755s ]
INFO: WriteHtmlCache Behavior ::run [ RunTime:0.000567s ]
INFO: ShowRuntime Behavior ::run [ RunTime:0.000972s ]
INFO: [ view_filter ] --END-- [ RunTime:0.003606s ]
INFO: [ view_end ] --START--
INFO: ShowPageTrace Behavior ::run [ RunTime:0.000910s ]
INFO: [ view_end ] --END-- [ RunTime:0.001021s ]

[ 2014-08-11T09:43:13+08:00 ] 127.0.0.1 /index.php/Service/ask
INFO: [ route_check ] --START--
INFO: CheckRoute Behavior ::run [ RunTime:0.001279s ]
INFO: [ route_check ] --END-- [ RunTime:0.001414s ]
INFO: [ app_begin ] --START--
INFO: ReadHtmlCache Behavior ::run [ RunTime:0.000806s ]
INFO: [ app_begin ] --END-- [ RunTime:0.000917s ]
INFO: [ view_parse ] --START--
INFO: ParseTemplate Behavior ::run [ RunTime:0.020147s ]
INFO: [ view_parse ] --END-- [ RunTime:0.020290s ]
INFO: [ view_filter ] --START--
INFO: ContentReplace Behavior ::run [ RunTime:0.001028s ]
INFO: TokenBuild Behavior ::run [ RunTime:0.000760s ]
INFO: WriteHtmlCache Behavior ::run [ RunTime:0.000569s ]
INFO: ShowRuntime Behavior ::run [ RunTime:0.000809s ]
INFO: [ view_filter ] --END-- [ RunTime:0.003534s ]
INFO: [ view_end ] --START--
INFO: ShowPageTrace Behavior ::run [ RunTime:0.000948s ]
INFO: [ view_end ] --END-- [ RunTime:0.001059s ]

[ 2014-08-11T09:44:39+08:00 ] 127.0.0.1 /index.php/Service/ask
INFO: [ route_check ] --START--
INFO: CheckRoute Behavior ::run [ RunTime:0.001251s ]
INFO: [ route_check ] --END-- [ RunTime:0.001388s ]
INFO: [ app_begin ] --START--
INFO: ReadHtmlCache Behavior ::run [ RunTime:0.000842s ]
INFO: [ app_begin ] --END-- [ RunTime:0.000955s ]
INFO: [ view_parse ] --START--
INFO: ParseTemplate Behavior ::run [ RunTime:0.018639s ]
INFO: [ view_parse ] --END-- [ RunTime:0.018777s ]
INFO: [ view_filter ] --START--
INFO: ContentReplace Behavior ::run [ RunTime:0.000857s ]
INFO: TokenBuild Behavior ::run [ RunTime:0.000968s ]
INFO: WriteHtmlCache Behavior ::run [ RunTime:0.001016s ]
INFO: ShowRuntime Behavior ::run [ RunTime:0.000952s ]
INFO: [ view_filter ] --END-- [ RunTime:0.004116s ]
INFO: [ view_end ] --START--
INFO: ShowPageTrace Behavior ::run [ RunTime:0.001058s ]
INFO: [ view_end ] --END-- [ RunTime:0.001172s ]

[ 2014-08-11T09:45:04+08:00 ] 127.0.0.1 /index.php/Service/ask
INFO: [ route_check ] --START--
INFO: CheckRoute Behavior ::run [ RunTime:0.000918s ]
INFO: [ route_check ] --END-- [ RunTime:0.001062s ]
INFO: [ app_begin ] --START--
INFO: ReadHtmlCache Behavior ::run [ RunTime:0.000703s ]
INFO: [ app_begin ] --END-- [ RunTime:0.000960s ]
INFO: [ view_parse ] --START--
INFO: ParseTemplate Behavior ::run [ RunTime:0.018155s ]
INFO: [ view_parse ] --END-- [ RunTime:0.018290s ]
INFO: [ view_filter ] --START--
INFO: ContentReplace Behavior ::run [ RunTime:0.000702s ]
INFO: TokenBuild Behavior ::run [ RunTime:0.000637s ]
INFO: WriteHtmlCache Behavior ::run [ RunTime:0.000409s ]
INFO: ShowRuntime Behavior ::run [ RunTime:0.000659s ]
INFO: [ view_filter ] --END-- [ RunTime:0.002724s ]
INFO: [ view_end ] --START--
INFO: ShowPageTrace Behavior ::run [ RunTime:0.000696s ]
INFO: [ view_end ] --END-- [ RunTime:0.000803s ]

[ 2014-08-11T09:46:07+08:00 ] 127.0.0.1 /index.php/Service/ask
INFO: [ route_check ] --START--
INFO: CheckRoute Behavior ::run [ RunTime:0.001314s ]
INFO: [ route_check ] --END-- [ RunTime:0.001457s ]
INFO: [ app_begin ] --START--
INFO: ReadHtmlCache Behavior ::run [ RunTime:0.000874s ]
INFO: [ app_begin ] --END-- [ RunTime:0.001002s ]
INFO: [ view_parse ] --START--
INFO: ParseTemplate Behavior ::run [ RunTime:0.020281s ]
INFO: [ view_parse ] --END-- [ RunTime:0.020431s ]
INFO: [ view_filter ] --START--
INFO: ContentReplace Behavior ::run [ RunTime:0.000901s ]
INFO: TokenBuild Behavior ::run [ RunTime:0.000730s ]
INFO: WriteHtmlCache Behavior ::run [ RunTime:0.000545s ]
INFO: ShowRuntime Behavior ::run [ RunTime:0.000799s ]
INFO: [ view_filter ] --END-- [ RunTime:0.003274s ]
INFO: [ view_end ] --START--
INFO: ShowPageTrace Behavior ::run [ RunTime:0.001042s ]
INFO: [ view_end ] --END-- [ RunTime:0.001153s ]

[ 2014-08-11T09:50:14+08:00 ] 127.0.0.1 /index.php/Service/ask
INFO: [ route_check ] --START--
INFO: CheckRoute Behavior ::run [ RunTime:0.001323s ]
INFO: [ route_check ] --END-- [ RunTime:0.001466s ]
INFO: [ app_begin ] --START--
INFO: ReadHtmlCache Behavior ::run [ RunTime:0.000819s ]
INFO: [ app_begin ] --END-- [ RunTime:0.000930s ]
INFO: [ view_parse ] --START--
INFO: ParseTemplate Behavior ::run [ RunTime:0.019773s ]
INFO: [ view_parse ] --END-- [ RunTime:0.019911s ]
INFO: [ view_filter ] --START--
INFO: ContentReplace Behavior ::run [ RunTime:0.000854s ]
INFO: TokenBuild Behavior ::run [ RunTime:0.000708s ]
INFO: WriteHtmlCache Behavior ::run [ RunTime:0.000539s ]
INFO: ShowRuntime Behavior ::run [ RunTime:0.000842s ]
INFO: [ view_filter ] --END-- [ RunTime:0.003240s ]
INFO: [ view_end ] --START--
INFO: ShowPageTrace Behavior ::run [ RunTime:0.000961s ]
INFO: [ view_end ] --END-- [ RunTime:0.001078s ]

[ 2014-08-11T09:50:37+08:00 ] 127.0.0.1 /index.php/Service/ask
INFO: [ route_check ] --START--
INFO: CheckRoute Behavior ::run [ RunTime:0.001656s ]
INFO: [ route_check ] --END-- [ RunTime:0.001799s ]
INFO: [ app_begin ] --START--
INFO: ReadHtmlCache Behavior ::run [ RunTime:0.000895s ]
INFO: [ app_begin ] --END-- [ RunTime:0.001022s ]
INFO: [ view_parse ] --START--
INFO: ParseTemplate Behavior ::run [ RunTime:0.022014s ]
INFO: [ view_parse ] --END-- [ RunTime:0.022162s ]
INFO: [ view_filter ] --START--
INFO: ContentReplace Behavior ::run [ RunTime:0.001131s ]
INFO: TokenBuild Behavior ::run [ RunTime:0.000775s ]
INFO: WriteHtmlCache Behavior ::run [ RunTime:0.000597s ]
INFO: ShowRuntime Behavior ::run [ RunTime:0.001002s ]
INFO: [ view_filter ] --END-- [ RunTime:0.003980s ]
INFO: [ view_end ] --START--
INFO: ShowPageTrace Behavior ::run [ RunTime:0.001196s ]
INFO: [ view_end ] --END-- [ RunTime:0.001312s ]

[ 2014-08-11T09:50:46+08:00 ] 127.0.0.1 /index.php/Service/ask
INFO: [ route_check ] --START--
INFO: CheckRoute Behavior ::run [ RunTime:0.001447s ]
INFO: [ route_check ] --END-- [ RunTime:0.001589s ]
INFO: [ app_begin ] --START--
INFO: ReadHtmlCache Behavior ::run [ RunTime:0.000905s ]
INFO: [ app_begin ] --END-- [ RunTime:0.001028s ]
INFO: [ view_parse ] --START--
INFO: ParseTemplate Behavior ::run [ RunTime:0.020654s ]
INFO: [ view_parse ] --END-- [ RunTime:0.020801s ]
INFO: [ view_filter ] --START--
INFO: ContentReplace Behavior ::run [ RunTime:0.000974s ]
INFO: TokenBuild Behavior ::run [ RunTime:0.000933s ]
INFO: WriteHtmlCache Behavior ::run [ RunTime:0.000594s ]
INFO: ShowRuntime Behavior ::run [ RunTime:0.000958s ]
INFO: [ view_filter ] --END-- [ RunTime:0.003822s ]
INFO: [ view_end ] --START--
INFO: ShowPageTrace Behavior ::run [ RunTime:0.000895s ]
INFO: [ view_end ] --END-- [ RunTime:0.001001s ]

[ 2014-08-11T09:51:10+08:00 ] 127.0.0.1 /index.php/Service/ask
INFO: [ route_check ] --START--
INFO: CheckRoute Behavior ::run [ RunTime:0.001558s ]
INFO: [ route_check ] --END-- [ RunTime:0.001722s ]
INFO: [ app_begin ] --START--
INFO: ReadHtmlCache Behavior ::run [ RunTime:0.000854s ]
INFO: [ app_begin ] --END-- [ RunTime:0.000981s ]
INFO: [ view_parse ] --START--
INFO: ParseTemplate Behavior ::run [ RunTime:0.020201s ]
INFO: [ view_parse ] --END-- [ RunTime:0.020342s ]
INFO: [ view_filter ] --START--
INFO: ContentReplace Behavior ::run [ RunTime:0.000856s ]
INFO: TokenBuild Behavior ::run [ RunTime:0.001142s ]
INFO: WriteHtmlCache Behavior ::run [ RunTime:0.000631s ]
INFO: ShowRuntime Behavior ::run [ RunTime:0.000828s ]
INFO: [ view_filter ] --END-- [ RunTime:0.003776s ]
INFO: [ view_end ] --START--
INFO: ShowPageTrace Behavior ::run [ RunTime:0.000865s ]
INFO: [ view_end ] --END-- [ RunTime:0.000969s ]

[ 2014-08-11T09:55:35+08:00 ] 127.0.0.1 /index.php/Service/ask
INFO: [ route_check ] --START--
INFO: CheckRoute Behavior ::run [ RunTime:0.001430s ]
INFO: [ route_check ] --END-- [ RunTime:0.001570s ]
INFO: [ app_begin ] --START--
INFO: ReadHtmlCache Behavior ::run [ RunTime:0.001075s ]
INFO: [ app_begin ] --END-- [ RunTime:0.001202s ]
INFO: [ view_parse ] --START--
INFO: ParseTemplate Behavior ::run [ RunTime:0.021978s ]
INFO: [ view_parse ] --END-- [ RunTime:0.022126s ]
INFO: [ view_filter ] --START--
INFO: ContentReplace Behavior ::run [ RunTime:0.000998s ]
INFO: TokenBuild Behavior ::run [ RunTime:0.000773s ]
INFO: WriteHtmlCache Behavior ::run [ RunTime:0.000743s ]
INFO: ShowRuntime Behavior ::run [ RunTime:0.001441s ]
INFO: [ view_filter ] --END-- [ RunTime:0.004275s ]
INFO: [ view_end ] --START--
INFO: ShowPageTrace Behavior ::run [ RunTime:0.000984s ]
INFO: [ view_end ] --END-- [ RunTime:0.001097s ]

[ 2014-08-11T09:55:52+08:00 ] 127.0.0.1 /index.php/Service/ask
INFO: [ route_check ] --START--
INFO: CheckRoute Behavior ::run [ RunTime:0.002567s ]
INFO: [ route_check ] --END-- [ RunTime:0.002707s ]
INFO: [ app_begin ] --START--
INFO: ReadHtmlCache Behavior ::run [ RunTime:0.000846s ]
INFO: [ app_begin ] --END-- [ RunTime:0.000962s ]
INFO: [ view_parse ] --START--
INFO: ParseTemplate Behavior ::run [ RunTime:0.020194s ]
INFO: [ view_parse ] --END-- [ RunTime:0.020333s ]
INFO: [ view_filter ] --START--
INFO: ContentReplace Behavior ::run [ RunTime:0.000973s ]
INFO: TokenBuild Behavior ::run [ RunTime:0.000799s ]
INFO: WriteHtmlCache Behavior ::run [ RunTime:0.000599s ]
INFO: ShowRuntime Behavior ::run [ RunTime:0.000977s ]
INFO: [ view_filter ] --END-- [ RunTime:0.003672s ]
INFO: [ view_end ] --START--
INFO: ShowPageTrace Behavior ::run [ RunTime:0.000883s ]
INFO: [ view_end ] --END-- [ RunTime:0.000991s ]

[ 2014-08-11T09:56:17+08:00 ] 127.0.0.1 /index.php/Service/ask
INFO: [ route_check ] --START--
INFO: CheckRoute Behavior ::run [ RunTime:0.000825s ]
INFO: [ route_check ] --END-- [ RunTime:0.000962s ]
INFO: [ app_begin ] --START--
INFO: ReadHtmlCache Behavior ::run [ RunTime:0.000678s ]
INFO: [ app_begin ] --END-- [ RunTime:0.000796s ]
INFO: [ view_parse ] --START--
INFO: ParseTemplate Behavior ::run [ RunTime:0.019366s ]
INFO: [ view_parse ] --END-- [ RunTime:0.019502s ]
INFO: [ view_filter ] --START--
INFO: ContentReplace Behavior ::run [ RunTime:0.000644s ]
INFO: TokenBuild Behavior ::run [ RunTime:0.000511s ]
INFO: WriteHtmlCache Behavior ::run [ RunTime:0.000370s ]
INFO: ShowRuntime Behavior ::run [ RunTime:0.000670s ]
INFO: [ view_filter ] --END-- [ RunTime:0.002491s ]
INFO: [ view_end ] --START--
INFO: ShowPageTrace Behavior ::run [ RunTime:0.000648s ]
INFO: [ view_end ] --END-- [ RunTime:0.000751s ]

[ 2014-08-11T09:57:06+08:00 ] 127.0.0.1 /index.php/Service/ask
INFO: [ route_check ] --START--
INFO: CheckRoute Behavior ::run [ RunTime:0.001519s ]
INFO: [ route_check ] --END-- [ RunTime:0.001667s ]
INFO: [ app_begin ] --START--
INFO: ReadHtmlCache Behavior ::run [ RunTime:0.000898s ]
INFO: [ app_begin ] --END-- [ RunTime:0.001025s ]
INFO: [ view_parse ] --START--
INFO: ParseTemplate Behavior ::run [ RunTime:0.022257s ]
INFO: [ view_parse ] --END-- [ RunTime:0.022410s ]
INFO: [ view_filter ] --START--
INFO: ContentReplace Behavior ::run [ RunTime:0.000894s ]
INFO: TokenBuild Behavior ::run [ RunTime:0.000908s ]
INFO: WriteHtmlCache Behavior ::run [ RunTime:0.000712s ]
INFO: ShowRuntime Behavior ::run [ RunTime:0.000967s ]
INFO: [ view_filter ] --END-- [ RunTime:0.003843s ]
INFO: [ view_end ] --START--
INFO: ShowPageTrace Behavior ::run [ RunTime:0.001206s ]
INFO: [ view_end ] --END-- [ RunTime:0.001359s ]

[ 2014-08-11T09:58:01+08:00 ] 127.0.0.1 /index.php/Service/ask
INFO: [ route_check ] --START--
INFO: CheckRoute Behavior ::run [ RunTime:0.001414s ]
INFO: [ route_check ] --END-- [ RunTime:0.001563s ]
INFO: [ app_begin ] --START--
INFO: ReadHtmlCache Behavior ::run [ RunTime:0.000816s ]
INFO: [ app_begin ] --END-- [ RunTime:0.000927s ]
INFO: [ view_parse ] --START--
INFO: ParseTemplate Behavior ::run [ RunTime:0.019437s ]
INFO: [ view_parse ] --END-- [ RunTime:0.019573s ]
INFO: [ view_filter ] --START--
INFO: ContentReplace Behavior ::run [ RunTime:0.000875s ]
INFO: TokenBuild Behavior ::run [ RunTime:0.000957s ]
INFO: WriteHtmlCache Behavior ::run [ RunTime:0.000594s ]
INFO: ShowRuntime Behavior ::run [ RunTime:0.000969s ]
INFO: [ view_filter ] --END-- [ RunTime:0.003843s ]
INFO: [ view_end ] --START--
INFO: ShowPageTrace Behavior ::run [ RunTime:0.001070s ]
INFO: [ view_end ] --END-- [ RunTime:0.001188s ]

[ 2014-08-11T09:59:25+08:00 ] 127.0.0.1 /index.php/Service/ask
INFO: [ route_check ] --START--
INFO: CheckRoute Behavior ::run [ RunTime:0.001684s ]
INFO: [ route_check ] --END-- [ RunTime:0.001821s ]
INFO: [ app_begin ] --START--
INFO: ReadHtmlCache Behavior ::run [ RunTime:0.000807s ]
INFO: [ app_begin ] --END-- [ RunTime:0.000918s ]
INFO: [ view_parse ] --START--
INFO: ParseTemplate Behavior ::run [ RunTime:0.030327s ]
INFO: [ view_parse ] --END-- [ RunTime:0.030469s ]
INFO: [ view_filter ] --START--
INFO: ContentReplace Behavior ::run [ RunTime:0.000949s ]
INFO: TokenBuild Behavior ::run [ RunTime:0.000763s ]
INFO: WriteHtmlCache Behavior ::run [ RunTime:0.000579s ]
INFO: ShowRuntime Behavior ::run [ RunTime:0.000855s ]
INFO: [ view_filter ] --END-- [ RunTime:0.003456s ]
INFO: [ view_end ] --START--
INFO: ShowPageTrace Behavior ::run [ RunTime:0.001997s ]
INFO: [ view_end ] --END-- [ RunTime:0.002115s ]

[ 2014-08-11T09:59:45+08:00 ] 127.0.0.1 /index.php/Service/ask
INFO: [ route_check ] --START--
INFO: CheckRoute Behavior ::run [ RunTime:0.001274s ]
INFO: [ route_check ] --END-- [ RunTime:0.001410s ]
INFO: [ app_begin ] --START--
INFO: ReadHtmlCache Behavior ::run [ RunTime:0.000867s ]
INFO: [ app_begin ] --END-- [ RunTime:0.000990s ]
INFO: [ view_parse ] --START--
INFO: ParseTemplate Behavior ::run [ RunTime:0.019221s ]
INFO: [ view_parse ] --END-- [ RunTime:0.019362s ]
INFO: [ view_filter ] --START--
INFO: ContentReplace Behavior ::run [ RunTime:0.000845s ]
INFO: TokenBuild Behavior ::run [ RunTime:0.000698s ]
INFO: WriteHtmlCache Behavior ::run [ RunTime:0.000579s ]
INFO: ShowRuntime Behavior ::run [ RunTime:0.000914s ]
INFO: [ view_filter ] --END-- [ RunTime:0.003346s ]
INFO: [ view_end ] --START--
INFO: ShowPageTrace Behavior ::run [ RunTime:0.000930s ]
INFO: [ view_end ] --END-- [ RunTime:0.001043s ]

[ 2014-08-11T10:00:02+08:00 ] 127.0.0.1 /index.php/Service/ask
INFO: [ route_check ] --START--
INFO: CheckRoute Behavior ::run [ RunTime:0.000841s ]
INFO: [ route_check ] --END-- [ RunTime:0.000973s ]
INFO: [ app_begin ] --START--
INFO: ReadHtmlCache Behavior ::run [ RunTime:0.000611s ]
INFO: [ app_begin ] --END-- [ RunTime:0.000717s ]
INFO: [ view_parse ] --START--
INFO: ParseTemplate Behavior ::run [ RunTime:0.019124s ]
INFO: [ view_parse ] --END-- [ RunTime:0.019283s ]
INFO: [ view_filter ] --START--
INFO: ContentReplace Behavior ::run [ RunTime:0.000772s ]
INFO: TokenBuild Behavior ::run [ RunTime:0.000645s ]
INFO: WriteHtmlCache Behavior ::run [ RunTime:0.000399s ]
INFO: ShowRuntime Behavior ::run [ RunTime:0.000650s ]
INFO: [ view_filter ] --END-- [ RunTime:0.002801s ]
INFO: [ view_end ] --START--
INFO: ShowPageTrace Behavior ::run [ RunTime:0.000717s ]
INFO: [ view_end ] --END-- [ RunTime:0.000829s ]

[ 2014-08-11T10:00:13+08:00 ] 127.0.0.1 /index.php/Service/ask
INFO: [ route_check ] --START--
INFO: CheckRoute Behavior ::run [ RunTime:0.000832s ]
INFO: [ route_check ] --END-- [ RunTime:0.000969s ]
INFO: [ app_begin ] --START--
INFO: ReadHtmlCache Behavior ::run [ RunTime:0.000624s ]
INFO: [ app_begin ] --END-- [ RunTime:0.000735s ]
INFO: [ view_parse ] --START--
INFO: ParseTemplate Behavior ::run [ RunTime:0.018464s ]
INFO: [ view_parse ] --END-- [ RunTime:0.018599s ]
INFO: [ view_filter ] --START--
INFO: ContentReplace Behavior ::run [ RunTime:0.000772s ]
INFO: TokenBuild Behavior ::run [ RunTime:0.000630s ]
INFO: WriteHtmlCache Behavior ::run [ RunTime:0.000371s ]
INFO: ShowRuntime Behavior ::run [ RunTime:0.000784s ]
INFO: [ view_filter ] --END-- [ RunTime:0.002889s ]
INFO: [ view_end ] --START--
INFO: ShowPageTrace Behavior ::run [ RunTime:0.000682s ]
INFO: [ view_end ] --END-- [ RunTime:0.000786s ]

[ 2014-08-11T10:00:29+08:00 ] 127.0.0.1 /index.php/Service/ask
INFO: [ route_check ] --START--
INFO: CheckRoute Behavior ::run [ RunTime:0.001326s ]
INFO: [ route_check ] --END-- [ RunTime:0.001471s ]
INFO: [ app_begin ] --START--
INFO: ReadHtmlCache Behavior ::run [ RunTime:0.000983s ]
INFO: [ app_begin ] --END-- [ RunTime:0.001098s ]
INFO: [ view_parse ] --START--
INFO: ParseTemplate Behavior ::run [ RunTime:0.027579s ]
INFO: [ view_parse ] --END-- [ RunTime:0.027722s ]
INFO: [ view_filter ] --START--
INFO: ContentReplace Behavior ::run [ RunTime:0.001664s ]
INFO: TokenBuild Behavior ::run [ RunTime:0.000746s ]
INFO: WriteHtmlCache Behavior ::run [ RunTime:0.000573s ]
INFO: ShowRuntime Behavior ::run [ RunTime:0.000847s ]
INFO: [ view_filter ] --END-- [ RunTime:0.004184s ]
INFO: [ view_end ] --START--
INFO: ShowPageTrace Behavior ::run [ RunTime:0.000849s ]
INFO: [ view_end ] --END-- [ RunTime:0.000962s ]

[ 2014-08-11T10:02:02+08:00 ] 127.0.0.1 /index.php/Service/ask
INFO: [ route_check ] --START--
INFO: CheckRoute Behavior ::run [ RunTime:0.001362s ]
INFO: [ route_check ] --END-- [ RunTime:0.001517s ]
INFO: [ app_begin ] --START--
INFO: ReadHtmlCache Behavior ::run [ RunTime:0.001034s ]
INFO: [ app_begin ] --END-- [ RunTime:0.001152s ]
INFO: [ view_parse ] --START--
INFO: ParseTemplate Behavior ::run [ RunTime:0.020759s ]
INFO: [ view_parse ] --END-- [ RunTime:0.020917s ]
INFO: [ view_filter ] --START--
INFO: ContentReplace Behavior ::run [ RunTime:0.001304s ]
INFO: TokenBuild Behavior ::run [ RunTime:0.000878s ]
INFO: WriteHtmlCache Behavior ::run [ RunTime:0.000588s ]
INFO: ShowRuntime Behavior ::run [ RunTime:0.000827s ]
INFO: [ view_filter ] --END-- [ RunTime:0.003955s ]
INFO: [ view_end ] --START--
INFO: ShowPageTrace Behavior ::run [ RunTime:0.000834s ]
INFO: [ view_end ] --END-- [ RunTime:0.000950s ]

[ 2014-08-11T10:02:35+08:00 ] 127.0.0.1 /index.php/Service/ask
INFO: [ route_check ] --START--
INFO: CheckRoute Behavior ::run [ RunTime:0.001321s ]
INFO: [ route_check ] --END-- [ RunTime:0.001529s ]
INFO: [ app_begin ] --START--
INFO: ReadHtmlCache Behavior ::run [ RunTime:0.000843s ]
INFO: [ app_begin ] --END-- [ RunTime:0.000961s ]
INFO: [ view_parse ] --START--
INFO: ParseTemplate Behavior ::run [ RunTime:0.021235s ]
INFO: [ view_parse ] --END-- [ RunTime:0.021380s ]
INFO: [ view_filter ] --START--
INFO: ContentReplace Behavior ::run [ RunTime:0.000911s ]
INFO: TokenBuild Behavior ::run [ RunTime:0.000822s ]
INFO: WriteHtmlCache Behavior ::run [ RunTime:0.000635s ]
INFO: ShowRuntime Behavior ::run [ RunTime:0.000868s ]
INFO: [ view_filter ] --END-- [ RunTime:0.003566s ]
INFO: [ view_end ] --START--
INFO: ShowPageTrace Behavior ::run [ RunTime:0.001547s ]
INFO: [ view_end ] --END-- [ RunTime:0.001668s ]

[ 2014-08-11T10:02:48+08:00 ] 127.0.0.1 /index.php/Service/ask
INFO: [ route_check ] --START--
INFO: CheckRoute Behavior ::run [ RunTime:0.001309s ]
INFO: [ route_check ] --END-- [ RunTime:0.001441s ]
INFO: [ app_begin ] --START--
INFO: ReadHtmlCache Behavior ::run [ RunTime:0.000825s ]
INFO: [ app_begin ] --END-- [ RunTime:0.000937s ]
INFO: [ view_parse ] --START--
INFO: ParseTemplate Behavior ::run [ RunTime:0.020639s ]
INFO: [ view_parse ] --END-- [ RunTime:0.020775s ]
INFO: [ view_filter ] --START--
INFO: ContentReplace Behavior ::run [ RunTime:0.000898s ]
INFO: TokenBuild Behavior ::run [ RunTime:0.000866s ]
INFO: WriteHtmlCache Behavior ::run [ RunTime:0.000563s ]
INFO: ShowRuntime Behavior ::run [ RunTime:0.000829s ]
INFO: [ view_filter ] --END-- [ RunTime:0.003458s ]
INFO: [ view_end ] --START--
INFO: ShowPageTrace Behavior ::run [ RunTime:0.000898s ]
INFO: [ view_end ] --END-- [ RunTime:0.001006s ]

[ 2014-08-11T10:04:53+08:00 ] 127.0.0.1 /index.php/Service/ask
INFO: [ route_check ] --START--
INFO: CheckRoute Behavior ::run [ RunTime:0.001310s ]
INFO: [ route_check ] --END-- [ RunTime:0.001444s ]
INFO: [ app_begin ] --START--
INFO: ReadHtmlCache Behavior ::run [ RunTime:0.000829s ]
INFO: [ app_begin ] --END-- [ RunTime:0.001147s ]
INFO: [ view_parse ] --START--
INFO: ParseTemplate Behavior ::run [ RunTime:0.090933s ]
INFO: [ view_parse ] --END-- [ RunTime:0.091081s ]
INFO: [ view_filter ] --START--
INFO: ContentReplace Behavior ::run [ RunTime:0.001078s ]
INFO: TokenBuild Behavior ::run [ RunTime:0.000746s ]
INFO: WriteHtmlCache Behavior ::run [ RunTime:0.000559s ]
INFO: ShowRuntime Behavior ::run [ RunTime:0.000860s ]
INFO: [ view_filter ] --END-- [ RunTime:0.003593s ]
INFO: [ view_end ] --START--
INFO: ShowPageTrace Behavior ::run [ RunTime:0.004404s ]
INFO: [ view_end ] --END-- [ RunTime:0.004561s ]

[ 2014-08-11T10:05:34+08:00 ] 127.0.0.1 /index.php/Service/ask
INFO: [ route_check ] --START--
INFO: CheckRoute Behavior ::run [ RunTime:0.001434s ]
INFO: [ route_check ] --END-- [ RunTime:0.001635s ]
INFO: [ app_begin ] --START--
INFO: ReadHtmlCache Behavior ::run [ RunTime:0.000833s ]
INFO: [ app_begin ] --END-- [ RunTime:0.000944s ]
INFO: [ view_parse ] --START--
INFO: ParseTemplate Behavior ::run [ RunTime:0.021651s ]
INFO: [ view_parse ] --END-- [ RunTime:0.021783s ]
INFO: [ view_filter ] --START--
INFO: ContentReplace Behavior ::run [ RunTime:0.000853s ]
INFO: TokenBuild Behavior ::run [ RunTime:0.000706s ]
INFO: WriteHtmlCache Behavior ::run [ RunTime:0.000548s ]
INFO: ShowRuntime Behavior ::run [ RunTime:0.000848s ]
INFO: [ view_filter ] --END-- [ RunTime:0.003275s ]
INFO: [ view_end ] --START--
INFO: ShowPageTrace Behavior ::run [ RunTime:0.001181s ]
INFO: [ view_end ] --END-- [ RunTime:0.001303s ]

[ 2014-08-11T10:05:54+08:00 ] 127.0.0.1 /index.php/Service/ask
INFO: [ route_check ] --START--
INFO: CheckRoute Behavior ::run [ RunTime:0.000837s ]
INFO: [ route_check ] --END-- [ RunTime:0.000974s ]
INFO: [ app_begin ] --START--
INFO: ReadHtmlCache Behavior ::run [ RunTime:0.000648s ]
INFO: [ app_begin ] --END-- [ RunTime:0.000764s ]
INFO: [ view_parse ] --START--
INFO: ParseTemplate Behavior ::run [ RunTime:0.018707s ]
INFO: [ view_parse ] --END-- [ RunTime:0.018845s ]
INFO: [ view_filter ] --START--
INFO: ContentReplace Behavior ::run [ RunTime:0.000687s ]
INFO: TokenBuild Behavior ::run [ RunTime:0.000554s ]
INFO: WriteHtmlCache Behavior ::run [ RunTime:0.000375s ]
INFO: ShowRuntime Behavior ::run [ RunTime:0.000917s ]
INFO: [ view_filter ] --END-- [ RunTime:0.002845s ]
INFO: [ view_end ] --START--
INFO: ShowPageTrace Behavior ::run [ RunTime:0.000723s ]
INFO: [ view_end ] --END-- [ RunTime:0.000831s ]

[ 2014-08-11T10:06:00+08:00 ] 127.0.0.1 /index.php/Service/ask
INFO: [ route_check ] --START--
INFO: CheckRoute Behavior ::run [ RunTime:0.000868s ]
INFO: [ route_check ] --END-- [ RunTime:0.001006s ]
INFO: [ app_begin ] --START--
INFO: ReadHtmlCache Behavior ::run [ RunTime:0.000814s ]
INFO: [ app_begin ] --END-- [ RunTime:0.000931s ]
INFO: [ view_parse ] --START--
INFO: ParseTemplate Behavior ::run [ RunTime:0.018962s ]
INFO: [ view_parse ] --END-- [ RunTime:0.019099s ]
INFO: [ view_filter ] --START--
INFO: ContentReplace Behavior ::run [ RunTime:0.000671s ]
INFO: TokenBuild Behavior ::run [ RunTime:0.000518s ]
INFO: WriteHtmlCache Behavior ::run [ RunTime:0.000355s ]
INFO: ShowRuntime Behavior ::run [ RunTime:0.000629s ]
INFO: [ view_filter ] --END-- [ RunTime:0.002474s ]
INFO: [ view_end ] --START--
INFO: ShowPageTrace Behavior ::run [ RunTime:0.000690s ]
INFO: [ view_end ] --END-- [ RunTime:0.000798s ]

[ 2014-08-11T10:06:38+08:00 ] 127.0.0.1 /index.php/Service/ask
INFO: [ route_check ] --START--
INFO: CheckRoute Behavior ::run [ RunTime:0.001246s ]
INFO: [ route_check ] --END-- [ RunTime:0.001377s ]
INFO: [ app_begin ] --START--
INFO: ReadHtmlCache Behavior ::run [ RunTime:0.000885s ]
INFO: [ app_begin ] --END-- [ RunTime:0.001013s ]
INFO: [ view_parse ] --START--
INFO: ParseTemplate Behavior ::run [ RunTime:0.019946s ]
INFO: [ view_parse ] --END-- [ RunTime:0.020106s ]
INFO: [ view_filter ] --START--
INFO: ContentReplace Behavior ::run [ RunTime:0.001011s ]
INFO: TokenBuild Behavior ::run [ RunTime:0.000849s ]
INFO: WriteHtmlCache Behavior ::run [ RunTime:0.000640s ]
INFO: ShowRuntime Behavior ::run [ RunTime:0.000932s ]
INFO: [ view_filter ] --END-- [ RunTime:0.003769s ]
INFO: [ view_end ] --START--
INFO: ShowPageTrace Behavior ::run [ RunTime:0.001148s ]
INFO: [ view_end ] --END-- [ RunTime:0.001265s ]

[ 2014-08-11T10:06:52+08:00 ] 127.0.0.1 /index.php/Service/ask
INFO: [ route_check ] --START--
INFO: CheckRoute Behavior ::run [ RunTime:0.001305s ]
INFO: [ route_check ] --END-- [ RunTime:0.001446s ]
INFO: [ app_begin ] --START--
INFO: ReadHtmlCache Behavior ::run [ RunTime:0.000911s ]
INFO: [ app_begin ] --END-- [ RunTime:0.001070s ]
INFO: [ view_parse ] --START--
INFO: ParseTemplate Behavior ::run [ RunTime:0.021383s ]
INFO: [ view_parse ] --END-- [ RunTime:0.021528s ]
INFO: [ view_filter ] --START--
INFO: ContentReplace Behavior ::run [ RunTime:0.000936s ]
INFO: TokenBuild Behavior ::run [ RunTime:0.000849s ]
INFO: WriteHtmlCache Behavior ::run [ RunTime:0.000581s ]
INFO: ShowRuntime Behavior ::run [ RunTime:0.000826s ]
INFO: [ view_filter ] --END-- [ RunTime:0.003507s ]
INFO: [ view_end ] --START--
INFO: ShowPageTrace Behavior ::run [ RunTime:0.000830s ]
INFO: [ view_end ] --END-- [ RunTime:0.000936s ]

[ 2014-08-11T10:07:16+08:00 ] 127.0.0.1 /index.php/Service/ask
INFO: [ route_check ] --START--
INFO: CheckRoute Behavior ::run [ RunTime:0.000793s ]
INFO: [ route_check ] --END-- [ RunTime:0.000921s ]
INFO: [ app_begin ] --START--
INFO: ReadHtmlCache Behavior ::run [ RunTime:0.000608s ]
INFO: [ app_begin ] --END-- [ RunTime:0.000716s ]
INFO: [ view_parse ] --START--
INFO: ParseTemplate Behavior ::run [ RunTime:0.018136s ]
INFO: [ view_parse ] --END-- [ RunTime:0.018284s ]
INFO: [ view_filter ] --START--
INFO: ContentReplace Behavior ::run [ RunTime:0.000671s ]
INFO: TokenBuild Behavior ::run [ RunTime:0.000842s ]
INFO: WriteHtmlCache Behavior ::run [ RunTime:0.000452s ]
INFO: ShowRuntime Behavior ::run [ RunTime:0.000698s ]
INFO: [ view_filter ] --END-- [ RunTime:0.002984s ]
INFO: [ view_end ] --START--
INFO: ShowPageTrace Behavior ::run [ RunTime:0.000719s ]
INFO: [ view_end ] --END-- [ RunTime:0.000827s ]

[ 2014-08-11T10:07:19+08:00 ] 127.0.0.1 /index.php/Service/ask
INFO: [ route_check ] --START--
INFO: CheckRoute Behavior ::run [ RunTime:0.001839s ]
INFO: [ route_check ] --END-- [ RunTime:0.002028s ]
INFO: [ app_begin ] --START--
INFO: ReadHtmlCache Behavior ::run [ RunTime:0.001173s ]
INFO: [ app_begin ] --END-- [ RunTime:0.001337s ]
INFO: [ view_parse ] --START--
INFO: ParseTemplate Behavior ::run [ RunTime:0.019471s ]
INFO: [ view_parse ] --END-- [ RunTime:0.019637s ]
INFO: [ view_filter ] --START--
INFO: ContentReplace Behavior ::run [ RunTime:0.000942s ]
INFO: TokenBuild Behavior ::run [ RunTime:0.000771s ]
INFO: WriteHtmlCache Behavior ::run [ RunTime:0.000552s ]
INFO: ShowRuntime Behavior ::run [ RunTime:0.000811s ]
INFO: [ view_filter ] --END-- [ RunTime:0.003398s ]
INFO: [ view_end ] --START--
INFO: ShowPageTrace Behavior ::run [ RunTime:0.000838s ]
INFO: [ view_end ] --END-- [ RunTime:0.000945s ]

[ 2014-08-11T10:08:24+08:00 ] 127.0.0.1 /index.php/Service/ask
INFO: [ route_check ] --START--
INFO: CheckRoute Behavior ::run [ RunTime:0.000804s ]
INFO: [ route_check ] --END-- [ RunTime:0.000938s ]
INFO: [ app_begin ] --START--
INFO: ReadHtmlCache Behavior ::run [ RunTime:0.000714s ]
INFO: [ app_begin ] --END-- [ RunTime:0.000861s ]
INFO: [ view_parse ] --START--
INFO: ParseTemplate Behavior ::run [ RunTime:0.018908s ]
INFO: [ view_parse ] --END-- [ RunTime:0.019058s ]
INFO: [ view_filter ] --START--
INFO: ContentReplace Behavior ::run [ RunTime:0.000868s ]
INFO: TokenBuild Behavior ::run [ RunTime:0.000585s ]
INFO: WriteHtmlCache Behavior ::run [ RunTime:0.000418s ]
INFO: ShowRuntime Behavior ::run [ RunTime:0.000699s ]
INFO: [ view_filter ] --END-- [ RunTime:0.002912s ]
INFO: [ view_end ] --START--
INFO: ShowPageTrace Behavior ::run [ RunTime:0.000728s ]
INFO: [ view_end ] --END-- [ RunTime:0.000872s ]

[ 2014-08-11T10:08:52+08:00 ] 127.0.0.1 /index.php/Service/ask
INFO: [ route_check ] --START--
INFO: CheckRoute Behavior ::run [ RunTime:0.001305s ]
INFO: [ route_check ] --END-- [ RunTime:0.001445s ]
INFO: [ app_begin ] --START--
INFO: ReadHtmlCache Behavior ::run [ RunTime:0.000888s ]
INFO: [ app_begin ] --END-- [ RunTime:0.001016s ]
INFO: [ view_parse ] --START--
INFO: ParseTemplate Behavior ::run [ RunTime:0.020317s ]
INFO: [ view_parse ] --END-- [ RunTime:0.020466s ]
INFO: [ view_filter ] --START--
INFO: ContentReplace Behavior ::run [ RunTime:0.000879s ]
INFO: TokenBuild Behavior ::run [ RunTime:0.000806s ]
INFO: WriteHtmlCache Behavior ::run [ RunTime:0.000952s ]
INFO: ShowRuntime Behavior ::run [ RunTime:0.001049s ]
INFO: [ view_filter ] --END-- [ RunTime:0.004120s ]
INFO: [ view_end ] --START--
INFO: ShowPageTrace Behavior ::run [ RunTime:0.000980s ]
INFO: [ view_end ] --END-- [ RunTime:0.001090s ]

[ 2014-08-11T10:10:04+08:00 ] 127.0.0.1 /index.php/Service/ask
INFO: [ route_check ] --START--
INFO: CheckRoute Behavior ::run [ RunTime:0.001300s ]
INFO: [ route_check ] --END-- [ RunTime:0.001433s ]
INFO: [ app_begin ] --START--
INFO: ReadHtmlCache Behavior ::run [ RunTime:0.000980s ]
INFO: [ app_begin ] --END-- [ RunTime:0.001118s ]
INFO: [ view_parse ] --START--
INFO: ParseTemplate Behavior ::run [ RunTime:0.020259s ]
INFO: [ view_parse ] --END-- [ RunTime:0.020400s ]
INFO: [ view_filter ] --START--
INFO: ContentReplace Behavior ::run [ RunTime:0.000959s ]
INFO: TokenBuild Behavior ::run [ RunTime:0.000823s ]
INFO: WriteHtmlCache Behavior ::run [ RunTime:0.000616s ]
INFO: ShowRuntime Behavior ::run [ RunTime:0.001150s ]
INFO: [ view_filter ] --END-- [ RunTime:0.003882s ]
INFO: [ view_end ] --START--
INFO: ShowPageTrace Behavior ::run [ RunTime:0.001186s ]
INFO: [ view_end ] --END-- [ RunTime:0.001309s ]

[ 2014-08-11T10:10:28+08:00 ] 127.0.0.1 /index.php/Service/ask
INFO: [ route_check ] --START--
INFO: CheckRoute Behavior ::run [ RunTime:0.001572s ]
INFO: [ route_check ] --END-- [ RunTime:0.001717s ]
INFO: [ app_begin ] --START--
INFO: ReadHtmlCache Behavior ::run [ RunTime:0.000879s ]
INFO: [ app_begin ] --END-- [ RunTime:0.001003s ]
INFO: [ view_parse ] --START--
INFO: ParseTemplate Behavior ::run [ RunTime:0.026440s ]
INFO: [ view_parse ] --END-- [ RunTime:0.026594s ]
INFO: [ view_filter ] --START--
INFO: ContentReplace Behavior ::run [ RunTime:0.000900s ]
INFO: TokenBuild Behavior ::run [ RunTime:0.000776s ]
INFO: WriteHtmlCache Behavior ::run [ RunTime:0.000586s ]
INFO: ShowRuntime Behavior ::run [ RunTime:0.000864s ]
INFO: [ view_filter ] --END-- [ RunTime:0.003442s ]
INFO: [ view_end ] --START--
INFO: ShowPageTrace Behavior ::run [ RunTime:0.001039s ]
INFO: [ view_end ] --END-- [ RunTime:0.001152s ]

[ 2014-08-11T10:11:09+08:00 ] 127.0.0.1 /index.php/Service/ask
INFO: [ route_check ] --START--
INFO: CheckRoute Behavior ::run [ RunTime:0.000852s ]
INFO: [ route_check ] --END-- [ RunTime:0.000987s ]
INFO: [ app_begin ] --START--
INFO: ReadHtmlCache Behavior ::run [ RunTime:0.000620s ]
INFO: [ app_begin ] --END-- [ RunTime:0.000730s ]
INFO: [ view_parse ] --START--
INFO: ParseTemplate Behavior ::run [ RunTime:0.018752s ]
INFO: [ view_parse ] --END-- [ RunTime:0.018887s ]
INFO: [ view_filter ] --START--
INFO: ContentReplace Behavior ::run [ RunTime:0.000657s ]
INFO: TokenBuild Behavior ::run [ RunTime:0.000520s ]
INFO: WriteHtmlCache Behavior ::run [ RunTime:0.000348s ]
INFO: ShowRuntime Behavior ::run [ RunTime:0.000742s ]
INFO: [ view_filter ] --END-- [ RunTime:0.002555s ]
INFO: [ view_end ] --START--
INFO: ShowPageTrace Behavior ::run [ RunTime:0.000658s ]
INFO: [ view_end ] --END-- [ RunTime:0.000761s ]

[ 2014-08-11T10:11:33+08:00 ] 127.0.0.1 /index.php/Service/ask
INFO: [ route_check ] --START--
INFO: CheckRoute Behavior ::run [ RunTime:0.001504s ]
INFO: [ route_check ] --END-- [ RunTime:0.001653s ]
INFO: [ app_begin ] --START--
INFO: ReadHtmlCache Behavior ::run [ RunTime:0.000910s ]
INFO: [ app_begin ] --END-- [ RunTime:0.001033s ]
INFO: [ view_parse ] --START--
INFO: ParseTemplate Behavior ::run [ RunTime:0.021590s ]
INFO: [ view_parse ] --END-- [ RunTime:0.021738s ]
INFO: [ view_filter ] --START--
INFO: ContentReplace Behavior ::run [ RunTime:0.000896s ]
INFO: TokenBuild Behavior ::run [ RunTime:0.000974s ]
INFO: WriteHtmlCache Behavior ::run [ RunTime:0.000595s ]
INFO: ShowRuntime Behavior ::run [ RunTime:0.001543s ]
INFO: [ view_filter ] --END-- [ RunTime:0.004412s ]
INFO: [ view_end ] --START--
INFO: ShowPageTrace Behavior ::run [ RunTime:0.001018s ]
INFO: [ view_end ] --END-- [ RunTime:0.001140s ]

[ 2014-08-11T10:11:40+08:00 ] 127.0.0.1 /index.php/Service/ask
INFO: [ route_check ] --START--
INFO: CheckRoute Behavior ::run [ RunTime:0.000782s ]
INFO: [ route_check ] --END-- [ RunTime:0.000913s ]
INFO: [ app_begin ] --START--
INFO: ReadHtmlCache Behavior ::run [ RunTime:0.000598s ]
INFO: [ app_begin ] --END-- [ RunTime:0.000703s ]
INFO: [ view_parse ] --START--
INFO: ParseTemplate Behavior ::run [ RunTime:0.017843s ]
INFO: [ view_parse ] --END-- [ RunTime:0.017980s ]
INFO: [ view_filter ] --START--
INFO: ContentReplace Behavior ::run [ RunTime:0.000660s ]
INFO: TokenBuild Behavior ::run [ RunTime:0.000517s ]
INFO: WriteHtmlCache Behavior ::run [ RunTime:0.000372s ]
INFO: ShowRuntime Behavior ::run [ RunTime:0.000648s ]
INFO: [ view_filter ] --END-- [ RunTime:0.002512s ]
INFO: [ view_end ] --START--
INFO: ShowPageTrace Behavior ::run [ RunTime:0.000651s ]
INFO: [ view_end ] --END-- [ RunTime:0.000755s ]

[ 2014-08-11T10:11:50+08:00 ] 127.0.0.1 /index.php/Service/ask
INFO: [ route_check ] --START--
INFO: CheckRoute Behavior ::run [ RunTime:0.001557s ]
INFO: [ route_check ] --END-- [ RunTime:0.001708s ]
INFO: [ app_begin ] --START--
INFO: ReadHtmlCache Behavior ::run [ RunTime:0.000898s ]
INFO: [ app_begin ] --END-- [ RunTime:0.001024s ]
INFO: [ view_parse ] --START--
INFO: ParseTemplate Behavior ::run [ RunTime:0.022401s ]
INFO: [ view_parse ] --END-- [ RunTime:0.022541s ]
INFO: [ view_filter ] --START--
INFO: ContentReplace Behavior ::run [ RunTime:0.001732s ]
INFO: TokenBuild Behavior ::run [ RunTime:0.000812s ]
INFO: WriteHtmlCache Behavior ::run [ RunTime:0.000548s ]
INFO: ShowRuntime Behavior ::run [ RunTime:0.000822s ]
INFO: [ view_filter ] --END-- [ RunTime:0.004230s ]
INFO: [ view_end ] --START--
INFO: ShowPageTrace Behavior ::run [ RunTime:0.000896s ]
INFO: [ view_end ] --END-- [ RunTime:0.001003s ]

[ 2014-08-11T13:55:11+08:00 ] 127.0.0.1 /index.php/Service/ask
INFO: [ route_check ] --START--
INFO: CheckRoute Behavior ::run [ RunTime:0.001641s ]
INFO: [ route_check ] --END-- [ RunTime:0.001785s ]
INFO: [ app_begin ] --START--
INFO: ReadHtmlCache Behavior ::run [ RunTime:0.001506s ]
INFO: [ app_begin ] --END-- [ RunTime:0.001635s ]
INFO: [ view_parse ] --START--
INFO: ParseTemplate Behavior ::run [ RunTime:0.029547s ]
INFO: [ view_parse ] --END-- [ RunTime:0.029710s ]
INFO: [ view_filter ] --START--
INFO: ContentReplace Behavior ::run [ RunTime:0.001292s ]
INFO: TokenBuild Behavior ::run [ RunTime:0.000788s ]
INFO: WriteHtmlCache Behavior ::run [ RunTime:0.000779s ]
INFO: ShowRuntime Behavior ::run [ RunTime:0.000918s ]
INFO: [ view_filter ] --END-- [ RunTime:0.004154s ]
INFO: [ view_end ] --START--
INFO: ShowPageTrace Behavior ::run [ RunTime:0.003598s ]
INFO: [ view_end ] --END-- [ RunTime:0.003723s ]

[ 2014-08-11T21:35:53+08:00 ] 127.0.0.1 /index.php/Service/ask
INFO: [ route_check ] --START--
INFO: CheckRoute Behavior ::run [ RunTime:0.001710s ]
INFO: [ route_check ] --END-- [ RunTime:0.002011s ]
INFO: [ app_begin ] --START--
INFO: ReadHtmlCache Behavior ::run [ RunTime:0.001267s ]
INFO: [ app_begin ] --END-- [ RunTime:0.001533s ]
INFO: [ view_parse ] --START--
INFO: ParseTemplate Behavior ::run [ RunTime:0.038308s ]
INFO: [ view_parse ] --END-- [ RunTime:0.038603s ]
INFO: [ view_filter ] --START--
INFO: ContentReplace Behavior ::run [ RunTime:0.003665s ]
INFO: TokenBuild Behavior ::run [ RunTime:0.001263s ]
INFO: WriteHtmlCache Behavior ::run [ RunTime:0.000842s ]
INFO: ShowRuntime Behavior ::run [ RunTime:0.001374s ]
INFO: [ view_filter ] --END-- [ RunTime:0.007909s ]
INFO: [ view_end ] --START--
INFO: ShowPageTrace Behavior ::run [ RunTime:0.001352s ]
INFO: [ view_end ] --END-- [ RunTime:0.001597s ]

[ 2014-08-11T21:37:26+08:00 ] 127.0.0.1 /index.php/Service/ask
INFO: [ route_check ] --START--
INFO: CheckRoute Behavior ::run [ RunTime:0.001667s ]
INFO: [ route_check ] --END-- [ RunTime:0.001940s ]
INFO: [ app_begin ] --START--
INFO: ReadHtmlCache Behavior ::run [ RunTime:0.001201s ]
INFO: [ app_begin ] --END-- [ RunTime:0.001461s ]
INFO: [ view_parse ] --START--
INFO: ParseTemplate Behavior ::run [ RunTime:0.036254s ]
INFO: [ view_parse ] --END-- [ RunTime:0.036537s ]
INFO: [ view_filter ] --START--
INFO: ContentReplace Behavior ::run [ RunTime:0.001392s ]
INFO: TokenBuild Behavior ::run [ RunTime:0.001294s ]
INFO: WriteHtmlCache Behavior ::run [ RunTime:0.001162s ]
INFO: ShowRuntime Behavior ::run [ RunTime:0.001553s ]
INFO: [ view_filter ] --END-- [ RunTime:0.006260s ]
INFO: [ view_end ] --START--
INFO: ShowPageTrace Behavior ::run [ RunTime:0.001409s ]
INFO: [ view_end ] --END-- [ RunTime:0.001661s ]

[ 2014-08-11T21:37:40+08:00 ] 127.0.0.1 /index.php/Service/ask
INFO: [ route_check ] --START--
INFO: CheckRoute Behavior ::run [ RunTime:0.001891s ]
INFO: [ route_check ] --END-- [ RunTime:0.002202s ]
INFO: [ app_begin ] --START--
INFO: ReadHtmlCache Behavior ::run [ RunTime:0.001270s ]
INFO: [ app_begin ] --END-- [ RunTime:0.001553s ]
INFO: [ view_parse ] --START--
INFO: ParseTemplate Behavior ::run [ RunTime:0.042445s ]
INFO: [ view_parse ] --END-- [ RunTime:0.042747s ]
INFO: [ view_filter ] --START--
INFO: ContentReplace Behavior ::run [ RunTime:0.001666s ]
INFO: TokenBuild Behavior ::run [ RunTime:0.001454s ]
INFO: WriteHtmlCache Behavior ::run [ RunTime:0.000876s ]
INFO: ShowRuntime Behavior ::run [ RunTime:0.001792s ]
INFO: [ view_filter ] --END-- [ RunTime:0.006634s ]
INFO: [ view_end ] --START--
INFO: ShowPageTrace Behavior ::run [ RunTime:0.001990s ]
INFO: [ view_end ] --END-- [ RunTime:0.002253s ]

[ 2014-08-11T21:37:43+08:00 ] 127.0.0.1 /index.php/Service/ask
INFO: [ route_check ] --START--
INFO: CheckRoute Behavior ::run [ RunTime:0.001415s ]
INFO: [ route_check ] --END-- [ RunTime:0.001721s ]
INFO: [ app_begin ] --START--
INFO: ReadHtmlCache Behavior ::run [ RunTime:0.001098s ]
INFO: [ app_begin ] --END-- [ RunTime:0.001362s ]
INFO: [ view_parse ] --START--
INFO: ParseTemplate Behavior ::run [ RunTime:0.036784s ]
INFO: [ view_parse ] --END-- [ RunTime:0.037073s ]
INFO: [ view_filter ] --START--
INFO: ContentReplace Behavior ::run [ RunTime:0.001211s ]
INFO: TokenBuild Behavior ::run [ RunTime:0.001053s ]
INFO: WriteHtmlCache Behavior ::run [ RunTime:0.000689s ]
INFO: ShowRuntime Behavior ::run [ RunTime:0.001180s ]
INFO: [ view_filter ] --END-- [ RunTime:0.004834s ]
INFO: [ view_end ] --START--
INFO: ShowPageTrace Behavior ::run [ RunTime:0.002025s ]
INFO: [ view_end ] --END-- [ RunTime:0.002299s ]

[ 2014-08-11T21:37:44+08:00 ] 127.0.0.1 /index.php/Service/ask
INFO: [ route_check ] --START--
INFO: CheckRoute Behavior ::run [ RunTime:0.001647s ]
INFO: [ route_check ] --END-- [ RunTime:0.001931s ]
INFO: [ app_begin ] --START--
INFO: ReadHtmlCache Behavior ::run [ RunTime:0.001168s ]
INFO: [ app_begin ] --END-- [ RunTime:0.001434s ]
INFO: [ view_parse ] --START--
INFO: ParseTemplate Behavior ::run [ RunTime:0.037200s ]
INFO: [ view_parse ] --END-- [ RunTime:0.037504s ]
INFO: [ view_filter ] --START--
INFO: ContentReplace Behavior ::run [ RunTime:0.001705s ]
INFO: TokenBuild Behavior ::run [ RunTime:0.003259s ]
INFO: WriteHtmlCache Behavior ::run [ RunTime:0.000841s ]
INFO: ShowRuntime Behavior ::run [ RunTime:0.001345s ]
INFO: [ view_filter ] --END-- [ RunTime:0.007937s ]
INFO: [ view_end ] --START--
INFO: ShowPageTrace Behavior ::run [ RunTime:0.001332s ]
INFO: [ view_end ] --END-- [ RunTime:0.001571s ]

[ 2014-08-11T21:37:50+08:00 ] 127.0.0.1 /index.php/Service/ask
INFO: [ route_check ] --START--
INFO: CheckRoute Behavior ::run [ RunTime:0.001429s ]
INFO: [ route_check ] --END-- [ RunTime:0.001713s ]
INFO: [ app_begin ] --START--
INFO: ReadHtmlCache Behavior ::run [ RunTime:0.001190s ]
INFO: [ app_begin ] --END-- [ RunTime:0.001545s ]
INFO: [ view_parse ] --START--
INFO: ParseTemplate Behavior ::run [ RunTime:0.037430s ]
INFO: [ view_parse ] --END-- [ RunTime:0.037718s ]
INFO: [ view_filter ] --START--
INFO: ContentReplace Behavior ::run [ RunTime:0.001808s ]
INFO: TokenBuild Behavior ::run [ RunTime:0.001754s ]
INFO: WriteHtmlCache Behavior ::run [ RunTime:0.000762s ]
INFO: ShowRuntime Behavior ::run [ RunTime:0.002160s ]
INFO: [ view_filter ] --END-- [ RunTime:0.007793s ]
INFO: [ view_end ] --START--
INFO: ShowPageTrace Behavior ::run [ RunTime:0.001343s ]
INFO: [ view_end ] --END-- [ RunTime:0.001587s ]

[ 2014-08-11T21:37:53+08:00 ] 127.0.0.1 /index.php/Service/ask
INFO: [ route_check ] --START--
INFO: CheckRoute Behavior ::run [ RunTime:0.001390s ]
INFO: [ route_check ] --END-- [ RunTime:0.001680s ]
INFO: [ app_begin ] --START--
INFO: ReadHtmlCache Behavior ::run [ RunTime:0.001354s ]
INFO: [ app_begin ] --END-- [ RunTime:0.001621s ]
INFO: [ view_parse ] --START--
INFO: ParseTemplate Behavior ::run [ RunTime:0.035681s ]
INFO: [ view_parse ] --END-- [ RunTime:0.035961s ]
INFO: [ view_filter ] --START--
INFO: ContentReplace Behavior ::run [ RunTime:0.001471s ]
INFO: TokenBuild Behavior ::run [ RunTime:0.001432s ]
INFO: WriteHtmlCache Behavior ::run [ RunTime:0.000656s ]
INFO: ShowRuntime Behavior ::run [ RunTime:0.001190s ]
INFO: [ view_filter ] --END-- [ RunTime:0.006225s ]
INFO: [ view_end ] --START--
INFO: ShowPageTrace Behavior ::run [ RunTime:0.001159s ]
INFO: [ view_end ] --END-- [ RunTime:0.001401s ]

[ 2014-08-11T21:38:01+08:00 ] 127.0.0.1 /index.php/Service/ask
INFO: [ route_check ] --START--
INFO: CheckRoute Behavior ::run [ RunTime:0.001896s ]
INFO: [ route_check ] --END-- [ RunTime:0.002199s ]
INFO: [ app_begin ] --START--
INFO: ReadHtmlCache Behavior ::run [ RunTime:0.001085s ]
INFO: [ app_begin ] --END-- [ RunTime:0.001332s ]
INFO: [ view_parse ] --START--
INFO: ParseTemplate Behavior ::run [ RunTime:0.046928s ]
INFO: [ view_parse ] --END-- [ RunTime:0.047208s ]
INFO: [ view_filter ] --START--
INFO: ContentReplace Behavior ::run [ RunTime:0.001878s ]
INFO: TokenBuild Behavior ::run [ RunTime:0.001860s ]
INFO: WriteHtmlCache Behavior ::run [ RunTime:0.001325s ]
INFO: ShowRuntime Behavior ::run [ RunTime:0.002491s ]
INFO: [ view_filter ] --END-- [ RunTime:0.011652s ]
INFO: [ view_end ] --START--
INFO: ShowPageTrace Behavior ::run [ RunTime:0.001227s ]
INFO: [ view_end ] --END-- [ RunTime:0.001468s ]

[ 2014-08-11T21:38:13+08:00 ] 127.0.0.1 /index.php/Service/ask
INFO: [ route_check ] --START--
INFO: CheckRoute Behavior ::run [ RunTime:0.001440s ]
INFO: [ route_check ] --END-- [ RunTime:0.001793s ]
INFO: [ app_begin ] --START--
INFO: ReadHtmlCache Behavior ::run [ RunTime:0.001144s ]
INFO: [ app_begin ] --END-- [ RunTime:0.001393s ]
INFO: [ view_parse ] --START--
INFO: ParseTemplate Behavior ::run [ RunTime:0.043119s ]
INFO: [ view_parse ] --END-- [ RunTime:0.043410s ]
INFO: [ view_filter ] --START--
INFO: ContentReplace Behavior ::run [ RunTime:0.001385s ]
INFO: TokenBuild Behavior ::run [ RunTime:0.001211s ]
INFO: WriteHtmlCache Behavior ::run [ RunTime:0.000772s ]
INFO: ShowRuntime Behavior ::run [ RunTime:0.001265s ]
INFO: [ view_filter ] --END-- [ RunTime:0.005428s ]
INFO: [ view_end ] --START--
INFO: ShowPageTrace Behavior ::run [ RunTime:0.001225s ]
INFO: [ view_end ] --END-- [ RunTime:0.001475s ]

[ 2014-08-11T21:43:56+08:00 ] 127.0.0.1 /index.php/Service/ask
INFO: [ route_check ] --START--
INFO: CheckRoute Behavior ::run [ RunTime:0.003479s ]
INFO: [ route_check ] --END-- [ RunTime:0.003758s ]
INFO: [ app_begin ] --START--
INFO: ReadHtmlCache Behavior ::run [ RunTime:0.001219s ]
INFO: [ app_begin ] --END-- [ RunTime:0.001481s ]
INFO: [ view_parse ] --START--
INFO: ParseTemplate Behavior ::run [ RunTime:0.048479s ]
INFO: [ view_parse ] --END-- [ RunTime:0.048955s ]
INFO: [ view_filter ] --START--
INFO: ContentReplace Behavior ::run [ RunTime:0.004162s ]
INFO: TokenBuild Behavior ::run [ RunTime:0.001261s ]
INFO: WriteHtmlCache Behavior ::run [ RunTime:0.000862s ]
INFO: ShowRuntime Behavior ::run [ RunTime:0.001381s ]
INFO: [ view_filter ] --END-- [ RunTime:0.008622s ]
INFO: [ view_end ] --START--
INFO: ShowPageTrace Behavior ::run [ RunTime:0.001371s ]
INFO: [ view_end ] --END-- [ RunTime:0.001726s ]

[ 2014-08-11T21:44:28+08:00 ] 127.0.0.1 /index.php/Service/ask
INFO: [ route_check ] --START--
INFO: CheckRoute Behavior ::run [ RunTime:0.001690s ]
INFO: [ route_check ] --END-- [ RunTime:0.001960s ]
INFO: [ app_begin ] --START--
INFO: ReadHtmlCache Behavior ::run [ RunTime:0.001185s ]
INFO: [ app_begin ] --END-- [ RunTime:0.001441s ]
INFO: [ view_parse ] --START--
INFO: ParseTemplate Behavior ::run [ RunTime:0.039558s ]
INFO: [ view_parse ] --END-- [ RunTime:0.039848s ]
INFO: [ view_filter ] --START--
INFO: ContentReplace Behavior ::run [ RunTime:0.001427s ]
INFO: TokenBuild Behavior ::run [ RunTime:0.001264s ]
INFO: WriteHtmlCache Behavior ::run [ RunTime:0.000839s ]
INFO: ShowRuntime Behavior ::run [ RunTime:0.001462s ]
INFO: [ view_filter ] --END-- [ RunTime:0.005706s ]
INFO: [ view_end ] --START--
INFO: ShowPageTrace Behavior ::run [ RunTime:0.001366s ]
INFO: [ view_end ] --END-- [ RunTime:0.001638s ]

[ 2014-08-11T21:46:33+08:00 ] 127.0.0.1 /index.php/Service/ask
INFO: [ route_check ] --START--
INFO: CheckRoute Behavior ::run [ RunTime:0.001675s ]
INFO: [ route_check ] --END-- [ RunTime:0.001947s ]
INFO: [ app_begin ] --START--
INFO: ReadHtmlCache Behavior ::run [ RunTime:0.001286s ]
INFO: [ app_begin ] --END-- [ RunTime:0.001545s ]
INFO: [ view_parse ] --START--
INFO: ParseTemplate Behavior ::run [ RunTime:0.039648s ]
INFO: [ view_parse ] --END-- [ RunTime:0.039935s ]
INFO: [ view_filter ] --START--
INFO: ContentReplace Behavior ::run [ RunTime:0.001565s ]
INFO: TokenBuild Behavior ::run [ RunTime:0.001452s ]
INFO: WriteHtmlCache Behavior ::run [ RunTime:0.000836s ]
INFO: ShowRuntime Behavior ::run [ RunTime:0.002784s ]
INFO: [ view_filter ] --END-- [ RunTime:0.007351s ]
INFO: [ view_end ] --START--
INFO: ShowPageTrace Behavior ::run [ RunTime:0.001426s ]
INFO: [ view_end ] --END-- [ RunTime:0.001666s ]

[ 2014-08-11T21:46:53+08:00 ] 127.0.0.1 /index.php/Service/ask
INFO: [ route_check ] --START--
INFO: CheckRoute Behavior ::run [ RunTime:0.001662s ]
INFO: [ route_check ] --END-- [ RunTime:0.001934s ]
INFO: [ app_begin ] --START--
INFO: ReadHtmlCache Behavior ::run [ RunTime:0.001153s ]
INFO: [ app_begin ] --END-- [ RunTime:0.001441s ]
INFO: [ view_parse ] --START--
INFO: ParseTemplate Behavior ::run [ RunTime:0.041920s ]
INFO: [ view_parse ] --END-- [ RunTime:0.042301s ]
INFO: [ view_filter ] --START--
INFO: ContentReplace Behavior ::run [ RunTime:0.001920s ]
INFO: TokenBuild Behavior ::run [ RunTime:0.001808s ]
INFO: WriteHtmlCache Behavior ::run [ RunTime:0.001699s ]
INFO: ShowRuntime Behavior ::run [ RunTime:0.001570s ]
INFO: [ view_filter ] --END-- [ RunTime:0.007792s ]
INFO: [ view_end ] --START--
INFO: ShowPageTrace Behavior ::run [ RunTime:0.002552s ]
INFO: [ view_end ] --END-- [ RunTime:0.002805s ]

[ 2014-08-11T21:47:05+08:00 ] 127.0.0.1 /index.php/Service/ask
INFO: [ route_check ] --START--
INFO: CheckRoute Behavior ::run [ RunTime:0.001687s ]
INFO: [ route_check ] --END-- [ RunTime:0.001967s ]
INFO: [ app_begin ] --START--
INFO: ReadHtmlCache Behavior ::run [ RunTime:0.001160s ]
INFO: [ app_begin ] --END-- [ RunTime:0.001411s ]
INFO: [ view_parse ] --START--
INFO: ParseTemplate Behavior ::run [ RunTime:0.051483s ]
INFO: [ view_parse ] --END-- [ RunTime:0.051917s ]
INFO: [ view_filter ] --START--
INFO: ContentReplace Behavior ::run [ RunTime:0.001543s ]
INFO: TokenBuild Behavior ::run [ RunTime:0.001336s ]
INFO: WriteHtmlCache Behavior ::run [ RunTime:0.000835s ]
INFO: ShowRuntime Behavior ::run [ RunTime:0.001366s ]
INFO: [ view_filter ] --END-- [ RunTime:0.005801s ]
INFO: [ view_end ] --START--
INFO: ShowPageTrace Behavior ::run [ RunTime:0.001540s ]
INFO: [ view_end ] --END-- [ RunTime:0.001879s ]

[ 2014-08-11T21:50:16+08:00 ] 127.0.0.1 /index.php/Service/ask
INFO: [ route_check ] --START--
INFO: CheckRoute Behavior ::run [ RunTime:0.001754s ]
INFO: [ route_check ] --END-- [ RunTime:0.002041s ]
INFO: [ app_begin ] --START--
INFO: ReadHtmlCache Behavior ::run [ RunTime:0.001257s ]
INFO: [ app_begin ] --END-- [ RunTime:0.001533s ]
INFO: [ view_parse ] --START--
INFO: ParseTemplate Behavior ::run [ RunTime:0.043025s ]
INFO: [ view_parse ] --END-- [ RunTime:0.043310s ]
INFO: [ view_filter ] --START--
INFO: ContentReplace Behavior ::run [ RunTime:0.002376s ]
INFO: TokenBuild Behavior ::run [ RunTime:0.001250s ]
INFO: WriteHtmlCache Behavior ::run [ RunTime:0.000867s ]
INFO: ShowRuntime Behavior ::run [ RunTime:0.001476s ]
INFO: [ view_filter ] --END-- [ RunTime:0.006676s ]
INFO: [ view_end ] --START--
INFO: ShowPageTrace Behavior ::run [ RunTime:0.001800s ]
INFO: [ view_end ] --END-- [ RunTime:0.002046s ]

[ 2014-08-11T21:55:37+08:00 ] 127.0.0.1 /index.php/Service/ask
INFO: [ route_check ] --START--
INFO: CheckRoute Behavior ::run [ RunTime:0.002064s ]
INFO: [ route_check ] --END-- [ RunTime:0.002362s ]
INFO: [ app_begin ] --START--
INFO: ReadHtmlCache Behavior ::run [ RunTime:0.001299s ]
INFO: [ app_begin ] --END-- [ RunTime:0.001588s ]
INFO: [ view_parse ] --START--
INFO: ParseTemplate Behavior ::run [ RunTime:0.047341s ]
INFO: [ view_parse ] --END-- [ RunTime:0.047660s ]
INFO: [ view_filter ] --START--
INFO: ContentReplace Behavior ::run [ RunTime:0.001664s ]
INFO: TokenBuild Behavior ::run [ RunTime:0.001372s ]
INFO: WriteHtmlCache Behavior ::run [ RunTime:0.000829s ]
INFO: ShowRuntime Behavior ::run [ RunTime:0.001826s ]
INFO: [ view_filter ] --END-- [ RunTime:0.006412s ]
INFO: [ view_end ] --START--
INFO: ShowPageTrace Behavior ::run [ RunTime:0.001445s ]
INFO: [ view_end ] --END-- [ RunTime:0.001692s ]

[ 2014-08-11T21:55:55+08:00 ] 127.0.0.1 /index.php/Service/ask
INFO: [ route_check ] --START--
INFO: CheckRoute Behavior ::run [ RunTime:0.001774s ]
INFO: [ route_check ] --END-- [ RunTime:0.002072s ]
INFO: [ app_begin ] --START--
INFO: ReadHtmlCache Behavior ::run [ RunTime:0.001192s ]
INFO: [ app_begin ] --END-- [ RunTime:0.001453s ]
INFO: [ view_parse ] --START--
INFO: ParseTemplate Behavior ::run [ RunTime:0.045116s ]
INFO: [ view_parse ] --END-- [ RunTime:0.045590s ]
INFO: [ view_filter ] --START--
INFO: ContentReplace Behavior ::run [ RunTime:0.001860s ]
INFO: TokenBuild Behavior ::run [ RunTime:0.001583s ]
INFO: WriteHtmlCache Behavior ::run [ RunTime:0.000820s ]
INFO: ShowRuntime Behavior ::run [ RunTime:0.001514s ]
INFO: [ view_filter ] --END-- [ RunTime:0.006545s ]
INFO: [ view_end ] --START--
INFO: ShowPageTrace Behavior ::run [ RunTime:0.001390s ]
INFO: [ view_end ] --END-- [ RunTime:0.001661s ]

[ 2014-08-11T21:56:02+08:00 ] 127.0.0.1 /index.php/Service/ask
INFO: [ route_check ] --START--
INFO: CheckRoute Behavior ::run [ RunTime:0.001679s ]
INFO: [ route_check ] --END-- [ RunTime:0.001959s ]
INFO: [ app_begin ] --START--
INFO: ReadHtmlCache Behavior ::run [ RunTime:0.001164s ]
INFO: [ app_begin ] --END-- [ RunTime:0.001414s ]
INFO: [ view_parse ] --START--
INFO: ParseTemplate Behavior ::run [ RunTime:0.058561s ]
INFO: [ view_parse ] --END-- [ RunTime:0.058896s ]
INFO: [ view_filter ] --START--
INFO: ContentReplace Behavior ::run [ RunTime:0.001954s ]
INFO: TokenBuild Behavior ::run [ RunTime:0.001262s ]
INFO: WriteHtmlCache Behavior ::run [ RunTime:0.000836s ]
INFO: ShowRuntime Behavior ::run [ RunTime:0.001426s ]
INFO: [ view_filter ] --END-- [ RunTime:0.006376s ]
INFO: [ view_end ] --START--
INFO: ShowPageTrace Behavior ::run [ RunTime:0.001761s ]
INFO: [ view_end ] --END-- [ RunTime:0.002088s ]

[ 2014-08-11T21:56:30+08:00 ] 127.0.0.1 /index.php/Service/ask
INFO: [ route_check ] --START--
INFO: CheckRoute Behavior ::run [ RunTime:0.002869s ]
INFO: [ route_check ] --END-- [ RunTime:0.003149s ]
INFO: [ app_begin ] --START--
INFO: ReadHtmlCache Behavior ::run [ RunTime:0.001530s ]
INFO: [ app_begin ] --END-- [ RunTime:0.001800s ]
INFO: [ view_parse ] --START--
INFO: ParseTemplate Behavior ::run [ RunTime:0.044409s ]
INFO: [ view_parse ] --END-- [ RunTime:0.044691s ]
INFO: [ view_filter ] --START--
INFO: ContentReplace Behavior ::run [ RunTime:0.001648s ]
INFO: TokenBuild Behavior ::run [ RunTime:0.001292s ]
INFO: WriteHtmlCache Behavior ::run [ RunTime:0.000951s ]
INFO: ShowRuntime Behavior ::run [ RunTime:0.002997s ]
INFO: [ view_filter ] --END-- [ RunTime:0.007909s ]
INFO: [ view_end ] --START--
INFO: ShowPageTrace Behavior ::run [ RunTime:0.001788s ]
INFO: [ view_end ] --END-- [ RunTime:0.002043s ]

[ 2014-08-11T21:57:36+08:00 ] 127.0.0.1 /index.php/Service/ask
INFO: [ route_check ] --START--
INFO: CheckRoute Behavior ::run [ RunTime:0.001706s ]
INFO: [ route_check ] --END-- [ RunTime:0.001981s ]
INFO: [ app_begin ] --START--
INFO: ReadHtmlCache Behavior ::run [ RunTime:0.001201s ]
INFO: [ app_begin ] --END-- [ RunTime:0.001450s ]
INFO: [ view_parse ] --START--
INFO: ParseTemplate Behavior ::run [ RunTime:0.040929s ]
INFO: [ view_parse ] --END-- [ RunTime:0.041226s ]
INFO: [ view_filter ] --START--
INFO: ContentReplace Behavior ::run [ RunTime:0.001381s ]
INFO: TokenBuild Behavior ::run [ RunTime:0.001352s ]
INFO: WriteHtmlCache Behavior ::run [ RunTime:0.000755s ]
INFO: ShowRuntime Behavior ::run [ RunTime:0.001386s ]
INFO: [ view_filter ] --END-- [ RunTime:0.005576s ]
INFO: [ view_end ] --START--
INFO: ShowPageTrace Behavior ::run [ RunTime:0.001173s ]
INFO: [ view_end ] --END-- [ RunTime:0.001412s ]

[ 2014-08-11T22:00:42+08:00 ] 127.0.0.1 /index.php/Service/ask
INFO: [ route_check ] --START--
INFO: CheckRoute Behavior ::run [ RunTime:0.002366s ]
INFO: [ route_check ] --END-- [ RunTime:0.002647s ]
INFO: [ app_begin ] --START--
INFO: ReadHtmlCache Behavior ::run [ RunTime:0.001255s ]
INFO: [ app_begin ] --END-- [ RunTime:0.001525s ]
INFO: [ view_parse ] --START--
INFO: ParseTemplate Behavior ::run [ RunTime:0.059143s ]
INFO: [ view_parse ] --END-- [ RunTime:0.059547s ]
INFO: [ view_filter ] --START--
INFO: ContentReplace Behavior ::run [ RunTime:0.001643s ]
INFO: TokenBuild Behavior ::run [ RunTime:0.003154s ]
INFO: WriteHtmlCache Behavior ::run [ RunTime:0.000981s ]
INFO: ShowRuntime Behavior ::run [ RunTime:0.001384s ]
INFO: [ view_filter ] --END-- [ RunTime:0.007880s ]
INFO: [ view_end ] --START--
INFO: ShowPageTrace Behavior ::run [ RunTime:0.001715s ]
INFO: [ view_end ] --END-- [ RunTime:0.001956s ]

[ 2014-08-11T22:00:54+08:00 ] 127.0.0.1 /index.php/Service/ask
INFO: [ route_check ] --START--
INFO: CheckRoute Behavior ::run [ RunTime:0.002181s ]
INFO: [ route_check ] --END-- [ RunTime:0.002534s ]
INFO: [ app_begin ] --START--
INFO: ReadHtmlCache Behavior ::run [ RunTime:0.001702s ]
INFO: [ app_begin ] --END-- [ RunTime:0.002036s ]
INFO: [ view_parse ] --START--
INFO: ParseTemplate Behavior ::run [ RunTime:0.094346s ]
INFO: [ view_parse ] --END-- [ RunTime:0.094660s ]
INFO: [ view_filter ] --START--
INFO: ContentReplace Behavior ::run [ RunTime:0.001603s ]
INFO: TokenBuild Behavior ::run [ RunTime:0.001354s ]
INFO: WriteHtmlCache Behavior ::run [ RunTime:0.000865s ]
INFO: ShowRuntime Behavior ::run [ RunTime:0.001432s ]
INFO: [ view_filter ] --END-- [ RunTime:0.005963s ]
INFO: [ view_end ] --START--
INFO: ShowPageTrace Behavior ::run [ RunTime:0.001863s ]
INFO: [ view_end ] --END-- [ RunTime:0.002117s ]

[ 2014-08-11T22:01:37+08:00 ] 127.0.0.1 /index.php/Service/ask
INFO: [ route_check ] --START--
INFO: CheckRoute Behavior ::run [ RunTime:0.001736s ]
INFO: [ route_check ] --END-- [ RunTime:0.002074s ]
INFO: [ app_begin ] --START--
INFO: ReadHtmlCache Behavior ::run [ RunTime:0.001343s ]
INFO: [ app_begin ] --END-- [ RunTime:0.001656s ]
INFO: [ view_parse ] --START--
INFO: ParseTemplate Behavior ::run [ RunTime:0.043712s ]
INFO: [ view_parse ] --END-- [ RunTime:0.044026s ]
INFO: [ view_filter ] --START--
INFO: ContentReplace Behavior ::run [ RunTime:0.001405s ]
INFO: TokenBuild Behavior ::run [ RunTime:0.001034s ]
INFO: WriteHtmlCache Behavior ::run [ RunTime:0.000644s ]
INFO: ShowRuntime Behavior ::run [ RunTime:0.001455s ]
INFO: [ view_filter ] --END-- [ RunTime:0.005282s ]
INFO: [ view_end ] --START--
INFO: ShowPageTrace Behavior ::run [ RunTime:0.001203s ]
INFO: [ view_end ] --END-- [ RunTime:0.001445s ]

[ 2014-08-11T22:02:07+08:00 ] 127.0.0.1 /index.php/Service/ask
INFO: [ route_check ] --START--
INFO: CheckRoute Behavior ::run [ RunTime:0.001936s ]
INFO: [ route_check ] --END-- [ RunTime:0.002296s ]
INFO: [ app_begin ] --START--
INFO: ReadHtmlCache Behavior ::run [ RunTime:0.001993s ]
INFO: [ app_begin ] --END-- [ RunTime:0.002414s ]
INFO: [ view_parse ] --START--
INFO: ParseTemplate Behavior ::run [ RunTime:0.052761s ]
INFO: [ view_parse ] --END-- [ RunTime:0.053072s ]
INFO: [ view_filter ] --START--
INFO: ContentReplace Behavior ::run [ RunTime:0.001512s ]
INFO: TokenBuild Behavior ::run [ RunTime:0.001454s ]
INFO: WriteHtmlCache Behavior ::run [ RunTime:0.000817s ]
INFO: ShowRuntime Behavior ::run [ RunTime:0.001326s ]
INFO: [ view_filter ] --END-- [ RunTime:0.006500s ]
INFO: [ view_end ] --START--
INFO: ShowPageTrace Behavior ::run [ RunTime:0.001454s ]
INFO: [ view_end ] --END-- [ RunTime:0.001696s ]

[ 2014-08-11T22:02:48+08:00 ] 127.0.0.1 /index.php/Service/ask
INFO: [ route_check ] --START--
INFO: CheckRoute Behavior ::run [ RunTime:0.002391s ]
INFO: [ route_check ] --END-- [ RunTime:0.002695s ]
INFO: [ app_begin ] --START--
INFO: ReadHtmlCache Behavior ::run [ RunTime:0.001520s ]
INFO: [ app_begin ] --END-- [ RunTime:0.001803s ]
INFO: [ view_parse ] --START--
INFO: ParseTemplate Behavior ::run [ RunTime:0.046459s ]
INFO: [ view_parse ] --END-- [ RunTime:0.046751s ]
INFO: [ view_filter ] --START--
INFO: ContentReplace Behavior ::run [ RunTime:0.001630s ]
INFO: TokenBuild Behavior ::run [ RunTime:0.001226s ]
INFO: WriteHtmlCache Behavior ::run [ RunTime:0.001368s ]
INFO: ShowRuntime Behavior ::run [ RunTime:0.001442s ]
INFO: [ view_filter ] --END-- [ RunTime:0.006389s ]
INFO: [ view_end ] --START--
INFO: ShowPageTrace Behavior ::run [ RunTime:0.001398s ]
INFO: [ view_end ] --END-- [ RunTime:0.001637s ]

[ 2014-08-11T22:03:22+08:00 ] 127.0.0.1 /index.php/Service/ask
INFO: [ route_check ] --START--
INFO: CheckRoute Behavior ::run [ RunTime:0.001659s ]
INFO: [ route_check ] --END-- [ RunTime:0.001934s ]
INFO: [ app_begin ] --START--
INFO: ReadHtmlCache Behavior ::run [ RunTime:0.001159s ]
INFO: [ app_begin ] --END-- [ RunTime:0.001412s ]
INFO: [ view_parse ] --START--
INFO: ParseTemplate Behavior ::run [ RunTime:0.041684s ]
INFO: [ view_parse ] --END-- [ RunTime:0.041968s ]
INFO: [ view_filter ] --START--
INFO: ContentReplace Behavior ::run [ RunTime:0.001645s ]
INFO: TokenBuild Behavior ::run [ RunTime:0.001231s ]
INFO: WriteHtmlCache Behavior ::run [ RunTime:0.000882s ]
INFO: ShowRuntime Behavior ::run [ RunTime:0.001444s ]
INFO: [ view_filter ] --END-- [ RunTime:0.005952s ]
INFO: [ view_end ] --START--
INFO: ShowPageTrace Behavior ::run [ RunTime:0.001821s ]
INFO: [ view_end ] --END-- [ RunTime:0.002081s ]

[ 2014-08-11T22:03:36+08:00 ] 127.0.0.1 /index.php/Service/ask
INFO: [ route_check ] --START--
INFO: CheckRoute Behavior ::run [ RunTime:0.002078s ]
INFO: [ route_check ] --END-- [ RunTime:0.002370s ]
INFO: [ app_begin ] --START--
INFO: ReadHtmlCache Behavior ::run [ RunTime:0.001261s ]
INFO: [ app_begin ] --END-- [ RunTime:0.001514s ]
INFO: [ view_parse ] --START--
INFO: ParseTemplate Behavior ::run [ RunTime:0.042717s ]
INFO: [ view_parse ] --END-- [ RunTime:0.043001s ]
INFO: [ view_filter ] --START--
INFO: ContentReplace Behavior ::run [ RunTime:0.002602s ]
INFO: TokenBuild Behavior ::run [ RunTime:0.001799s ]
INFO: WriteHtmlCache Behavior ::run [ RunTime:0.000874s ]
INFO: ShowRuntime Behavior ::run [ RunTime:0.001519s ]
INFO: [ view_filter ] --END-- [ RunTime:0.007807s ]
INFO: [ view_end ] --START--
INFO: ShowPageTrace Behavior ::run [ RunTime:0.001406s ]
INFO: [ view_end ] --END-- [ RunTime:0.001648s ]

[ 2014-08-11T22:03:46+08:00 ] 127.0.0.1 /index.php/Service/ask
INFO: [ route_check ] --START--
INFO: CheckRoute Behavior ::run [ RunTime:0.001691s ]
INFO: [ route_check ] --END-- [ RunTime:0.001959s ]
INFO: [ app_begin ] --START--
INFO: ReadHtmlCache Behavior ::run [ RunTime:0.004188s ]
INFO: [ app_begin ] --END-- [ RunTime:0.004462s ]
INFO: [ view_parse ] --START--
INFO: ParseTemplate Behavior ::run [ RunTime:0.050045s ]
INFO: [ view_parse ] --END-- [ RunTime:0.050335s ]
INFO: [ view_filter ] --START--
INFO: ContentReplace Behavior ::run [ RunTime:0.001704s ]
INFO: TokenBuild Behavior ::run [ RunTime:0.001316s ]
INFO: WriteHtmlCache Behavior ::run [ RunTime:0.001043s ]
INFO: ShowRuntime Behavior ::run [ RunTime:0.003565s ]
INFO: [ view_filter ] --END-- [ RunTime:0.008438s ]
INFO: [ view_end ] --START--
INFO: ShowPageTrace Behavior ::run [ RunTime:0.001517s ]
INFO: [ view_end ] --END-- [ RunTime:0.001822s ]

[ 2014-08-11T22:04:10+08:00 ] 127.0.0.1 /index.php/Service/ask
INFO: [ route_check ] --START--
INFO: CheckRoute Behavior ::run [ RunTime:0.001489s ]
INFO: [ route_check ] --END-- [ RunTime:0.001763s ]
INFO: [ app_begin ] --START--
INFO: ReadHtmlCache Behavior ::run [ RunTime:0.001051s ]
INFO: [ app_begin ] --END-- [ RunTime:0.001290s ]
INFO: [ view_parse ] --START--
INFO: ParseTemplate Behavior ::run [ RunTime:0.043454s ]
INFO: [ view_parse ] --END-- [ RunTime:0.043743s ]
INFO: [ view_filter ] --START--
INFO: ContentReplace Behavior ::run [ RunTime:0.001428s ]
INFO: TokenBuild Behavior ::run [ RunTime:0.001065s ]
INFO: WriteHtmlCache Behavior ::run [ RunTime:0.000668s ]
INFO: ShowRuntime Behavior ::run [ RunTime:0.001372s ]
INFO: [ view_filter ] --END-- [ RunTime:0.005257s ]
INFO: [ view_end ] --START--
INFO: ShowPageTrace Behavior ::run [ RunTime:0.001970s ]
INFO: [ view_end ] --END-- [ RunTime:0.002225s ]

[ 2014-08-11T22:04:37+08:00 ] 127.0.0.1 /index.php/Service/ask
INFO: [ route_check ] --START--
INFO: CheckRoute Behavior ::run [ RunTime:0.001420s ]
INFO: [ route_check ] --END-- [ RunTime:0.001695s ]
INFO: [ app_begin ] --START--
INFO: ReadHtmlCache Behavior ::run [ RunTime:0.001347s ]
INFO: [ app_begin ] --END-- [ RunTime:0.001614s ]
INFO: [ view_parse ] --START--
INFO: ParseTemplate Behavior ::run [ RunTime:0.043455s ]
INFO: [ view_parse ] --END-- [ RunTime:0.043738s ]
INFO: [ view_filter ] --START--
INFO: ContentReplace Behavior ::run [ RunTime:0.001401s ]
INFO: TokenBuild Behavior ::run [ RunTime:0.001183s ]
INFO: WriteHtmlCache Behavior ::run [ RunTime:0.000981s ]
INFO: ShowRuntime Behavior ::run [ RunTime:0.001437s ]
INFO: [ view_filter ] --END-- [ RunTime:0.005779s ]
INFO: [ view_end ] --START--
INFO: ShowPageTrace Behavior ::run [ RunTime:0.001799s ]
INFO: [ view_end ] --END-- [ RunTime:0.002048s ]

[ 2014-08-11T22:05:09+08:00 ] 127.0.0.1 /index.php/Service/ask
INFO: [ route_check ] --START--
INFO: CheckRoute Behavior ::run [ RunTime:0.001526s ]
INFO: [ route_check ] --END-- [ RunTime:0.001811s ]
INFO: [ app_begin ] --START--
INFO: ReadHtmlCache Behavior ::run [ RunTime:0.001125s ]
INFO: [ app_begin ] --END-- [ RunTime:0.001364s ]
INFO: [ view_parse ] --START--
INFO: ParseTemplate Behavior ::run [ RunTime:0.050067s ]
INFO: [ view_parse ] --END-- [ RunTime:0.050832s ]
INFO: [ view_filter ] --START--
INFO: ContentReplace Behavior ::run [ RunTime:0.003931s ]
INFO: TokenBuild Behavior ::run [ RunTime:0.001318s ]
INFO: WriteHtmlCache Behavior ::run [ RunTime:0.000672s ]
INFO: ShowRuntime Behavior ::run [ RunTime:0.001239s ]
INFO: [ view_filter ] --END-- [ RunTime:0.008019s ]
INFO: [ view_end ] --START--
INFO: ShowPageTrace Behavior ::run [ RunTime:0.001232s ]
INFO: [ view_end ] --END-- [ RunTime:0.001785s ]

[ 2014-08-11T22:05:26+08:00 ] 127.0.0.1 /index.php/Service/ask
INFO: [ route_check ] --START--
INFO: CheckRoute Behavior ::run [ RunTime:0.002277s ]
INFO: [ route_check ] --END-- [ RunTime:0.002569s ]
INFO: [ app_begin ] --START--
INFO: ReadHtmlCache Behavior ::run [ RunTime:0.001172s ]
INFO: [ app_begin ] --END-- [ RunTime:0.001419s ]
INFO: [ view_parse ] --START--
INFO: ParseTemplate Behavior ::run [ RunTime:0.055339s ]
INFO: [ view_parse ] --END-- [ RunTime:0.055619s ]
INFO: [ view_filter ] --START--
INFO: ContentReplace Behavior ::run [ RunTime:0.001765s ]
INFO: TokenBuild Behavior ::run [ RunTime:0.001231s ]
INFO: WriteHtmlCache Behavior ::run [ RunTime:0.000808s ]
INFO: ShowRuntime Behavior ::run [ RunTime:0.001425s ]
INFO: [ view_filter ] --END-- [ RunTime:0.005933s ]
INFO: [ view_end ] --START--
INFO: ShowPageTrace Behavior ::run [ RunTime:0.001703s ]
INFO: [ view_end ] --END-- [ RunTime:0.001954s ]

[ 2014-08-11T22:53:38+08:00 ] 127.0.0.1 /index.php/Service/ask
INFO: [ route_check ] --START--
INFO: CheckRoute Behavior ::run [ RunTime:0.001860s ]
INFO: [ route_check ] --END-- [ RunTime:0.002131s ]
INFO: [ app_begin ] --START--
INFO: ReadHtmlCache Behavior ::run [ RunTime:0.001184s ]
INFO: [ app_begin ] --END-- [ RunTime:0.001454s ]
INFO: [ view_parse ] --START--
INFO: ParseTemplate Behavior ::run [ RunTime:0.045296s ]
INFO: [ view_parse ] --END-- [ RunTime:0.045572s ]
INFO: [ view_filter ] --START--
INFO: ContentReplace Behavior ::run [ RunTime:0.002030s ]
INFO: TokenBuild Behavior ::run [ RunTime:0.002015s ]
INFO: WriteHtmlCache Behavior ::run [ RunTime:0.000884s ]
INFO: ShowRuntime Behavior ::run [ RunTime:0.001607s ]
INFO: [ view_filter ] --END-- [ RunTime:0.007373s ]
INFO: [ view_end ] --START--
INFO: ShowPageTrace Behavior ::run [ RunTime:0.001528s ]
INFO: [ view_end ] --END-- [ RunTime:0.001778s ]

[ 2014-08-11T22:55:58+08:00 ] 127.0.0.1 /index.php/Service/ask
INFO: [ route_check ] --START--
INFO: CheckRoute Behavior ::run [ RunTime:0.001789s ]
INFO: [ route_check ] --END-- [ RunTime:0.002073s ]
INFO: [ app_begin ] --START--
INFO: ReadHtmlCache Behavior ::run [ RunTime:0.001225s ]
INFO: [ app_begin ] --END-- [ RunTime:0.001496s ]
INFO: [ view_parse ] --START--
INFO: ParseTemplate Behavior ::run [ RunTime:0.049334s ]
INFO: [ view_parse ] --END-- [ RunTime:0.049615s ]
INFO: [ view_filter ] --START--
INFO: ContentReplace Behavior ::run [ RunTime:0.002532s ]
INFO: TokenBuild Behavior ::run [ RunTime:0.001237s ]
INFO: WriteHtmlCache Behavior ::run [ RunTime:0.000809s ]
INFO: ShowRuntime Behavior ::run [ RunTime:0.001469s ]
INFO: [ view_filter ] --END-- [ RunTime:0.006797s ]
INFO: [ view_end ] --START--
INFO: ShowPageTrace Behavior ::run [ RunTime:0.002238s ]
INFO: [ view_end ] --END-- [ RunTime:0.002521s ]

[ 2014-08-11T23:48:50+08:00 ] 127.0.0.1 /index.php/Service/ask
INFO: [ route_check ] --START--
INFO: CheckRoute Behavior ::run [ RunTime:0.001709s ]
INFO: [ route_check ] --END-- [ RunTime:0.002260s ]
INFO: [ app_begin ] --START--
INFO: ReadHtmlCache Behavior ::run [ RunTime:0.002475s ]
INFO: [ app_begin ] --END-- [ RunTime:0.002737s ]
INFO: [ view_parse ] --START--
INFO: ParseTemplate Behavior ::run [ RunTime:0.043035s ]
INFO: [ view_parse ] --END-- [ RunTime:0.043315s ]
INFO: [ view_filter ] --START--
INFO: ContentReplace Behavior ::run [ RunTime:0.002857s ]
INFO: TokenBuild Behavior ::run [ RunTime:0.001388s ]
INFO: WriteHtmlCache Behavior ::run [ RunTime:0.001242s ]
INFO: ShowRuntime Behavior ::run [ RunTime:0.001455s ]
INFO: [ view_filter ] --END-- [ RunTime:0.007661s ]
INFO: [ view_end ] --START--
INFO: ShowPageTrace Behavior ::run [ RunTime:0.001404s ]
INFO: [ view_end ] --END-- [ RunTime:0.001651s ]

[ 2014-08-11T23:49:20+08:00 ] 127.0.0.1 /index.php/Service/ask
INFO: [ route_check ] --START--
INFO: CheckRoute Behavior ::run [ RunTime:0.001733s ]
INFO: [ route_check ] --END-- [ RunTime:0.002005s ]
INFO: [ app_begin ] --START--
INFO: ReadHtmlCache Behavior ::run [ RunTime:0.001249s ]
INFO: [ app_begin ] --END-- [ RunTime:0.001516s ]
INFO: [ view_parse ] --START--
INFO: ParseTemplate Behavior ::run [ RunTime:0.041618s ]
INFO: [ view_parse ] --END-- [ RunTime:0.041912s ]
INFO: [ view_filter ] --START--
INFO: ContentReplace Behavior ::run [ RunTime:0.001801s ]
INFO: TokenBuild Behavior ::run [ RunTime:0.001218s ]
INFO: WriteHtmlCache Behavior ::run [ RunTime:0.000841s ]
INFO: ShowRuntime Behavior ::run [ RunTime:0.002824s ]
INFO: [ view_filter ] --END-- [ RunTime:0.007524s ]
INFO: [ view_end ] --START--
INFO: ShowPageTrace Behavior ::run [ RunTime:0.001573s ]
INFO: [ view_end ] --END-- [ RunTime:0.001816s ]

[ 2014-08-11T23:49:33+08:00 ] 127.0.0.1 /index.php/Service/ask
INFO: [ route_check ] --START--
INFO: CheckRoute Behavior ::run [ RunTime:0.001754s ]
INFO: [ route_check ] --END-- [ RunTime:0.002038s ]
INFO: [ app_begin ] --START--
INFO: ReadHtmlCache Behavior ::run [ RunTime:0.001171s ]
INFO: [ app_begin ] --END-- [ RunTime:0.001420s ]
INFO: [ view_parse ] --START--
INFO: ParseTemplate Behavior ::run [ RunTime:0.051912s ]
INFO: [ view_parse ] --END-- [ RunTime:0.052250s ]
INFO: [ view_filter ] --START--
INFO: ContentReplace Behavior ::run [ RunTime:0.001647s ]
INFO: TokenBuild Behavior ::run [ RunTime:0.001334s ]
INFO: WriteHtmlCache Behavior ::run [ RunTime:0.000932s ]
INFO: ShowRuntime Behavior ::run [ RunTime:0.001477s ]
INFO: [ view_filter ] --END-- [ RunTime:0.006107s ]
INFO: [ view_end ] --START--
INFO: ShowPageTrace Behavior ::run [ RunTime:0.001378s ]
INFO: [ view_end ] --END-- [ RunTime:0.001621s ]

