[ 2014-08-16T12:47:53+08:00 ] 127.0.0.1 /index.php/Service/ask
INFO: [ route_check ] --START--
INFO: CheckRoute Behavior ::run [ RunTime:0.001841s ]
INFO: [ route_check ] --END-- [ RunTime:0.002129s ]
INFO: [ app_begin ] --START--
INFO: ReadHtmlCache Behavior ::run [ RunTime:0.001222s ]
INFO: [ app_begin ] --END-- [ RunTime:0.001480s ]
INFO: [ view_parse ] --START--
INFO: ParseTemplate Behavior ::run [ RunTime:0.058792s ]
INFO: [ view_parse ] --END-- [ RunTime:0.059086s ]
INFO: [ view_filter ] --START--
INFO: ContentReplace Behavior ::run [ RunTime:0.001803s ]
INFO: TokenBuild Behavior ::run [ RunTime:0.001264s ]
INFO: WriteHtmlCache Behavior ::run [ RunTime:0.000836s ]
INFO: ShowRuntime Behavior ::run [ RunTime:0.001419s ]
INFO: [ view_filter ] --END-- [ RunTime:0.006060s ]
INFO: [ view_end ] --START--
INFO: ShowPageTrace Behavior ::run [ RunTime:0.001581s ]
INFO: [ view_end ] --END-- [ RunTime:0.001825s ]

[ 2014-08-16T17:10:49+08:00 ] 127.0.0.1 /index.php/Service/ask
INFO: [ route_check ] --START--
INFO: CheckRoute Behavior ::run [ RunTime:0.002032s ]
INFO: [ route_check ] --END-- [ RunTime:0.002344s ]
INFO: [ app_begin ] --START--
INFO: ReadHtmlCache Behavior ::run [ RunTime:0.001241s ]
INFO: [ app_begin ] --END-- [ RunTime:0.001623s ]
INFO: [ view_parse ] --START--
INFO: ParseTemplate Behavior ::run [ RunTime:0.062701s ]
INFO: [ view_parse ] --END-- [ RunTime:0.062985s ]
INFO: [ view_filter ] --START--
INFO: ContentReplace Behavior ::run [ RunTime:0.001854s ]
INFO: TokenBuild Behavior ::run [ RunTime:0.001360s ]
INFO: WriteHtmlCache Behavior ::run [ RunTime:0.001172s ]
INFO: ShowRuntime Behavior ::run [ RunTime:0.003507s ]
INFO: [ view_filter ] --END-- [ RunTime:0.008622s ]
INFO: [ view_end ] --START--
INFO: ShowPageTrace Behavior ::run [ RunTime:0.001540s ]
INFO: [ view_end ] --END-- [ RunTime:0.001808s ]

[ 2014-08-16T17:12:02+08:00 ] 127.0.0.1 /index.php/Service/ask
INFO: [ route_check ] --START--
INFO: CheckRoute Behavior ::run [ RunTime:0.001920s ]
INFO: [ route_check ] --END-- [ RunTime:0.002197s ]
INFO: [ app_begin ] --START--
INFO: ReadHtmlCache Behavior ::run [ RunTime:0.001137s ]
INFO: [ app_begin ] --END-- [ RunTime:0.001385s ]
INFO: [ view_parse ] --START--
INFO: ParseTemplate Behavior ::run [ RunTime:0.054041s ]
INFO: [ view_parse ] --END-- [ RunTime:0.054404s ]
INFO: [ view_filter ] --START--
INFO: ContentReplace Behavior ::run [ RunTime:0.002793s ]
INFO: TokenBuild Behavior ::run [ RunTime:0.001539s ]
INFO: WriteHtmlCache Behavior ::run [ RunTime:0.000811s ]
INFO: ShowRuntime Behavior ::run [ RunTime:0.001423s ]
INFO: [ view_filter ] --END-- [ RunTime:0.007352s ]
INFO: [ view_end ] --START--
INFO: ShowPageTrace Behavior ::run [ RunTime:0.001322s ]
INFO: [ view_end ] --END-- [ RunTime:0.001565s ]

[ 2014-08-16T17:13:23+08:00 ] 127.0.0.1 /index.php/Service/ask
INFO: [ route_check ] --START--
INFO: CheckRoute Behavior ::run [ RunTime:0.001919s ]
INFO: [ route_check ] --END-- [ RunTime:0.002192s ]
INFO: [ app_begin ] --START--
INFO: ReadHtmlCache Behavior ::run [ RunTime:0.002443s ]
INFO: [ app_begin ] --END-- [ RunTime:0.002708s ]
INFO: [ view_parse ] --START--
INFO: ParseTemplate Behavior ::run [ RunTime:0.053351s ]
INFO: [ view_parse ] --END-- [ RunTime:0.053636s ]
INFO: [ view_filter ] --START--
INFO: ContentReplace Behavior ::run [ RunTime:0.003084s ]
INFO: TokenBuild Behavior ::run [ RunTime:0.002128s ]
INFO: WriteHtmlCache Behavior ::run [ RunTime:0.001436s ]
INFO: ShowRuntime Behavior ::run [ RunTime:0.004716s ]
INFO: [ view_filter ] --END-- [ RunTime:0.014514s ]
INFO: [ view_end ] --START--
INFO: ShowPageTrace Behavior ::run [ RunTime:0.002209s ]
INFO: [ view_end ] --END-- [ RunTime:0.002740s ]

[ 2014-08-16T17:13:36+08:00 ] 127.0.0.1 /index.php/Service/ask
INFO: [ route_check ] --START--
INFO: CheckRoute Behavior ::run [ RunTime:0.001733s ]
INFO: [ route_check ] --END-- [ RunTime:0.002062s ]
INFO: [ app_begin ] --START--
INFO: ReadHtmlCache Behavior ::run [ RunTime:0.001192s ]
INFO: [ app_begin ] --END-- [ RunTime:0.001460s ]
INFO: [ view_parse ] --START--
INFO: ParseTemplate Behavior ::run [ RunTime:0.058727s ]
INFO: [ view_parse ] --END-- [ RunTime:0.059013s ]
INFO: [ view_filter ] --START--
INFO: ContentReplace Behavior ::run [ RunTime:0.001812s ]
INFO: TokenBuild Behavior ::run [ RunTime:0.001606s ]
INFO: WriteHtmlCache Behavior ::run [ RunTime:0.001775s ]
INFO: ShowRuntime Behavior ::run [ RunTime:0.003459s ]
INFO: [ view_filter ] --END-- [ RunTime:0.009411s ]
INFO: [ view_end ] --START--
INFO: ShowPageTrace Behavior ::run [ RunTime:0.001363s ]
INFO: [ view_end ] --END-- [ RunTime:0.001603s ]

[ 2014-08-16T17:13:40+08:00 ] 127.0.0.1 /index.php/Service/ask
INFO: [ route_check ] --START--
INFO: CheckRoute Behavior ::run [ RunTime:0.001765s ]
INFO: [ route_check ] --END-- [ RunTime:0.002046s ]
INFO: [ app_begin ] --START--
INFO: ReadHtmlCache Behavior ::run [ RunTime:0.001156s ]
INFO: [ app_begin ] --END-- [ RunTime:0.001410s ]
INFO: [ view_parse ] --START--
INFO: ParseTemplate Behavior ::run [ RunTime:0.051732s ]
INFO: [ view_parse ] --END-- [ RunTime:0.052017s ]
INFO: [ view_filter ] --START--
INFO: ContentReplace Behavior ::run [ RunTime:0.001807s ]
INFO: TokenBuild Behavior ::run [ RunTime:0.001275s ]
INFO: WriteHtmlCache Behavior ::run [ RunTime:0.000917s ]
INFO: ShowRuntime Behavior ::run [ RunTime:0.001421s ]
INFO: [ view_filter ] --END-- [ RunTime:0.006141s ]
INFO: [ view_end ] --START--
INFO: ShowPageTrace Behavior ::run [ RunTime:0.001360s ]
INFO: [ view_end ] --END-- [ RunTime:0.001757s ]

[ 2014-08-16T17:14:11+08:00 ] 127.0.0.1 /index.php/Service/ask
INFO: [ route_check ] --START--
INFO: CheckRoute Behavior ::run [ RunTime:0.002731s ]
INFO: [ route_check ] --END-- [ RunTime:0.003026s ]
INFO: [ app_begin ] --START--
INFO: ReadHtmlCache Behavior ::run [ RunTime:0.001093s ]
INFO: [ app_begin ] --END-- [ RunTime:0.001354s ]
INFO: [ view_parse ] --START--
INFO: ParseTemplate Behavior ::run [ RunTime:0.048968s ]
INFO: [ view_parse ] --END-- [ RunTime:0.049241s ]
INFO: [ view_filter ] --START--
INFO: ContentReplace Behavior ::run [ RunTime:0.001559s ]
INFO: TokenBuild Behavior ::run [ RunTime:0.001403s ]
INFO: WriteHtmlCache Behavior ::run [ RunTime:0.000658s ]
INFO: ShowRuntime Behavior ::run [ RunTime:0.001384s ]
INFO: [ view_filter ] --END-- [ RunTime:0.005936s ]
INFO: [ view_end ] --START--
INFO: ShowPageTrace Behavior ::run [ RunTime:0.001331s ]
INFO: [ view_end ] --END-- [ RunTime:0.001571s ]

[ 2014-08-16T17:18:45+08:00 ] 127.0.0.1 /index.php/Service/ask
INFO: [ route_check ] --START--
INFO: CheckRoute Behavior ::run [ RunTime:0.001738s ]
INFO: [ route_check ] --END-- [ RunTime:0.002029s ]
INFO: [ app_begin ] --START--
INFO: ReadHtmlCache Behavior ::run [ RunTime:0.001172s ]
INFO: [ app_begin ] --END-- [ RunTime:0.001484s ]
INFO: [ view_parse ] --START--
INFO: ParseTemplate Behavior ::run [ RunTime:0.050546s ]
INFO: [ view_parse ] --END-- [ RunTime:0.050820s ]
INFO: [ view_filter ] --START--
INFO: ContentReplace Behavior ::run [ RunTime:0.001771s ]
INFO: TokenBuild Behavior ::run [ RunTime:0.001341s ]
INFO: WriteHtmlCache Behavior ::run [ RunTime:0.000819s ]
INFO: ShowRuntime Behavior ::run [ RunTime:0.001414s ]
INFO: [ view_filter ] --END-- [ RunTime:0.006052s ]
INFO: [ view_end ] --START--
INFO: ShowPageTrace Behavior ::run [ RunTime:0.001492s ]
INFO: [ view_end ] --END-- [ RunTime:0.001736s ]

[ 2014-08-16T17:19:28+08:00 ] 127.0.0.1 /index.php/Service/ask
INFO: [ route_check ] --START--
INFO: CheckRoute Behavior ::run [ RunTime:0.002335s ]
INFO: [ route_check ] --END-- [ RunTime:0.002657s ]
INFO: [ app_begin ] --START--
INFO: ReadHtmlCache Behavior ::run [ RunTime:0.001606s ]
INFO: [ app_begin ] --END-- [ RunTime:0.001864s ]
INFO: [ view_parse ] --START--
INFO: ParseTemplate Behavior ::run [ RunTime:0.052173s ]
INFO: [ view_parse ] --END-- [ RunTime:0.052453s ]
INFO: [ view_filter ] --START--
INFO: ContentReplace Behavior ::run [ RunTime:0.001746s ]
INFO: TokenBuild Behavior ::run [ RunTime:0.001401s ]
INFO: WriteHtmlCache Behavior ::run [ RunTime:0.002275s ]
INFO: ShowRuntime Behavior ::run [ RunTime:0.001504s ]
INFO: [ view_filter ] --END-- [ RunTime:0.008017s ]
INFO: [ view_end ] --START--
INFO: ShowPageTrace Behavior ::run [ RunTime:0.001667s ]
INFO: [ view_end ] --END-- [ RunTime:0.001927s ]

[ 2014-08-16T17:21:26+08:00 ] 127.0.0.1 /index.php/Service/ask
INFO: [ route_check ] --START--
INFO: CheckRoute Behavior ::run [ RunTime:0.001657s ]
INFO: [ route_check ] --END-- [ RunTime:0.001944s ]
INFO: [ app_begin ] --START--
INFO: ReadHtmlCache Behavior ::run [ RunTime:0.001274s ]
INFO: [ app_begin ] --END-- [ RunTime:0.001531s ]
INFO: [ view_parse ] --START--
INFO: ParseTemplate Behavior ::run [ RunTime:0.051354s ]
INFO: [ view_parse ] --END-- [ RunTime:0.052020s ]
INFO: [ view_filter ] --START--
INFO: ContentReplace Behavior ::run [ RunTime:0.002114s ]
INFO: TokenBuild Behavior ::run [ RunTime:0.001240s ]
INFO: WriteHtmlCache Behavior ::run [ RunTime:0.000942s ]
INFO: ShowRuntime Behavior ::run [ RunTime:0.001528s ]
INFO: [ view_filter ] --END-- [ RunTime:0.006553s ]
INFO: [ view_end ] --START--
INFO: ShowPageTrace Behavior ::run [ RunTime:0.001370s ]
INFO: [ view_end ] --END-- [ RunTime:0.001622s ]

[ 2014-08-16T17:21:52+08:00 ] 127.0.0.1 /index.php/Service/ask
INFO: [ route_check ] --START--
INFO: CheckRoute Behavior ::run [ RunTime:0.001699s ]
INFO: [ route_check ] --END-- [ RunTime:0.001992s ]
INFO: [ app_begin ] --START--
INFO: ReadHtmlCache Behavior ::run [ RunTime:0.001220s ]
INFO: [ app_begin ] --END-- [ RunTime:0.001510s ]
INFO: [ view_parse ] --START--
INFO: ParseTemplate Behavior ::run [ RunTime:0.050740s ]
INFO: [ view_parse ] --END-- [ RunTime:0.051130s ]
INFO: [ view_filter ] --START--
INFO: ContentReplace Behavior ::run [ RunTime:0.001840s ]
INFO: TokenBuild Behavior ::run [ RunTime:0.001341s ]
INFO: WriteHtmlCache Behavior ::run [ RunTime:0.000881s ]
INFO: ShowRuntime Behavior ::run [ RunTime:0.002300s ]
INFO: [ view_filter ] --END-- [ RunTime:0.007124s ]
INFO: [ view_end ] --START--
INFO: ShowPageTrace Behavior ::run [ RunTime:0.001356s ]
INFO: [ view_end ] --END-- [ RunTime:0.001820s ]

[ 2014-08-16T17:28:56+08:00 ] 127.0.0.1 /index.php/Service/ask
INFO: [ route_check ] --START--
INFO: CheckRoute Behavior ::run [ RunTime:0.002455s ]
INFO: [ route_check ] --END-- [ RunTime:0.002795s ]
INFO: [ app_begin ] --START--
INFO: ReadHtmlCache Behavior ::run [ RunTime:0.001517s ]
INFO: [ app_begin ] --END-- [ RunTime:0.001835s ]
INFO: [ view_parse ] --START--
INFO: ParseTemplate Behavior ::run [ RunTime:0.061338s ]
INFO: [ view_parse ] --END-- [ RunTime:0.061751s ]
INFO: [ view_filter ] --START--
INFO: ContentReplace Behavior ::run [ RunTime:0.001909s ]
INFO: TokenBuild Behavior ::run [ RunTime:0.001276s ]
INFO: WriteHtmlCache Behavior ::run [ RunTime:0.000895s ]
INFO: ShowRuntime Behavior ::run [ RunTime:0.001446s ]
INFO: [ view_filter ] --END-- [ RunTime:0.006281s ]
INFO: [ view_end ] --START--
INFO: ShowPageTrace Behavior ::run [ RunTime:0.001356s ]
INFO: [ view_end ] --END-- [ RunTime:0.001592s ]

[ 2014-08-16T17:33:09+08:00 ] 127.0.0.1 /index.php/Service/ask
INFO: [ route_check ] --START--
INFO: CheckRoute Behavior ::run [ RunTime:0.002118s ]
INFO: [ route_check ] --END-- [ RunTime:0.002839s ]
INFO: [ app_begin ] --START--
INFO: ReadHtmlCache Behavior ::run [ RunTime:0.001198s ]
INFO: [ app_begin ] --END-- [ RunTime:0.001453s ]
INFO: [ view_parse ] --START--
INFO: ParseTemplate Behavior ::run [ RunTime:0.053066s ]
INFO: [ view_parse ] --END-- [ RunTime:0.053376s ]
INFO: [ view_filter ] --START--
INFO: ContentReplace Behavior ::run [ RunTime:0.002623s ]
INFO: TokenBuild Behavior ::run [ RunTime:0.001296s ]
INFO: WriteHtmlCache Behavior ::run [ RunTime:0.000863s ]
INFO: ShowRuntime Behavior ::run [ RunTime:0.002527s ]
INFO: [ view_filter ] --END-- [ RunTime:0.008073s ]
INFO: [ view_end ] --START--
INFO: ShowPageTrace Behavior ::run [ RunTime:0.001364s ]
INFO: [ view_end ] --END-- [ RunTime:0.001762s ]

[ 2014-08-16T17:34:39+08:00 ] 127.0.0.1 /index.php/Service/ask
INFO: [ route_check ] --START--
INFO: CheckRoute Behavior ::run [ RunTime:0.001630s ]
INFO: [ route_check ] --END-- [ RunTime:0.001909s ]
INFO: [ app_begin ] --START--
INFO: ReadHtmlCache Behavior ::run [ RunTime:0.001350s ]
INFO: [ app_begin ] --END-- [ RunTime:0.001602s ]
INFO: [ view_parse ] --START--
INFO: ParseTemplate Behavior ::run [ RunTime:0.050467s ]
INFO: [ view_parse ] --END-- [ RunTime:0.050749s ]
INFO: [ view_filter ] --START--
INFO: ContentReplace Behavior ::run [ RunTime:0.001692s ]
INFO: TokenBuild Behavior ::run [ RunTime:0.001340s ]
INFO: WriteHtmlCache Behavior ::run [ RunTime:0.000851s ]
INFO: ShowRuntime Behavior ::run [ RunTime:0.001566s ]
INFO: [ view_filter ] --END-- [ RunTime:0.006166s ]
INFO: [ view_end ] --START--
INFO: ShowPageTrace Behavior ::run [ RunTime:0.002067s ]
INFO: [ view_end ] --END-- [ RunTime:0.002322s ]

[ 2014-08-16T17:58:44+08:00 ] 127.0.0.1 /index.php/Service/ask
INFO: [ route_check ] --START--
INFO: CheckRoute Behavior ::run [ RunTime:0.001742s ]
INFO: [ route_check ] --END-- [ RunTime:0.002029s ]
INFO: [ app_begin ] --START--
INFO: ReadHtmlCache Behavior ::run [ RunTime:0.001314s ]
INFO: [ app_begin ] --END-- [ RunTime:0.001573s ]
INFO: [ view_parse ] --START--
INFO: ParseTemplate Behavior ::run [ RunTime:0.050211s ]
INFO: [ view_parse ] --END-- [ RunTime:0.050485s ]
INFO: [ view_filter ] --START--
INFO: ContentReplace Behavior ::run [ RunTime:0.001718s ]
INFO: TokenBuild Behavior ::run [ RunTime:0.001291s ]
INFO: WriteHtmlCache Behavior ::run [ RunTime:0.000912s ]
INFO: ShowRuntime Behavior ::run [ RunTime:0.001436s ]
INFO: [ view_filter ] --END-- [ RunTime:0.006114s ]
INFO: [ view_end ] --START--
INFO: ShowPageTrace Behavior ::run [ RunTime:0.001495s ]
INFO: [ view_end ] --END-- [ RunTime:0.001739s ]

[ 2014-08-16T18:49:07+08:00 ] 127.0.0.1 /index.php/Service/ask
INFO: [ route_check ] --START--
INFO: CheckRoute Behavior ::run [ RunTime:0.001643s ]
INFO: [ route_check ] --END-- [ RunTime:0.001916s ]
INFO: [ app_begin ] --START--
INFO: ReadHtmlCache Behavior ::run [ RunTime:0.001136s ]
INFO: [ app_begin ] --END-- [ RunTime:0.001386s ]
INFO: [ view_parse ] --START--
INFO: ParseTemplate Behavior ::run [ RunTime:0.051641s ]
INFO: [ view_parse ] --END-- [ RunTime:0.051923s ]
INFO: [ view_filter ] --START--
INFO: ContentReplace Behavior ::run [ RunTime:0.001824s ]
INFO: TokenBuild Behavior ::run [ RunTime:0.001295s ]
INFO: WriteHtmlCache Behavior ::run [ RunTime:0.000813s ]
INFO: ShowRuntime Behavior ::run [ RunTime:0.001496s ]
INFO: [ view_filter ] --END-- [ RunTime:0.006272s ]
INFO: [ view_end ] --START--
INFO: ShowPageTrace Behavior ::run [ RunTime:0.002390s ]
INFO: [ view_end ] --END-- [ RunTime:0.002630s ]

[ 2014-08-16T19:55:20+08:00 ] 127.0.0.1 /index.php/Service/ask
INFO: [ route_check ] --START--
INFO: CheckRoute Behavior ::run [ RunTime:0.001704s ]
INFO: [ route_check ] --END-- [ RunTime:0.001994s ]
INFO: [ app_begin ] --START--
INFO: ReadHtmlCache Behavior ::run [ RunTime:0.001210s ]
INFO: [ app_begin ] --END-- [ RunTime:0.001465s ]
INFO: [ view_parse ] --START--
INFO: ParseTemplate Behavior ::run [ RunTime:0.054775s ]
INFO: [ view_parse ] --END-- [ RunTime:0.055050s ]
INFO: [ view_filter ] --START--
INFO: ContentReplace Behavior ::run [ RunTime:0.001968s ]
INFO: TokenBuild Behavior ::run [ RunTime:0.001438s ]
INFO: WriteHtmlCache Behavior ::run [ RunTime:0.000847s ]
INFO: ShowRuntime Behavior ::run [ RunTime:0.001888s ]
INFO: [ view_filter ] --END-- [ RunTime:0.006854s ]
INFO: [ view_end ] --START--
INFO: ShowPageTrace Behavior ::run [ RunTime:0.001453s ]
INFO: [ view_end ] --END-- [ RunTime:0.001695s ]

[ 2014-08-16T21:15:20+08:00 ] 127.0.0.1 /index.php/Service/ask
INFO: [ route_check ] --START--
INFO: CheckRoute Behavior ::run [ RunTime:0.002034s ]
INFO: [ route_check ] --END-- [ RunTime:0.002316s ]
INFO: [ app_begin ] --START--
INFO: ReadHtmlCache Behavior ::run [ RunTime:0.001173s ]
INFO: [ app_begin ] --END-- [ RunTime:0.001426s ]
INFO: [ view_parse ] --START--
INFO: ParseTemplate Behavior ::run [ RunTime:0.059180s ]
INFO: [ view_parse ] --END-- [ RunTime:0.059457s ]
INFO: [ view_filter ] --START--
INFO: ContentReplace Behavior ::run [ RunTime:0.001911s ]
INFO: TokenBuild Behavior ::run [ RunTime:0.001296s ]
INFO: WriteHtmlCache Behavior ::run [ RunTime:0.000836s ]
INFO: ShowRuntime Behavior ::run [ RunTime:0.001628s ]
INFO: [ view_filter ] --END-- [ RunTime:0.006449s ]
INFO: [ view_end ] --START--
INFO: ShowPageTrace Behavior ::run [ RunTime:0.001492s ]
INFO: [ view_end ] --END-- [ RunTime:0.001743s ]

[ 2014-08-16T21:56:20+08:00 ] 127.0.0.1 /index.php/Service/ask
INFO: [ route_check ] --START--
INFO: CheckRoute Behavior ::run [ RunTime:0.002492s ]
INFO: [ route_check ] --END-- [ RunTime:0.003397s ]
INFO: [ app_begin ] --START--
INFO: ReadHtmlCache Behavior ::run [ RunTime:0.002054s ]
INFO: [ app_begin ] --END-- [ RunTime:0.002335s ]
INFO: [ view_parse ] --START--
INFO: ParseTemplate Behavior ::run [ RunTime:0.066870s ]
INFO: [ view_parse ] --END-- [ RunTime:0.067157s ]
INFO: [ view_filter ] --START--
INFO: ContentReplace Behavior ::run [ RunTime:0.002176s ]
INFO: TokenBuild Behavior ::run [ RunTime:0.001942s ]
INFO: WriteHtmlCache Behavior ::run [ RunTime:0.000917s ]
INFO: ShowRuntime Behavior ::run [ RunTime:0.005107s ]
INFO: [ view_filter ] --END-- [ RunTime:0.010890s ]
INFO: [ view_end ] --START--
INFO: ShowPageTrace Behavior ::run [ RunTime:0.001363s ]
INFO: [ view_end ] --END-- [ RunTime:0.001604s ]

[ 2014-08-16T21:56:27+08:00 ] 127.0.0.1 /index.php/Service/ask
INFO: [ route_check ] --START--
INFO: CheckRoute Behavior ::run [ RunTime:0.001613s ]
INFO: [ route_check ] --END-- [ RunTime:0.001883s ]
INFO: [ app_begin ] --START--
INFO: ReadHtmlCache Behavior ::run [ RunTime:0.001141s ]
INFO: [ app_begin ] --END-- [ RunTime:0.001392s ]
INFO: [ view_parse ] --START--
INFO: ParseTemplate Behavior ::run [ RunTime:0.083206s ]
INFO: [ view_parse ] --END-- [ RunTime:0.083485s ]
INFO: [ view_filter ] --START--
INFO: ContentReplace Behavior ::run [ RunTime:0.002502s ]
INFO: TokenBuild Behavior ::run [ RunTime:0.001725s ]
INFO: WriteHtmlCache Behavior ::run [ RunTime:0.000877s ]
INFO: ShowRuntime Behavior ::run [ RunTime:0.001602s ]
INFO: [ view_filter ] --END-- [ RunTime:0.007453s ]
INFO: [ view_end ] --START--
INFO: ShowPageTrace Behavior ::run [ RunTime:0.001448s ]
INFO: [ view_end ] --END-- [ RunTime:0.001689s ]

[ 2014-08-16T21:58:35+08:00 ] 127.0.0.1 /index.php/Service/ask
INFO: [ route_check ] --START--
INFO: CheckRoute Behavior ::run [ RunTime:0.002323s ]
INFO: [ route_check ] --END-- [ RunTime:0.002602s ]
INFO: [ app_begin ] --START--
INFO: ReadHtmlCache Behavior ::run [ RunTime:0.001173s ]
INFO: [ app_begin ] --END-- [ RunTime:0.001436s ]
INFO: [ view_parse ] --START--
INFO: ParseTemplate Behavior ::run [ RunTime:0.085558s ]
INFO: [ view_parse ] --END-- [ RunTime:0.085838s ]
INFO: [ view_filter ] --START--
INFO: ContentReplace Behavior ::run [ RunTime:0.002115s ]
INFO: TokenBuild Behavior ::run [ RunTime:0.002321s ]
INFO: WriteHtmlCache Behavior ::run [ RunTime:0.001030s ]
INFO: ShowRuntime Behavior ::run [ RunTime:0.001774s ]
INFO: [ view_filter ] --END-- [ RunTime:0.007986s ]
INFO: [ view_end ] --START--
INFO: ShowPageTrace Behavior ::run [ RunTime:0.001461s ]
INFO: [ view_end ] --END-- [ RunTime:0.001706s ]

[ 2014-08-16T22:00:06+08:00 ] 127.0.0.1 /index.php/Service/ask
INFO: [ route_check ] --START--
INFO: CheckRoute Behavior ::run [ RunTime:0.001653s ]
INFO: [ route_check ] --END-- [ RunTime:0.001928s ]
INFO: [ app_begin ] --START--
INFO: ReadHtmlCache Behavior ::run [ RunTime:0.001514s ]
INFO: [ app_begin ] --END-- [ RunTime:0.001783s ]
INFO: [ view_parse ] --START--
INFO: ParseTemplate Behavior ::run [ RunTime:0.079815s ]
INFO: [ view_parse ] --END-- [ RunTime:0.080111s ]
INFO: [ view_filter ] --START--
INFO: ContentReplace Behavior ::run [ RunTime:0.002948s ]
INFO: TokenBuild Behavior ::run [ RunTime:0.001386s ]
INFO: WriteHtmlCache Behavior ::run [ RunTime:0.000879s ]
INFO: ShowRuntime Behavior ::run [ RunTime:0.001955s ]
INFO: [ view_filter ] --END-- [ RunTime:0.007923s ]
INFO: [ view_end ] --START--
INFO: ShowPageTrace Behavior ::run [ RunTime:0.007427s ]
INFO: [ view_end ] --END-- [ RunTime:0.007917s ]

[ 2014-08-16T22:00:52+08:00 ] 127.0.0.1 /index.php/Service/ask
INFO: [ route_check ] --START--
INFO: CheckRoute Behavior ::run [ RunTime:0.001637s ]
INFO: [ route_check ] --END-- [ RunTime:0.001904s ]
INFO: [ app_begin ] --START--
INFO: ReadHtmlCache Behavior ::run [ RunTime:0.001172s ]
INFO: [ app_begin ] --END-- [ RunTime:0.001422s ]
INFO: [ view_parse ] --START--
INFO: ParseTemplate Behavior ::run [ RunTime:0.081201s ]
INFO: [ view_parse ] --END-- [ RunTime:0.081478s ]
INFO: [ view_filter ] --START--
INFO: ContentReplace Behavior ::run [ RunTime:0.002135s ]
INFO: TokenBuild Behavior ::run [ RunTime:0.001604s ]
INFO: WriteHtmlCache Behavior ::run [ RunTime:0.001074s ]
INFO: ShowRuntime Behavior ::run [ RunTime:0.002021s ]
INFO: [ view_filter ] --END-- [ RunTime:0.007641s ]
INFO: [ view_end ] --START--
INFO: ShowPageTrace Behavior ::run [ RunTime:0.001399s ]
INFO: [ view_end ] --END-- [ RunTime:0.001642s ]

[ 2014-08-16T22:45:30+08:00 ] 127.0.0.1 /index.php/Service/ask
INFO: [ route_check ] --START--
INFO: CheckRoute Behavior ::run [ RunTime:0.001625s ]
INFO: [ route_check ] --END-- [ RunTime:0.001909s ]
INFO: [ app_begin ] --START--
INFO: ReadHtmlCache Behavior ::run [ RunTime:0.001466s ]
INFO: [ app_begin ] --END-- [ RunTime:0.001729s ]
INFO: [ view_parse ] --START--
INFO: ParseTemplate Behavior ::run [ RunTime:0.063017s ]
INFO: [ view_parse ] --END-- [ RunTime:0.063322s ]
INFO: [ view_filter ] --START--
INFO: ContentReplace Behavior ::run [ RunTime:0.003522s ]
INFO: TokenBuild Behavior ::run [ RunTime:0.001465s ]
INFO: WriteHtmlCache Behavior ::run [ RunTime:0.000925s ]
INFO: ShowRuntime Behavior ::run [ RunTime:0.003123s ]
INFO: [ view_filter ] --END-- [ RunTime:0.009823s ]
INFO: [ view_end ] --START--
INFO: ShowPageTrace Behavior ::run [ RunTime:0.001619s ]
INFO: [ view_end ] --END-- [ RunTime:0.001914s ]

[ 2014-08-16T22:49:53+08:00 ] 127.0.0.1 /index.php/Service/ask
INFO: [ route_check ] --START--
INFO: CheckRoute Behavior ::run [ RunTime:0.002643s ]
INFO: [ route_check ] --END-- [ RunTime:0.002920s ]
INFO: [ app_begin ] --START--
INFO: ReadHtmlCache Behavior ::run [ RunTime:0.001210s ]
INFO: [ app_begin ] --END-- [ RunTime:0.001467s ]
INFO: [ view_parse ] --START--
INFO: ParseTemplate Behavior ::run [ RunTime:0.086512s ]
INFO: [ view_parse ] --END-- [ RunTime:0.086825s ]
INFO: [ view_filter ] --START--
INFO: ContentReplace Behavior ::run [ RunTime:0.002078s ]
INFO: TokenBuild Behavior ::run [ RunTime:0.001386s ]
INFO: WriteHtmlCache Behavior ::run [ RunTime:0.000840s ]
INFO: ShowRuntime Behavior ::run [ RunTime:0.002702s ]
INFO: [ view_filter ] --END-- [ RunTime:0.012237s ]
INFO: [ view_end ] --START--
INFO: ShowPageTrace Behavior ::run [ RunTime:0.001403s ]
INFO: [ view_end ] --END-- [ RunTime:0.001649s ]

[ 2014-08-16T22:51:23+08:00 ] 127.0.0.1 /index.php/Service/ask
INFO: [ route_check ] --START--
INFO: CheckRoute Behavior ::run [ RunTime:0.002255s ]
INFO: [ route_check ] --END-- [ RunTime:0.002545s ]
INFO: [ app_begin ] --START--
INFO: ReadHtmlCache Behavior ::run [ RunTime:0.001155s ]
INFO: [ app_begin ] --END-- [ RunTime:0.001408s ]
INFO: [ view_parse ] --START--
INFO: ParseTemplate Behavior ::run [ RunTime:0.063742s ]
INFO: [ view_parse ] --END-- [ RunTime:0.064392s ]
INFO: [ view_filter ] --START--
INFO: ContentReplace Behavior ::run [ RunTime:0.002540s ]
INFO: TokenBuild Behavior ::run [ RunTime:0.001715s ]
INFO: WriteHtmlCache Behavior ::run [ RunTime:0.000854s ]
INFO: ShowRuntime Behavior ::run [ RunTime:0.001511s ]
INFO: [ view_filter ] --END-- [ RunTime:0.007408s ]
INFO: [ view_end ] --START--
INFO: ShowPageTrace Behavior ::run [ RunTime:0.004330s ]
INFO: [ view_end ] --END-- [ RunTime:0.004653s ]

[ 2014-08-16T22:51:59+08:00 ] 127.0.0.1 /index.php/Service/__URL/Service/insert
INFO: [ route_check ] --START--
INFO: CheckRoute Behavior ::run [ RunTime:0.001776s ]
INFO: [ route_check ] --END-- [ RunTime:0.002058s ]
INFO: [ app_begin ] --START--
INFO: ReadHtmlCache Behavior ::run [ RunTime:0.001190s ]
INFO: [ app_begin ] --END-- [ RunTime:0.001561s ]
ERR: 非法操作:__URL

[ 2014-08-16T22:52:36+08:00 ] 127.0.0.1 /index.php/Service/ask
INFO: [ route_check ] --START--
INFO: CheckRoute Behavior ::run [ RunTime:0.001681s ]
INFO: [ route_check ] --END-- [ RunTime:0.001981s ]
INFO: [ app_begin ] --START--
INFO: ReadHtmlCache Behavior ::run [ RunTime:0.001056s ]
INFO: [ app_begin ] --END-- [ RunTime:0.001294s ]
INFO: [ view_parse ] --START--
INFO: ParseTemplate Behavior ::run [ RunTime:0.062386s ]
INFO: [ view_parse ] --END-- [ RunTime:0.062920s ]
INFO: [ view_filter ] --START--
INFO: ContentReplace Behavior ::run [ RunTime:0.002347s ]
INFO: TokenBuild Behavior ::run [ RunTime:0.001474s ]
INFO: WriteHtmlCache Behavior ::run [ RunTime:0.000884s ]
INFO: ShowRuntime Behavior ::run [ RunTime:0.001681s ]
INFO: [ view_filter ] --END-- [ RunTime:0.007154s ]
INFO: [ view_end ] --START--
INFO: ShowPageTrace Behavior ::run [ RunTime:0.001413s ]
INFO: [ view_end ] --END-- [ RunTime:0.001658s ]

[ 2014-08-16T22:52:52+08:00 ] 127.0.0.1 /index.php/Service/Service/insert
INFO: [ route_check ] --START--
INFO: CheckRoute Behavior ::run [ RunTime:0.001751s ]
INFO: [ route_check ] --END-- [ RunTime:0.002042s ]
INFO: [ app_begin ] --START--
INFO: ReadHtmlCache Behavior ::run [ RunTime:0.001238s ]
INFO: [ app_begin ] --END-- [ RunTime:0.001507s ]
ERR: 非法操作:Service

[ 2014-08-16T22:53:18+08:00 ] 127.0.0.1 /index.php/Service/ask
INFO: [ route_check ] --START--
INFO: CheckRoute Behavior ::run [ RunTime:0.001660s ]
INFO: [ route_check ] --END-- [ RunTime:0.002086s ]
INFO: [ app_begin ] --START--
INFO: ReadHtmlCache Behavior ::run [ RunTime:0.001109s ]
INFO: [ app_begin ] --END-- [ RunTime:0.001351s ]
INFO: [ view_parse ] --START--
INFO: ParseTemplate Behavior ::run [ RunTime:0.058575s ]
INFO: [ view_parse ] --END-- [ RunTime:0.058940s ]
INFO: [ view_filter ] --START--
INFO: ContentReplace Behavior ::run [ RunTime:0.002554s ]
INFO: TokenBuild Behavior ::run [ RunTime:0.001367s ]
INFO: WriteHtmlCache Behavior ::run [ RunTime:0.000838s ]
INFO: ShowRuntime Behavior ::run [ RunTime:0.001632s ]
INFO: [ view_filter ] --END-- [ RunTime:0.007153s ]
INFO: [ view_end ] --START--
INFO: ShowPageTrace Behavior ::run [ RunTime:0.001357s ]
INFO: [ view_end ] --END-- [ RunTime:0.001601s ]

[ 2014-08-16T22:53:22+08:00 ] 127.0.0.1 /index.php/Service/ask
INFO: [ route_check ] --START--
INFO: CheckRoute Behavior ::run [ RunTime:0.001730s ]
INFO: [ route_check ] --END-- [ RunTime:0.002014s ]
INFO: [ app_begin ] --START--
INFO: ReadHtmlCache Behavior ::run [ RunTime:0.001182s ]
INFO: [ app_begin ] --END-- [ RunTime:0.001432s ]
INFO: [ view_parse ] --START--
INFO: ParseTemplate Behavior ::run [ RunTime:0.085918s ]
INFO: [ view_parse ] --END-- [ RunTime:0.086212s ]
INFO: [ view_filter ] --START--
INFO: ContentReplace Behavior ::run [ RunTime:0.008061s ]
INFO: TokenBuild Behavior ::run [ RunTime:0.002028s ]
INFO: WriteHtmlCache Behavior ::run [ RunTime:0.001064s ]
INFO: ShowRuntime Behavior ::run [ RunTime:0.002123s ]
INFO: [ view_filter ] --END-- [ RunTime:0.014292s ]
INFO: [ view_end ] --START--
INFO: ShowPageTrace Behavior ::run [ RunTime:0.001727s ]
INFO: [ view_end ] --END-- [ RunTime:0.002042s ]

[ 2014-08-16T22:53:22+08:00 ] 127.0.0.1 /index.php/Service/ask
INFO: [ route_check ] --START--
INFO: CheckRoute Behavior ::run [ RunTime:0.002049s ]
INFO: [ route_check ] --END-- [ RunTime:0.002378s ]
INFO: [ app_begin ] --START--
INFO: ReadHtmlCache Behavior ::run [ RunTime:0.001194s ]
INFO: [ app_begin ] --END-- [ RunTime:0.001483s ]
INFO: [ view_parse ] --START--
INFO: ParseTemplate Behavior ::run [ RunTime:0.070818s ]
INFO: [ view_parse ] --END-- [ RunTime:0.071180s ]
INFO: [ view_filter ] --START--
INFO: ContentReplace Behavior ::run [ RunTime:0.002502s ]
INFO: TokenBuild Behavior ::run [ RunTime:0.001437s ]
INFO: WriteHtmlCache Behavior ::run [ RunTime:0.000886s ]
INFO: ShowRuntime Behavior ::run [ RunTime:0.001600s ]
INFO: [ view_filter ] --END-- [ RunTime:0.007240s ]
INFO: [ view_end ] --START--
INFO: ShowPageTrace Behavior ::run [ RunTime:0.001451s ]
INFO: [ view_end ] --END-- [ RunTime:0.001708s ]

[ 2014-08-16T22:53:22+08:00 ] 127.0.0.1 /
INFO: [ app_begin ] --START--
INFO: ReadHtmlCache Behavior ::run [ RunTime:0.001389s ]
INFO: [ app_begin ] --END-- [ RunTime:0.001683s ]
SQL: SHOW COLUMNS FROM `visa_question` [ RunTime:0.004268s ]
SQL: SELECT * FROM `visa_question`  [ RunTime:0.003145s ]
INFO: [ view_parse ] --START--
INFO: ParseTemplate Behavior ::run [ RunTime:0.127091s ]
INFO: [ view_parse ] --END-- [ RunTime:0.127425s ]
INFO: [ view_filter ] --START--
INFO: ContentReplace Behavior ::run [ RunTime:0.003105s ]
INFO: TokenBuild Behavior ::run [ RunTime:0.001269s ]
INFO: WriteHtmlCache Behavior ::run [ RunTime:0.000752s ]
INFO: ShowRuntime Behavior ::run [ RunTime:0.002211s ]
INFO: [ view_filter ] --END-- [ RunTime:0.008334s ]
INFO: [ view_end ] --START--
INFO: ShowPageTrace Behavior ::run [ RunTime:0.002227s ]
INFO: [ view_end ] --END-- [ RunTime:0.002491s ]

[ 2014-08-16T22:53:42+08:00 ] 127.0.0.1 /index.php/Service/insert
INFO: [ route_check ] --START--
INFO: CheckRoute Behavior ::run [ RunTime:0.001931s ]
INFO: [ route_check ] --END-- [ RunTime:0.002221s ]
INFO: [ app_begin ] --START--
INFO: ReadHtmlCache Behavior ::run [ RunTime:0.001193s ]
INFO: [ app_begin ] --END-- [ RunTime:0.001466s ]
SQL: SHOW COLUMNS FROM `visa_userinfo` [ RunTime:0.014020s ]
SQL: INSERT INTO `visa_userinfo` (`username`,`enname`,`username2`,`username3`,`gender`,`maritalstatus`,`birthday`,`birthcountry`,`birthprovince`,`birthcity`,`country`,`othercountry1`,`othercountrypassport1`,`othercountry2`,`othercountrypassport2`,`cardno`,`ussafeno`,`taxno`,`homecountry`,`homeprovince`,`homecity`,`homestreet`,`zipcode`,`phone1`,`phone2`,`phone3`,`email`,`passportno`,`passportbookno`,`passporttype`,`portcountry`,`portprovince`,`portcity`,`portstartdate`,`portenddate`,`portlostno1`,`portlostcountry1`,`portlostexplain1`,`portlostno2`,`portlostcountry2`,`portlostexplain2`,`tripintent`,`haveplan`,`arrdate`,`arrcity`,`departdate`,`departcity`,`planarrdate`,`planstopday`,`stoplocation`,`stopstate`,`stopcity`,`stopstreet`,`stopzipcode`,`payingperson`,`otherpersonname`,`otherpersonphone`,`otherpersonemail`,`otherpersonrelations`,`haveotherpersontravl`,`groupname`,`everus`,`everarridate1`,`everdays1`,`everarridate2`,`everdays2`,`everarridate3`,`everdays3`,`everarridate4`,`everdays4`,`everarridate5`,`everdays5`,`haveusdriver`,`driverno`,`driverstate`,`samevisatype`,`lastvisadate`,`visano`,`countryeqcountry`,`tenprinted`,`lostusvisa`,`lostyear`,`lostexplain`,`revokevisa`,`revokeexplain`,`refusedvisa`,`refusedexplain`,`immigration`,`immigrationexpain`,`contactusername`,`contactstate`,`contactcity`,`contactstreet`,`contactzipcode`,`contactphone`,`contactemail`,`fathername`,`fatherbirth`,`fatherinus`,`fatherstatus`,`mothername`,`motherbirth`,`motherinus`,`motherstatus`,`zhixiname1`,`zhixirelation1`,`zhixiname2`,`zhixirelation2`,`zhixiname3`,`zhixirelation3`,`zhixiname4`,`zhixirelation4`,`zhixiname5`,`zhixirelation5`,`nozhixiname1`,`nozhixirelation1`,`nozhixiname2`,`nozhixirelation2`,`nozhixiname3`,`nozhixirelation3`,`nozhixiname4`,`nozhixirelation4`,`nozhixiname5`,`nozhixirelation5`,`spousename`,`spousedate`,`spousecountry`,`spousecity`,`marrystart`,`marryend`,`marrybecause`,`currentwork`,`currentworkname`,`currentcountry`,`currentstate`,`currentcity`,`currentstreet`,`currentzipcode`,`currentphone`,`currentexplain`,`currentincome`,`employname1`,`employcountry1`,`employprovince1`,`employcity1`,`employstreet1`,`employzipcode1`,`employphone1`,`employjobtitle1`,`employsupername1`,`employstartdate1`,`employsenddate1`,`employdesc1`,`employname2`,`employcountry2`,`employprovince2`,`employcity2`,`employstreet2`,`employzipcode2`,`employphone2`,`employjobtitle2`,`employsupername2`,`employstartdate2`,`employsenddate2`,`employdesc2`,`schoolname1`,`schoolprovince1`,`schoolcity1`,`schoolstreet1`,`schoolzipcode1`,`study1`,`schoolstartdate1`,`schoolenddate1`,`schoolname2`,`schoolprovince2`,`schoolcity2`,`schoolstreet2`,`schoolzipcode2`,`study2`,`schoolstartdate2`,`schoolenddate2`,`schoolname3`,`schoolprovince3`,`schoolcity3`,`schoolstreet3`,`schoolzipcode3`,`study3`,`schoolstartdate3`,`schoolenddate3`,`schoolname4`,`schoolprovince4`,`schoolcity4`,`schoolstreet4`,`schoolzipcode4`,`study4`,`schoolstartdate4`,`schoolenddate4`,`tribe`,`language`,`anycountry`,`belongedsocial`,`speciskill`,`military`,`servergroup`,`health`,`arrested`,`partthree1`,`partfour1`,`partfive1`,`partfive2`,`addict`) VALUES ('yangxiaoxiao','','','','1','1','','','','','','','','','','11111111111','','','','','','','','','','','','','','1','','','','','','','','','','','','','','','','','','','','','','','','','0','','','','','','','0','','','','','','','','','','','0','','','','','','','0','0','','','0','','0','','0','','','','','','','','','','','0','0','','','0','0','','','','','','','','','','','','','','','','','','','','','','','','','','','','1','','','','','','','','','','','','','','','','','','','','','','','','','','','','','','','','','','','','','','','','','','','','','','','','','','','','','','','','','','','','','','','','','','0','','','0','0','0','0','0','0','0','0','0','0','0') [ RunTime:0.048132s ]
INFO: [ view_parse ] --START--
INFO: ParseTemplate Behavior ::run [ RunTime:0.068647s ]
INFO: [ view_parse ] --END-- [ RunTime:0.069283s ]
INFO: [ view_filter ] --START--
INFO: ContentReplace Behavior ::run [ RunTime:0.002623s ]
INFO: TokenBuild Behavior ::run [ RunTime:0.003213s ]
INFO: WriteHtmlCache Behavior ::run [ RunTime:0.002475s ]
INFO: ShowRuntime Behavior ::run [ RunTime:0.002287s ]
INFO: [ view_filter ] --END-- [ RunTime:0.013061s ]
INFO: [ view_end ] --START--
INFO: ShowPageTrace Behavior ::run [ RunTime:0.001749s ]
INFO: [ view_end ] --END-- [ RunTime:0.002370s ]

[ 2014-08-16T22:53:43+08:00 ] 127.0.0.1 /index.php/Service/ask
INFO: [ route_check ] --START--
INFO: CheckRoute Behavior ::run [ RunTime:0.001240s ]
INFO: [ route_check ] --END-- [ RunTime:0.001511s ]
INFO: [ app_begin ] --START--
INFO: ReadHtmlCache Behavior ::run [ RunTime:0.001060s ]
INFO: [ app_begin ] --END-- [ RunTime:0.001345s ]
INFO: [ view_parse ] --START--
INFO: ParseTemplate Behavior ::run [ RunTime:0.069877s ]
INFO: [ view_parse ] --END-- [ RunTime:0.070273s ]
INFO: [ view_filter ] --START--
INFO: ContentReplace Behavior ::run [ RunTime:0.002247s ]
INFO: TokenBuild Behavior ::run [ RunTime:0.001824s ]
INFO: WriteHtmlCache Behavior ::run [ RunTime:0.000854s ]
INFO: ShowRuntime Behavior ::run [ RunTime:0.001430s ]
INFO: [ view_filter ] --END-- [ RunTime:0.007263s ]
INFO: [ view_end ] --START--
INFO: ShowPageTrace Behavior ::run [ RunTime:0.001134s ]
INFO: [ view_end ] --END-- [ RunTime:0.001408s ]

[ 2014-08-16T23:14:14+08:00 ] 127.0.0.1 /index.php/Service/ask
INFO: [ route_check ] --START--
INFO: CheckRoute Behavior ::run [ RunTime:0.001999s ]
INFO: [ route_check ] --END-- [ RunTime:0.002818s ]
INFO: [ app_begin ] --START--
INFO: ReadHtmlCache Behavior ::run [ RunTime:0.001242s ]
INFO: [ app_begin ] --END-- [ RunTime:0.001512s ]
INFO: [ view_parse ] --START--
INFO: ParseTemplate Behavior ::run [ RunTime:0.081415s ]
INFO: [ view_parse ] --END-- [ RunTime:0.081708s ]
INFO: [ view_filter ] --START--
INFO: ContentReplace Behavior ::run [ RunTime:0.002284s ]
INFO: TokenBuild Behavior ::run [ RunTime:0.001400s ]
INFO: WriteHtmlCache Behavior ::run [ RunTime:0.000904s ]
INFO: ShowRuntime Behavior ::run [ RunTime:0.001994s ]
INFO: [ view_filter ] --END-- [ RunTime:0.007352s ]
INFO: [ view_end ] --START--
INFO: ShowPageTrace Behavior ::run [ RunTime:0.001531s ]
INFO: [ view_end ] --END-- [ RunTime:0.001821s ]

[ 2014-08-16T23:14:45+08:00 ] 127.0.0.1 /index.php/Service/ask
INFO: [ route_check ] --START--
INFO: CheckRoute Behavior ::run [ RunTime:0.001659s ]
INFO: [ route_check ] --END-- [ RunTime:0.001952s ]
INFO: [ app_begin ] --START--
INFO: ReadHtmlCache Behavior ::run [ RunTime:0.001548s ]
INFO: [ app_begin ] --END-- [ RunTime:0.001853s ]
INFO: [ view_parse ] --START--
INFO: ParseTemplate Behavior ::run [ RunTime:0.061123s ]
INFO: [ view_parse ] --END-- [ RunTime:0.061413s ]
INFO: [ view_filter ] --START--
INFO: ContentReplace Behavior ::run [ RunTime:0.002935s ]
INFO: TokenBuild Behavior ::run [ RunTime:0.001682s ]
INFO: WriteHtmlCache Behavior ::run [ RunTime:0.000879s ]
INFO: ShowRuntime Behavior ::run [ RunTime:0.001716s ]
INFO: [ view_filter ] --END-- [ RunTime:0.008103s ]
INFO: [ view_end ] --START--
INFO: ShowPageTrace Behavior ::run [ RunTime:0.001422s ]
INFO: [ view_end ] --END-- [ RunTime:0.001673s ]

[ 2014-08-16T23:15:06+08:00 ] 127.0.0.1 /index.php/Service/ask
INFO: [ route_check ] --START--
INFO: CheckRoute Behavior ::run [ RunTime:0.001675s ]
INFO: [ route_check ] --END-- [ RunTime:0.001949s ]
INFO: [ app_begin ] --START--
INFO: ReadHtmlCache Behavior ::run [ RunTime:0.001276s ]
INFO: [ app_begin ] --END-- [ RunTime:0.001626s ]
INFO: [ view_parse ] --START--
INFO: ParseTemplate Behavior ::run [ RunTime:0.057648s ]
INFO: [ view_parse ] --END-- [ RunTime:0.057931s ]
INFO: [ view_filter ] --START--
INFO: ContentReplace Behavior ::run [ RunTime:0.002307s ]
INFO: TokenBuild Behavior ::run [ RunTime:0.002431s ]
INFO: WriteHtmlCache Behavior ::run [ RunTime:0.000977s ]
INFO: ShowRuntime Behavior ::run [ RunTime:0.001611s ]
INFO: [ view_filter ] --END-- [ RunTime:0.008082s ]
INFO: [ view_end ] --START--
INFO: ShowPageTrace Behavior ::run [ RunTime:0.001367s ]
INFO: [ view_end ] --END-- [ RunTime:0.001608s ]

[ 2014-08-16T23:15:26+08:00 ] 127.0.0.1 /index.php/Service/ask
INFO: [ route_check ] --START--
INFO: CheckRoute Behavior ::run [ RunTime:0.001640s ]
INFO: [ route_check ] --END-- [ RunTime:0.001920s ]
INFO: [ app_begin ] --START--
INFO: ReadHtmlCache Behavior ::run [ RunTime:0.001247s ]
INFO: [ app_begin ] --END-- [ RunTime:0.001506s ]
INFO: [ view_parse ] --START--
INFO: ParseTemplate Behavior ::run [ RunTime:0.060728s ]
INFO: [ view_parse ] --END-- [ RunTime:0.061036s ]
INFO: [ view_filter ] --START--
INFO: ContentReplace Behavior ::run [ RunTime:0.002827s ]
INFO: TokenBuild Behavior ::run [ RunTime:0.001404s ]
INFO: WriteHtmlCache Behavior ::run [ RunTime:0.001047s ]
INFO: ShowRuntime Behavior ::run [ RunTime:0.001901s ]
INFO: [ view_filter ] --END-- [ RunTime:0.008482s ]
INFO: [ view_end ] --START--
INFO: ShowPageTrace Behavior ::run [ RunTime:0.001482s ]
INFO: [ view_end ] --END-- [ RunTime:0.001945s ]

[ 2014-08-16T23:28:17+08:00 ] 127.0.0.1 /index.php/Service/ask
INFO: [ route_check ] --START--
INFO: CheckRoute Behavior ::run [ RunTime:0.001677s ]
INFO: [ route_check ] --END-- [ RunTime:0.001958s ]
INFO: [ app_begin ] --START--
INFO: ReadHtmlCache Behavior ::run [ RunTime:0.001154s ]
INFO: [ app_begin ] --END-- [ RunTime:0.001407s ]
INFO: [ view_parse ] --START--
INFO: ParseTemplate Behavior ::run [ RunTime:0.059343s ]
INFO: [ view_parse ] --END-- [ RunTime:0.059639s ]
INFO: [ view_filter ] --START--
INFO: ContentReplace Behavior ::run [ RunTime:0.002321s ]
INFO: TokenBuild Behavior ::run [ RunTime:0.001388s ]
INFO: WriteHtmlCache Behavior ::run [ RunTime:0.000869s ]
INFO: ShowRuntime Behavior ::run [ RunTime:0.001796s ]
INFO: [ view_filter ] --END-- [ RunTime:0.007158s ]
INFO: [ view_end ] --START--
INFO: ShowPageTrace Behavior ::run [ RunTime:0.001278s ]
INFO: [ view_end ] --END-- [ RunTime:0.001582s ]

[ 2014-08-16T23:33:19+08:00 ] 127.0.0.1 /index.php/Service/ask
INFO: [ route_check ] --START--
INFO: CheckRoute Behavior ::run [ RunTime:0.002664s ]
INFO: [ route_check ] --END-- [ RunTime:0.002970s ]
INFO: [ app_begin ] --START--
INFO: ReadHtmlCache Behavior ::run [ RunTime:0.001264s ]
INFO: [ app_begin ] --END-- [ RunTime:0.001555s ]
INFO: [ view_parse ] --START--
INFO: ParseTemplate Behavior ::run [ RunTime:0.064972s ]
INFO: [ view_parse ] --END-- [ RunTime:0.065275s ]
INFO: [ view_filter ] --START--
INFO: ContentReplace Behavior ::run [ RunTime:0.002354s ]
INFO: TokenBuild Behavior ::run [ RunTime:0.001833s ]
INFO: WriteHtmlCache Behavior ::run [ RunTime:0.000930s ]
INFO: ShowRuntime Behavior ::run [ RunTime:0.001616s ]
INFO: [ view_filter ] --END-- [ RunTime:0.007682s ]
INFO: [ view_end ] --START--
INFO: ShowPageTrace Behavior ::run [ RunTime:0.001388s ]
INFO: [ view_end ] --END-- [ RunTime:0.001638s ]

[ 2014-08-16T23:34:25+08:00 ] 127.0.0.1 /index.php/Service/ask
INFO: [ route_check ] --START--
INFO: CheckRoute Behavior ::run [ RunTime:0.001631s ]
INFO: [ route_check ] --END-- [ RunTime:0.001917s ]
INFO: [ app_begin ] --START--
INFO: ReadHtmlCache Behavior ::run [ RunTime:0.001167s ]
INFO: [ app_begin ] --END-- [ RunTime:0.001430s ]
INFO: [ view_parse ] --START--
INFO: ParseTemplate Behavior ::run [ RunTime:0.061011s ]
INFO: [ view_parse ] --END-- [ RunTime:0.061307s ]
INFO: [ view_filter ] --START--
INFO: ContentReplace Behavior ::run [ RunTime:0.002671s ]
INFO: TokenBuild Behavior ::run [ RunTime:0.001411s ]
INFO: WriteHtmlCache Behavior ::run [ RunTime:0.000868s ]
INFO: ShowRuntime Behavior ::run [ RunTime:0.002598s ]
INFO: [ view_filter ] --END-- [ RunTime:0.008940s ]
INFO: [ view_end ] --START--
INFO: ShowPageTrace Behavior ::run [ RunTime:0.001720s ]
INFO: [ view_end ] --END-- [ RunTime:0.002021s ]

[ 2014-08-16T23:36:23+08:00 ] 127.0.0.1 /index.php/Service/ask
INFO: [ route_check ] --START--
INFO: CheckRoute Behavior ::run [ RunTime:0.005356s ]
INFO: [ route_check ] --END-- [ RunTime:0.005925s ]
INFO: [ app_begin ] --START--
INFO: ReadHtmlCache Behavior ::run [ RunTime:0.001681s ]
INFO: [ app_begin ] --END-- [ RunTime:0.002080s ]
INFO: [ view_parse ] --START--
INFO: ParseTemplate Behavior ::run [ RunTime:0.066834s ]
INFO: [ view_parse ] --END-- [ RunTime:0.067116s ]
INFO: [ view_filter ] --START--
INFO: ContentReplace Behavior ::run [ RunTime:0.002691s ]
INFO: TokenBuild Behavior ::run [ RunTime:0.001355s ]
INFO: WriteHtmlCache Behavior ::run [ RunTime:0.000916s ]
INFO: ShowRuntime Behavior ::run [ RunTime:0.002132s ]
INFO: [ view_filter ] --END-- [ RunTime:0.007834s ]
INFO: [ view_end ] --START--
INFO: ShowPageTrace Behavior ::run [ RunTime:0.001370s ]
INFO: [ view_end ] --END-- [ RunTime:0.001723s ]

[ 2014-08-16T23:39:30+08:00 ] 127.0.0.1 /index.php/Service/ask
INFO: [ route_check ] --START--
INFO: CheckRoute Behavior ::run [ RunTime:0.003182s ]
INFO: [ route_check ] --END-- [ RunTime:0.003551s ]
INFO: [ app_begin ] --START--
INFO: ReadHtmlCache Behavior ::run [ RunTime:0.001251s ]
INFO: [ app_begin ] --END-- [ RunTime:0.001513s ]
INFO: [ view_parse ] --START--
INFO: ParseTemplate Behavior ::run [ RunTime:0.069323s ]
INFO: [ view_parse ] --END-- [ RunTime:0.069622s ]
INFO: [ view_filter ] --START--
INFO: ContentReplace Behavior ::run [ RunTime:0.003396s ]
INFO: TokenBuild Behavior ::run [ RunTime:0.001501s ]
INFO: WriteHtmlCache Behavior ::run [ RunTime:0.001690s ]
INFO: ShowRuntime Behavior ::run [ RunTime:0.002244s ]
INFO: [ view_filter ] --END-- [ RunTime:0.009662s ]
INFO: [ view_end ] --START--
INFO: ShowPageTrace Behavior ::run [ RunTime:0.001453s ]
INFO: [ view_end ] --END-- [ RunTime:0.001711s ]

[ 2014-08-16T23:39:46+08:00 ] 127.0.0.1 /index.php/Service/ask
INFO: [ route_check ] --START--
INFO: CheckRoute Behavior ::run [ RunTime:0.002742s ]
INFO: [ route_check ] --END-- [ RunTime:0.003031s ]
INFO: [ app_begin ] --START--
INFO: ReadHtmlCache Behavior ::run [ RunTime:0.001446s ]
INFO: [ app_begin ] --END-- [ RunTime:0.001721s ]
INFO: [ view_parse ] --START--
INFO: ParseTemplate Behavior ::run [ RunTime:0.060055s ]
INFO: [ view_parse ] --END-- [ RunTime:0.060373s ]
INFO: [ view_filter ] --START--
INFO: ContentReplace Behavior ::run [ RunTime:0.002250s ]
INFO: TokenBuild Behavior ::run [ RunTime:0.001436s ]
INFO: WriteHtmlCache Behavior ::run [ RunTime:0.000874s ]
INFO: ShowRuntime Behavior ::run [ RunTime:0.001800s ]
INFO: [ view_filter ] --END-- [ RunTime:0.007167s ]
INFO: [ view_end ] --START--
INFO: ShowPageTrace Behavior ::run [ RunTime:0.001403s ]
INFO: [ view_end ] --END-- [ RunTime:0.001663s ]

[ 2014-08-16T23:44:02+08:00 ] 127.0.0.1 /index.php/Service/ask
INFO: [ route_check ] --START--
INFO: CheckRoute Behavior ::run [ RunTime:0.001631s ]
INFO: [ route_check ] --END-- [ RunTime:0.001913s ]
INFO: [ app_begin ] --START--
INFO: ReadHtmlCache Behavior ::run [ RunTime:0.001449s ]
INFO: [ app_begin ] --END-- [ RunTime:0.001709s ]
INFO: [ view_parse ] --START--
INFO: ParseTemplate Behavior ::run [ RunTime:0.061829s ]
INFO: [ view_parse ] --END-- [ RunTime:0.062138s ]
INFO: [ view_filter ] --START--
INFO: ContentReplace Behavior ::run [ RunTime:0.002343s ]
INFO: TokenBuild Behavior ::run [ RunTime:0.001597s ]
INFO: WriteHtmlCache Behavior ::run [ RunTime:0.000912s ]
INFO: ShowRuntime Behavior ::run [ RunTime:0.001615s ]
INFO: [ view_filter ] --END-- [ RunTime:0.007256s ]
INFO: [ view_end ] --START--
INFO: ShowPageTrace Behavior ::run [ RunTime:0.001362s ]
INFO: [ view_end ] --END-- [ RunTime:0.001610s ]

[ 2014-08-16T23:52:17+08:00 ] 127.0.0.1 /index.php/Service/ask
INFO: [ route_check ] --START--
INFO: CheckRoute Behavior ::run [ RunTime:0.001700s ]
INFO: [ route_check ] --END-- [ RunTime:0.001995s ]
INFO: [ app_begin ] --START--
INFO: ReadHtmlCache Behavior ::run [ RunTime:0.001692s ]
INFO: [ app_begin ] --END-- [ RunTime:0.002071s ]
INFO: [ view_parse ] --START--
INFO: ParseTemplate Behavior ::run [ RunTime:0.064178s ]
INFO: [ view_parse ] --END-- [ RunTime:0.064834s ]
INFO: [ view_filter ] --START--
INFO: ContentReplace Behavior ::run [ RunTime:0.002406s ]
INFO: TokenBuild Behavior ::run [ RunTime:0.001419s ]
INFO: WriteHtmlCache Behavior ::run [ RunTime:0.000879s ]
INFO: ShowRuntime Behavior ::run [ RunTime:0.001670s ]
INFO: [ view_filter ] --END-- [ RunTime:0.007338s ]
INFO: [ view_end ] --START--
INFO: ShowPageTrace Behavior ::run [ RunTime:0.001661s ]
INFO: [ view_end ] --END-- [ RunTime:0.002014s ]

