[ 2014-08-06T22:17:09+08:00 ] 127.0.0.1 /
INFO: [ app_begin ] --START--
INFO: ReadHtmlCache Behavior ::run [ RunTime:0.001655s ]
INFO: [ app_begin ] --END-- [ RunTime:0.001978s ]
SQL: SHOW COLUMNS FROM `visa_question` [ RunTime:0.015399s ]
SQL: SELECT * FROM `visa_question`  [ RunTime:0.001864s ]
INFO: [ view_parse ] --START--
INFO: ParseTemplate Behavior ::run [ RunTime:0.022653s ]
INFO: [ view_parse ] --END-- [ RunTime:0.022991s ]
INFO: [ view_filter ] --START--
INFO: ContentReplace Behavior ::run [ RunTime:0.001126s ]
INFO: TokenBuild Behavior ::run [ RunTime:0.001157s ]
INFO: WriteHtmlCache Behavior ::run [ RunTime:0.000836s ]
INFO: ShowRuntime Behavior ::run [ RunTime:0.001291s ]
INFO: [ view_filter ] --END-- [ RunTime:0.005141s ]
INFO: [ view_end ] --START--
INFO: ShowPageTrace Behavior ::run [ RunTime:0.001511s ]
INFO: [ view_end ] --END-- [ RunTime:0.001756s ]

[ 2014-08-06T22:20:49+08:00 ] 127.0.0.1 /
INFO: [ app_begin ] --START--
INFO: ReadHtmlCache Behavior ::run [ RunTime:0.001614s ]
INFO: [ app_begin ] --END-- [ RunTime:0.002603s ]
SQL: SHOW COLUMNS FROM `visa_question` [ RunTime:0.003626s ]
SQL: SELECT * FROM `visa_question`  [ RunTime:0.004971s ]
INFO: [ view_parse ] --START--
INFO: ParseTemplate Behavior ::run [ RunTime:0.120827s ]
INFO: [ view_parse ] --END-- [ RunTime:0.121128s ]
INFO: [ view_filter ] --START--
INFO: ContentReplace Behavior ::run [ RunTime:0.006257s ]
INFO: TokenBuild Behavior ::run [ RunTime:0.054073s ]
INFO: WriteHtmlCache Behavior ::run [ RunTime:0.003700s ]
INFO: ShowRuntime Behavior ::run [ RunTime:0.001863s ]
INFO: [ view_filter ] --END-- [ RunTime:0.071189s ]
INFO: [ view_end ] --START--
INFO: ShowPageTrace Behavior ::run [ RunTime:0.001917s ]
INFO: [ view_end ] --END-- [ RunTime:0.002168s ]

[ 2014-08-06T22:21:44+08:00 ] 127.0.0.1 /
INFO: [ app_begin ] --START--
INFO: ReadHtmlCache Behavior ::run [ RunTime:0.001062s ]
INFO: [ app_begin ] --END-- [ RunTime:0.001326s ]
SQL: SHOW COLUMNS FROM `visa_question` [ RunTime:0.003466s ]
SQL: SELECT * FROM `visa_question`  [ RunTime:0.002954s ]
INFO: [ view_parse ] --START--
INFO: ParseTemplate Behavior ::run [ RunTime:0.023470s ]
INFO: [ view_parse ] --END-- [ RunTime:0.024805s ]
INFO: [ view_filter ] --START--
INFO: ContentReplace Behavior ::run [ RunTime:0.002587s ]
INFO: TokenBuild Behavior ::run [ RunTime:0.001342s ]
INFO: WriteHtmlCache Behavior ::run [ RunTime:0.000785s ]
INFO: ShowRuntime Behavior ::run [ RunTime:0.002252s ]
INFO: [ view_filter ] --END-- [ RunTime:0.007796s ]
INFO: [ view_end ] --START--
INFO: ShowPageTrace Behavior ::run [ RunTime:0.001325s ]
INFO: [ view_end ] --END-- [ RunTime:0.001614s ]

